Apr 27, 2026 8:34:57 PM dev.robocode.tankroyale.runner.BattleRunner startBattleAsync
INFO: Starting battle: rounds=200, bots=2
Apr 27, 2026 8:34:57 PM dev.robocode.tankroyale.runner.internal.ServerManager startStdoutReader$lambda$0$0$0
INFO: [SERVER] [1m[38;5;21m              ___________[0m
Apr 27, 2026 8:34:57 PM dev.robocode.tankroyale.runner.internal.ServerManager startStdoutReader$lambda$0$0$0
INFO: [SERVER] [1m[38;5;21m             /           |[0m[1m[38;5;102m[[[]========((()[0m
Apr 27, 2026 8:34:57 PM dev.robocode.tankroyale.runner.internal.ServerManager startStdoutReader$lambda$0$0$0
INFO: [SERVER] [1m[38;5;21m   _________|____________|___________[0m
Apr 27, 2026 8:34:57 PM dev.robocode.tankroyale.runner.internal.ServerManager startStdoutReader$lambda$0$0$0
INFO: [SERVER] [1m[38;5;102m _[0m[1m[38;5;21m/[0m[1m[38;5;102m_[0m[1m[38;5;21m________________________________[0m[1m[38;5;102m_[0m[1m[38;5;21m\[0m[1m[38;5;102m_[0m
Apr 27, 2026 8:34:57 PM dev.robocode.tankroyale.runner.internal.ServerManager startStdoutReader$lambda$0$0$0
INFO: [SERVER] [1m[38;5;102m/ _ ) ___  ___  ___  ___  ___  ___ / ,_|[0m
Apr 27, 2026 8:34:57 PM dev.robocode.tankroyale.runner.internal.ServerManager startStdoutReader$lambda$0$0$0
INFO: [SERVER] [1m[38;5;102m\_\_\/ _ \| __)/ _ \/ __// _ \| _ \\__|[0m
Apr 27, 2026 8:34:57 PM dev.robocode.tankroyale.runner.internal.ServerManager startStdoutReader$lambda$0$0$0
INFO: [SERVER] [1m[38;5;102m     \___/|___)\___/\___|\___/|___/[0m
Apr 27, 2026 8:34:57 PM dev.robocode.tankroyale.runner.internal.ServerManager startStdoutReader$lambda$0$0$0
INFO: [SERVER] 
Apr 27, 2026 8:34:57 PM dev.robocode.tankroyale.runner.internal.ServerManager startStdoutReader$lambda$0$0$0
INFO: [SERVER] [1m[32m          Robocode Tank Royale[0m
Apr 27, 2026 8:34:57 PM dev.robocode.tankroyale.runner.internal.ServerManager startStdoutReader$lambda$0$0$0
INFO: [SERVER] 
Apr 27, 2026 8:34:57 PM dev.robocode.tankroyale.runner.internal.ServerManager startStdoutReader$lambda$0$0$0
INFO: [SERVER] Robocode Tank Royale Server 0.38.2
Apr 27, 2026 8:34:57 PM dev.robocode.tankroyale.runner.internal.ServerManager startStdoutReader$lambda$0$0$0
INFO: [SERVER] 2026-04-27 20:34:57.840 [32m[INFO][39m Server secrets: [32mENABLED[39m (controllers=1, bots=1)
Apr 27, 2026 8:34:57 PM dev.robocode.tankroyale.runner.internal.ServerManager startStdoutReader$lambda$0$0$0
INFO: [SERVER] 2026-04-27 20:34:57.880 [32m[INFO][39m Starting server on port 62483 with supporting game type(s): classic
Apr 27, 2026 8:34:58 PM dev.robocode.tankroyale.runner.internal.ServerManager startStdoutReader$lambda$0$0$0
INFO: [SERVER] 2026-04-27 20:34:58.480 [32m[INFO][39m Observer joined: Robocode Tank Royale Battle Runner 0.38.2
Apr 27, 2026 8:34:58 PM dev.robocode.tankroyale.runner.BattleRunner startBattleAsync
INFO: Booting bots...
Apr 27, 2026 8:34:58 PM dev.robocode.tankroyale.runner.internal.ServerManager startStdoutReader$lambda$0$0$0
INFO: [SERVER] 2026-04-27 20:34:58.483 [32m[INFO][39m Controller joined: Robocode Tank Royale Battle Runner 0.38.2
Apr 27, 2026 8:34:58 PM dev.robocode.tankroyale.runner.internal.BooterManager startStdoutReader$lambda$0$0$0
INFO: [BOOTER] 7993;/Users/jacobbecker/CPS485_RoboCode/logs/_runtime_bots/20260427_164525/collect_game_states/jacob3_0_1v1_states/Jacob3_0
Apr 27, 2026 8:34:58 PM dev.robocode.tankroyale.runner.internal.BooterManager startStdoutReader$lambda$0$0$0
INFO: [BOOTER] 7994;/Users/jacobbecker/CPS485_RoboCode/logs/_runtime_bots/20260427_164525/collect_game_states/jacob3_0_1v1_states/MeleeDQN
Apr 27, 2026 8:35:01 PM dev.robocode.tankroyale.runner.internal.ServerManager startStdoutReader$lambda$0$0$0
INFO: [SERVER] 2026-04-27 20:35:01.501 [32m[INFO][39m Bot joined: MeleeDQN 1.0.0
Apr 27, 2026 8:35:01 PM dev.robocode.tankroyale.runner.internal.ServerManager startStdoutReader$lambda$0$0$0
INFO: [SERVER] 2026-04-27 20:35:01.501 [32m[INFO][39m Bot joined: Jacob3_0 1.0.0
Apr 27, 2026 8:35:01 PM dev.robocode.tankroyale.runner.BattleRunner startBattleAsync
INFO: Starting game...
Apr 27, 2026 8:35:01 PM dev.robocode.tankroyale.runner.internal.ServerManager startStdoutReader$lambda$0$0$0
INFO: [SERVER] 2026-04-27 20:35:01.522 [32m[INFO][39m Bot ready: MeleeDQN 1.0.0
Apr 27, 2026 8:35:01 PM dev.robocode.tankroyale.runner.internal.ServerManager startStdoutReader$lambda$0$0$0
INFO: [SERVER] 2026-04-27 20:35:01.522 [32m[INFO][39m Bot ready: Jacob3_0 1.0.0
Apr 27, 2026 8:35:01 PM dev.robocode.tankroyale.runner.internal.ServerManager startStdoutReader$lambda$0$0$0
INFO: [SERVER] 2026-04-27 20:35:01.523 [32m[INFO][39m Starting game
Apr 27, 2026 8:35:01 PM dev.robocode.tankroyale.runner.BattleRunner startBattleAsync
INFO: Battle started successfully
Apr 27, 2026 8:36:50 PM dev.robocode.tankroyale.runner.internal.ServerManager startStdoutReader$lambda$0$0$0
INFO: [SERVER] 2026-04-27 20:36:50.821 [32m[INFO][39m Game ended
Apr 27, 2026 8:36:50 PM dev.robocode.tankroyale.runner.BattleRunner startBattleAsync$lambda$7
INFO: Battle finished, cleaning up...
Apr 27, 2026 8:36:50 PM dev.robocode.tankroyale.runner.internal.ServerManager startStdoutReader$lambda$0$0$0
INFO: [SERVER] 2026-04-27 20:36:50.837 [32m[INFO][39m Bot left: Jacob3_0 1.0.0
Apr 27, 2026 8:36:50 PM dev.robocode.tankroyale.runner.internal.ServerManager startStdoutReader$lambda$0$0$0
INFO: [SERVER] 2026-04-27 20:36:50.837 [32m[INFO][39m Bot left: MeleeDQN 1.0.0
Apr 27, 2026 8:36:50 PM dev.robocode.tankroyale.runner.internal.ServerManager startStdoutReader$lambda$0$0$0
INFO: [SERVER] 2026-04-27 20:36:50.843 [32m[INFO][39m Observer left: Robocode Tank Royale Battle Runner 0.38.2
Apr 27, 2026 8:36:50 PM dev.robocode.tankroyale.runner.internal.ServerManager startStdoutReader$lambda$0$0$0
INFO: [SERVER] 2026-04-27 20:36:50.843 [32m[INFO][39m Controller left: Robocode Tank Royale Battle Runner 0.38.2
Apr 27, 2026 8:36:50 PM dev.robocode.tankroyale.runner.internal.ServerManager startStdoutReader$lambda$0$0$0
INFO: [SERVER] 2026-04-27 20:36:50.843 [32m[INFO][39m Aborting game
Apr 27, 2026 8:36:50 PM dev.robocode.tankroyale.runner.internal.ServerManager startStdoutReader$lambda$0$0$0
INFO: [SERVER] 2026-04-27 20:36:50.844 [32m[INFO][39m Stopping server
[royale_harness] scenario=jacob3_0_1v1_states config=/Users/jacobbecker/CPS485_RoboCode/configs/robocode/jacob3_0_1v1_states.json
{"rounds":200,"arenaWidth":800,"arenaHeight":600,"results":[{"name":"Jacob3_0","version":"1.0.0","rank":1,"totalScore":27586,"survivalScore":9550,"lastSurvivorBonus":1910,"bulletDamageScore":13288,"bulletKillBonus":2240,"ramDamageScore":496,"ramKillBonus":102,"firstPlaces":191,"secondPlaces":9,"thirdPlaces":0},{"name":"MeleeDQN","version":"1.0.0","rank":2,"totalScore":850,"survivalScore":450,"lastSurvivorBonus":90,"bulletDamageScore":156,"bulletKillBonus":0,"ramDamageScore":154,"ramKillBonus":0,"firstPlaces":9,"secondPlaces":191,"thirdPlaces":0}]}
Apr 27, 2026 8:36:53 PM dev.robocode.tankroyale.runner.BattleRunner startBattleAsync
INFO: Starting battle: rounds=200, bots=5
Apr 27, 2026 8:36:54 PM dev.robocode.tankroyale.runner.internal.ServerManager startStdoutReader$lambda$0$0$0
INFO: [SERVER] [1m[38;5;21m              ___________[0m
Apr 27, 2026 8:36:54 PM dev.robocode.tankroyale.runner.internal.ServerManager startStdoutReader$lambda$0$0$0
INFO: [SERVER] [1m[38;5;21m             /           |[0m[1m[38;5;102m[[[]========((()[0m
Apr 27, 2026 8:36:54 PM dev.robocode.tankroyale.runner.internal.ServerManager startStdoutReader$lambda$0$0$0
INFO: [SERVER] [1m[38;5;21m   _________|____________|___________[0m
Apr 27, 2026 8:36:54 PM dev.robocode.tankroyale.runner.internal.ServerManager startStdoutReader$lambda$0$0$0
INFO: [SERVER] [1m[38;5;102m _[0m[1m[38;5;21m/[0m[1m[38;5;102m_[0m[1m[38;5;21m________________________________[0m[1m[38;5;102m_[0m[1m[38;5;21m\[0m[1m[38;5;102m_[0m
Apr 27, 2026 8:36:54 PM dev.robocode.tankroyale.runner.internal.ServerManager startStdoutReader$lambda$0$0$0
INFO: [SERVER] [1m[38;5;102m/ _ ) ___  ___  ___  ___  ___  ___ / ,_|[0m
Apr 27, 2026 8:36:54 PM dev.robocode.tankroyale.runner.internal.ServerManager startStdoutReader$lambda$0$0$0
INFO: [SERVER] [1m[38;5;102m\_\_\/ _ \| __)/ _ \/ __// _ \| _ \\__|[0m
Apr 27, 2026 8:36:54 PM dev.robocode.tankroyale.runner.internal.ServerManager startStdoutReader$lambda$0$0$0
INFO: [SERVER] [1m[38;5;102m     \___/|___)\___/\___|\___/|___/[0m
Apr 27, 2026 8:36:54 PM dev.robocode.tankroyale.runner.internal.ServerManager startStdoutReader$lambda$0$0$0
INFO: [SERVER] 
Apr 27, 2026 8:36:54 PM dev.robocode.tankroyale.runner.internal.ServerManager startStdoutReader$lambda$0$0$0
INFO: [SERVER] [1m[32m          Robocode Tank Royale[0m
Apr 27, 2026 8:36:54 PM dev.robocode.tankroyale.runner.internal.ServerManager startStdoutReader$lambda$0$0$0
INFO: [SERVER] 
Apr 27, 2026 8:36:54 PM dev.robocode.tankroyale.runner.internal.ServerManager startStdoutReader$lambda$0$0$0
INFO: [SERVER] Robocode Tank Royale Server 0.38.2
Apr 27, 2026 8:36:54 PM dev.robocode.tankroyale.runner.internal.ServerManager startStdoutReader$lambda$0$0$0
INFO: [SERVER] 2026-04-27 20:36:54.156 [32m[INFO][39m Server secrets: [32mENABLED[39m (controllers=1, bots=1)
Apr 27, 2026 8:36:54 PM dev.robocode.tankroyale.runner.internal.ServerManager startStdoutReader$lambda$0$0$0
INFO: [SERVER] 2026-04-27 20:36:54.196 [32m[INFO][39m Starting server on port 62693 with supporting game type(s): classic
Apr 27, 2026 8:36:54 PM dev.robocode.tankroyale.runner.internal.ServerManager startStdoutReader$lambda$0$0$0
INFO: [SERVER] 2026-04-27 20:36:54.788 [32m[INFO][39m Observer joined: Robocode Tank Royale Battle Runner 0.38.2
Apr 27, 2026 8:36:54 PM dev.robocode.tankroyale.runner.BattleRunner startBattleAsync
INFO: Booting bots...
Apr 27, 2026 8:36:54 PM dev.robocode.tankroyale.runner.internal.ServerManager startStdoutReader$lambda$0$0$0
INFO: [SERVER] 2026-04-27 20:36:54.789 [32m[INFO][39m Controller joined: Robocode Tank Royale Battle Runner 0.38.2
Apr 27, 2026 8:36:55 PM dev.robocode.tankroyale.runner.internal.BooterManager startStdoutReader$lambda$0$0$0
INFO: [BOOTER] 7999;/Users/jacobbecker/CPS485_RoboCode/logs/_runtime_bots/20260427_164525/collect_game_states/jacob3_0_melee_states/Jacob3_0
Apr 27, 2026 8:36:55 PM dev.robocode.tankroyale.runner.internal.BooterManager startStdoutReader$lambda$0$0$0
INFO: [BOOTER] 8000;/Users/jacobbecker/CPS485_RoboCode/logs/_runtime_bots/20260427_164525/collect_game_states/jacob3_0_melee_states/MeleeDQN
Apr 27, 2026 8:36:55 PM dev.robocode.tankroyale.runner.internal.BooterManager startStdoutReader$lambda$0$0$0
INFO: [BOOTER] 8001;/Users/jacobbecker/CPS485_RoboCode/logs/_runtime_bots/20260427_164525/collect_game_states/jacob3_0_melee_states/PPOBot
Apr 27, 2026 8:36:55 PM dev.robocode.tankroyale.runner.internal.BooterManager startStdoutReader$lambda$0$0$0
INFO: [BOOTER] 8002;/Users/jacobbecker/CPS485_RoboCode/logs/_runtime_bots/20260427_164525/collect_game_states/jacob3_0_melee_states/SarsaBot
Apr 27, 2026 8:36:55 PM dev.robocode.tankroyale.runner.internal.BooterManager startStdoutReader$lambda$0$0$0
INFO: [BOOTER] 8003;/Users/jacobbecker/CPS485_RoboCode/logs/_runtime_bots/20260427_164525/collect_game_states/jacob3_0_melee_states/NeuroEvoMelee
Apr 27, 2026 8:36:56 PM dev.robocode.tankroyale.runner.internal.ServerManager startStdoutReader$lambda$0$0$0
INFO: [SERVER] 2026-04-27 20:36:56.378 [32m[INFO][39m Bot joined: SarsaBot 1.0
Apr 27, 2026 8:36:56 PM dev.robocode.tankroyale.runner.internal.BooterManager startStdoutReader$lambda$0$0$0
INFO: [BOOTER] ERROR: Bot directory: /Users/jacobbecker/CPS485_RoboCode/logs/_runtime_bots/20260427_164525/collect_game_states/jacob3_0_melee_states/NeuroEvoMelee
Apr 27, 2026 8:36:56 PM dev.robocode.tankroyale.runner.internal.BooterManager startStdoutReader$lambda$0$0$0
INFO: [BOOTER] <frozen runpy>:128: RuntimeWarning: 'NeuroEvoMelee.runtime.neuroevo_melee_bot' found in sys.modules after import of package 'NeuroEvoMelee.runtime', but prior to execution of 'NeuroEvoMelee.runtime.neuroevo_melee_bot'; this may result in unpredictable behaviour
Apr 27, 2026 8:36:56 PM dev.robocode.tankroyale.runner.internal.ServerManager startStdoutReader$lambda$0$0$0
INFO: [SERVER] 2026-04-27 20:36:56.451 [32m[INFO][39m Bot joined: NeuroEvoMelee 0.1.0
Apr 27, 2026 8:36:58 PM dev.robocode.tankroyale.runner.internal.ServerManager startStdoutReader$lambda$0$0$0
INFO: [SERVER] 2026-04-27 20:36:58.034 [32m[INFO][39m Bot joined: Jacob3_0 1.0.0
Apr 27, 2026 8:36:58 PM dev.robocode.tankroyale.runner.internal.ServerManager startStdoutReader$lambda$0$0$0
INFO: [SERVER] 2026-04-27 20:36:58.296 [32m[INFO][39m Bot joined: MeleeDQN 1.0.0
Apr 27, 2026 8:36:58 PM dev.robocode.tankroyale.runner.internal.ServerManager startStdoutReader$lambda$0$0$0
INFO: [SERVER] 2026-04-27 20:36:58.328 [32m[INFO][39m Bot joined: PPOBot 1.0
Apr 27, 2026 8:36:58 PM dev.robocode.tankroyale.runner.BattleRunner startBattleAsync
INFO: Starting game...
Apr 27, 2026 8:36:58 PM dev.robocode.tankroyale.runner.internal.ServerManager startStdoutReader$lambda$0$0$0
INFO: [SERVER] 2026-04-27 20:36:58.346 [32m[INFO][39m Bot ready: SarsaBot 1.0
Apr 27, 2026 8:36:58 PM dev.robocode.tankroyale.runner.internal.ServerManager startStdoutReader$lambda$0$0$0
INFO: [SERVER] 2026-04-27 20:36:58.346 [32m[INFO][39m Bot ready: NeuroEvoMelee 0.1.0
Apr 27, 2026 8:36:58 PM dev.robocode.tankroyale.runner.internal.ServerManager startStdoutReader$lambda$0$0$0
INFO: [SERVER] 2026-04-27 20:36:58.346 [32m[INFO][39m Bot ready: Jacob3_0 1.0.0
Apr 27, 2026 8:36:58 PM dev.robocode.tankroyale.runner.internal.ServerManager startStdoutReader$lambda$0$0$0
INFO: [SERVER] 2026-04-27 20:36:58.347 [32m[INFO][39m Bot ready: PPOBot 1.0
Apr 27, 2026 8:36:58 PM dev.robocode.tankroyale.runner.internal.ServerManager startStdoutReader$lambda$0$0$0
INFO: [SERVER] 2026-04-27 20:36:58.347 [32m[INFO][39m Bot ready: MeleeDQN 1.0.0
Apr 27, 2026 8:36:58 PM dev.robocode.tankroyale.runner.internal.ServerManager startStdoutReader$lambda$0$0$0
INFO: [SERVER] 2026-04-27 20:36:58.349 [32m[INFO][39m Starting game
Apr 27, 2026 8:36:58 PM dev.robocode.tankroyale.runner.BattleRunner startBattleAsync
INFO: Battle started successfully
Apr 27, 2026 8:36:58 PM dev.robocode.tankroyale.runner.internal.BooterManager startStdoutReader$lambda$0$0$0
INFO: [BOOTER] ERROR: Bot directory: /Users/jacobbecker/CPS485_RoboCode/logs/_runtime_bots/20260427_164525/collect_game_states/jacob3_0_melee_states/NeuroEvoMelee
Apr 27, 2026 8:36:58 PM dev.robocode.tankroyale.runner.internal.BooterManager startStdoutReader$lambda$0$0$0
INFO: [BOOTER] Traceback (most recent call last):
Apr 27, 2026 8:36:58 PM dev.robocode.tankroyale.runner.internal.BooterManager startStdoutReader$lambda$0$0$0
INFO: [BOOTER] ERROR: Bot directory: /Users/jacobbecker/CPS485_RoboCode/logs/_runtime_bots/20260427_164525/collect_game_states/jacob3_0_melee_states/NeuroEvoMelee
Apr 27, 2026 8:36:58 PM dev.robocode.tankroyale.runner.internal.BooterManager startStdoutReader$lambda$0$0$0
INFO: [BOOTER]   File "/Library/Frameworks/Python.framework/Versions/3.12/lib/python3.12/site-packages/robocode_tank_royale/bot_api/internal/websocket_handler.py", line 118, in receive_messages
Apr 27, 2026 8:36:58 PM dev.robocode.tankroyale.runner.internal.BooterManager startStdoutReader$lambda$0$0$0
INFO: [BOOTER] ERROR: Bot directory: /Users/jacobbecker/CPS485_RoboCode/logs/_runtime_bots/20260427_164525/collect_game_states/jacob3_0_melee_states/NeuroEvoMelee
Apr 27, 2026 8:36:58 PM dev.robocode.tankroyale.runner.internal.BooterManager startStdoutReader$lambda$0$0$0
INFO: [BOOTER]     await self.process_message(message)
Apr 27, 2026 8:36:58 PM dev.robocode.tankroyale.runner.internal.BooterManager startStdoutReader$lambda$0$0$0
INFO: [BOOTER] ERROR: Bot directory: /Users/jacobbecker/CPS485_RoboCode/logs/_runtime_bots/20260427_164525/collect_game_states/jacob3_0_melee_states/NeuroEvoMelee
Apr 27, 2026 8:36:58 PM dev.robocode.tankroyale.runner.internal.BooterManager startStdoutReader$lambda$0$0$0
INFO: [BOOTER]   File "/Library/Frameworks/Python.framework/Versions/3.12/lib/python3.12/site-packages/robocode_tank_royale/bot_api/internal/websocket_handler.py", line 136, in process_message
Apr 27, 2026 8:36:58 PM dev.robocode.tankroyale.runner.internal.BooterManager startStdoutReader$lambda$0$0$0
INFO: [BOOTER] ERROR: Bot directory: /Users/jacobbecker/CPS485_RoboCode/logs/_runtime_bots/20260427_164525/collect_game_states/jacob3_0_melee_states/NeuroEvoMelee
Apr 27, 2026 8:36:58 PM dev.robocode.tankroyale.runner.internal.BooterManager startStdoutReader$lambda$0$0$0
INFO: [BOOTER]     await self.handle_round_started(json_msg)
Apr 27, 2026 8:36:58 PM dev.robocode.tankroyale.runner.internal.BooterManager startStdoutReader$lambda$0$0$0
INFO: [BOOTER] ERROR: Bot directory: /Users/jacobbecker/CPS485_RoboCode/logs/_runtime_bots/20260427_164525/collect_game_states/jacob3_0_melee_states/NeuroEvoMelee
Apr 27, 2026 8:36:58 PM dev.robocode.tankroyale.runner.internal.BooterManager startStdoutReader$lambda$0$0$0
INFO: [BOOTER]   File "/Library/Frameworks/Python.framework/Versions/3.12/lib/python3.12/site-packages/robocode_tank_royale/bot_api/internal/websocket_handler.py", line 193, in handle_round_started
Apr 27, 2026 8:36:58 PM dev.robocode.tankroyale.runner.internal.BooterManager startStdoutReader$lambda$0$0$0
INFO: [BOOTER] ERROR: Bot directory: /Users/jacobbecker/CPS485_RoboCode/logs/_runtime_bots/20260427_164525/collect_game_states/jacob3_0_melee_states/NeuroEvoMelee
Apr 27, 2026 8:36:58 PM dev.robocode.tankroyale.runner.internal.BooterManager startStdoutReader$lambda$0$0$0
INFO: [BOOTER]     self.bot_event_handlers.on_round_started.publish(round_started_event)
Apr 27, 2026 8:36:58 PM dev.robocode.tankroyale.runner.internal.BooterManager startStdoutReader$lambda$0$0$0
INFO: [BOOTER] ERROR: Bot directory: /Users/jacobbecker/CPS485_RoboCode/logs/_runtime_bots/20260427_164525/collect_game_states/jacob3_0_melee_states/NeuroEvoMelee
Apr 27, 2026 8:36:58 PM dev.robocode.tankroyale.runner.internal.BooterManager startStdoutReader$lambda$0$0$0
INFO: [BOOTER]   File "/Library/Frameworks/Python.framework/Versions/3.12/lib/python3.12/site-packages/robocode_tank_royale/bot_api/internal/event_handler.py", line 110, in publish
Apr 27, 2026 8:36:58 PM dev.robocode.tankroyale.runner.internal.BooterManager startStdoutReader$lambda$0$0$0
INFO: [BOOTER] ERROR: Bot directory: /Users/jacobbecker/CPS485_RoboCode/logs/_runtime_bots/20260427_164525/collect_game_states/jacob3_0_melee_states/NeuroEvoMelee
Apr 27, 2026 8:36:58 PM dev.robocode.tankroyale.runner.internal.BooterManager startStdoutReader$lambda$0$0$0
INFO: [BOOTER]     entry.subscriber(event_data)
Apr 27, 2026 8:36:58 PM dev.robocode.tankroyale.runner.internal.BooterManager startStdoutReader$lambda$0$0$0
INFO: [BOOTER] ERROR: Bot directory: /Users/jacobbecker/CPS485_RoboCode/logs/_runtime_bots/20260427_164525/collect_game_states/jacob3_0_melee_states/NeuroEvoMelee
Apr 27, 2026 8:36:58 PM dev.robocode.tankroyale.runner.internal.BooterManager startStdoutReader$lambda$0$0$0
INFO: [BOOTER]   File "/Users/jacobbecker/CPS485_RoboCode/NeuroEvoMelee/runtime/neuroevo_melee_bot.py", line 69, in on_round_started
Apr 27, 2026 8:36:58 PM dev.robocode.tankroyale.runner.internal.BooterManager startStdoutReader$lambda$0$0$0
INFO: [BOOTER] ERROR: Bot directory: /Users/jacobbecker/CPS485_RoboCode/logs/_runtime_bots/20260427_164525/collect_game_states/jacob3_0_melee_states/NeuroEvoMelee
Apr 27, 2026 8:36:58 PM dev.robocode.tankroyale.runner.internal.BooterManager startStdoutReader$lambda$0$0$0
INFO: [BOOTER]     self.last_energy = float(self.energy)
Apr 27, 2026 8:36:58 PM dev.robocode.tankroyale.runner.internal.BooterManager startStdoutReader$lambda$0$0$0
INFO: [BOOTER] ERROR: Bot directory: /Users/jacobbecker/CPS485_RoboCode/logs/_runtime_bots/20260427_164525/collect_game_states/jacob3_0_melee_states/NeuroEvoMelee
Apr 27, 2026 8:36:58 PM dev.robocode.tankroyale.runner.internal.BooterManager startStdoutReader$lambda$0$0$0
INFO: [BOOTER]                              ^^^^^^^^^^^
Apr 27, 2026 8:36:58 PM dev.robocode.tankroyale.runner.internal.BooterManager startStdoutReader$lambda$0$0$0
INFO: [BOOTER] ERROR: Bot directory: /Users/jacobbecker/CPS485_RoboCode/logs/_runtime_bots/20260427_164525/collect_game_states/jacob3_0_melee_states/NeuroEvoMelee
Apr 27, 2026 8:36:58 PM dev.robocode.tankroyale.runner.internal.BooterManager startStdoutReader$lambda$0$0$0
INFO: [BOOTER]   File "/Library/Frameworks/Python.framework/Versions/3.12/lib/python3.12/site-packages/robocode_tank_royale/bot_api/base_bot.py", line 252, in energy
Apr 27, 2026 8:36:58 PM dev.robocode.tankroyale.runner.internal.BooterManager startStdoutReader$lambda$0$0$0
INFO: [BOOTER] ERROR: Bot directory: /Users/jacobbecker/CPS485_RoboCode/logs/_runtime_bots/20260427_164525/collect_game_states/jacob3_0_melee_states/NeuroEvoMelee
Apr 27, 2026 8:36:58 PM dev.robocode.tankroyale.runner.internal.BooterManager startStdoutReader$lambda$0$0$0
INFO: [BOOTER]     bot_state = self._internals.get_current_tick_or_throw().bot_state
Apr 27, 2026 8:36:58 PM dev.robocode.tankroyale.runner.internal.BooterManager startStdoutReader$lambda$0$0$0
INFO: [BOOTER] ERROR: Bot directory: /Users/jacobbecker/CPS485_RoboCode/logs/_runtime_bots/20260427_164525/collect_game_states/jacob3_0_melee_states/NeuroEvoMelee
Apr 27, 2026 8:36:58 PM dev.robocode.tankroyale.runner.internal.BooterManager startStdoutReader$lambda$0$0$0
INFO: [BOOTER]                 ^^^^^^^^^^^^^^^^^^^^^^^^^^^^^^^^^^^^^^^^^^^
Apr 27, 2026 8:36:58 PM dev.robocode.tankroyale.runner.internal.BooterManager startStdoutReader$lambda$0$0$0
INFO: [BOOTER] ERROR: Bot directory: /Users/jacobbecker/CPS485_RoboCode/logs/_runtime_bots/20260427_164525/collect_game_states/jacob3_0_melee_states/NeuroEvoMelee
Apr 27, 2026 8:36:58 PM dev.robocode.tankroyale.runner.internal.BooterManager startStdoutReader$lambda$0$0$0
INFO: [BOOTER]   File "/Library/Frameworks/Python.framework/Versions/3.12/lib/python3.12/site-packages/robocode_tank_royale/bot_api/internal/base_bot_internals.py", line 209, in get_current_tick_or_throw
Apr 27, 2026 8:36:58 PM dev.robocode.tankroyale.runner.internal.BooterManager startStdoutReader$lambda$0$0$0
INFO: [BOOTER] ERROR: Bot directory: /Users/jacobbecker/CPS485_RoboCode/logs/_runtime_bots/20260427_164525/collect_game_states/jacob3_0_melee_states/NeuroEvoMelee
Apr 27, 2026 8:36:58 PM dev.robocode.tankroyale.runner.internal.BooterManager startStdoutReader$lambda$0$0$0
INFO: [BOOTER]     return self.data.current_tick_or_throw
Apr 27, 2026 8:36:58 PM dev.robocode.tankroyale.runner.internal.BooterManager startStdoutReader$lambda$0$0$0
INFO: [BOOTER] ERROR: Bot directory: /Users/jacobbecker/CPS485_RoboCode/logs/_runtime_bots/20260427_164525/collect_game_states/jacob3_0_melee_states/NeuroEvoMelee
Apr 27, 2026 8:36:58 PM dev.robocode.tankroyale.runner.internal.BooterManager startStdoutReader$lambda$0$0$0
INFO: [BOOTER]            ^^^^^^^^^^^^^^^^^^^^^^^^^^^^^^^
Apr 27, 2026 8:36:58 PM dev.robocode.tankroyale.runner.internal.BooterManager startStdoutReader$lambda$0$0$0
INFO: [BOOTER] ERROR: Bot directory: /Users/jacobbecker/CPS485_RoboCode/logs/_runtime_bots/20260427_164525/collect_game_states/jacob3_0_melee_states/NeuroEvoMelee
Apr 27, 2026 8:36:58 PM dev.robocode.tankroyale.runner.internal.BooterManager startStdoutReader$lambda$0$0$0
INFO: [BOOTER]   File "/Library/Frameworks/Python.framework/Versions/3.12/lib/python3.12/site-packages/robocode_tank_royale/bot_api/internal/base_bot_internal_data.py", line 95, in current_tick_or_throw
Apr 27, 2026 8:36:58 PM dev.robocode.tankroyale.runner.internal.BooterManager startStdoutReader$lambda$0$0$0
INFO: [BOOTER] ERROR: Bot directory: /Users/jacobbecker/CPS485_RoboCode/logs/_runtime_bots/20260427_164525/collect_game_states/jacob3_0_melee_states/NeuroEvoMelee
Apr 27, 2026 8:36:58 PM dev.robocode.tankroyale.runner.internal.BooterManager startStdoutReader$lambda$0$0$0
INFO: [BOOTER]     raise BotException(TICK_NOT_AVAILABLE_MSG)
Apr 27, 2026 8:36:58 PM dev.robocode.tankroyale.runner.internal.BooterManager startStdoutReader$lambda$0$0$0
INFO: [BOOTER] ERROR: Bot directory: /Users/jacobbecker/CPS485_RoboCode/logs/_runtime_bots/20260427_164525/collect_game_states/jacob3_0_melee_states/NeuroEvoMelee
Apr 27, 2026 8:36:58 PM dev.robocode.tankroyale.runner.internal.BooterManager startStdoutReader$lambda$0$0$0
INFO: [BOOTER] robocode_tank_royale.bot_api.bot_exception.BotException: Tick event is not available
Apr 27, 2026 8:36:58 PM dev.robocode.tankroyale.runner.internal.ServerManager startStdoutReader$lambda$0$0$0
INFO: [SERVER] 2026-04-27 20:36:58.423 [32m[INFO][39m Bot left: NeuroEvoMelee 0.1.0
Apr 27, 2026 8:43:43 PM dev.robocode.tankroyale.runner.internal.ServerManager startStdoutReader$lambda$0$0$0
INFO: [SERVER] 2026-04-27 20:43:43.717 [32m[INFO][39m Game ended
Apr 27, 2026 8:43:43 PM dev.robocode.tankroyale.runner.BattleRunner startBattleAsync$lambda$7
INFO: Battle finished, cleaning up...
Apr 27, 2026 8:43:43 PM dev.robocode.tankroyale.runner.internal.BooterManager startStdoutReader$lambda$0$0$0
INFO: [BOOTER] stopped 8003
Apr 27, 2026 8:43:43 PM dev.robocode.tankroyale.runner.internal.ServerManager startStdoutReader$lambda$0$0$0
INFO: [SERVER] 2026-04-27 20:43:43.730 [32m[INFO][39m Bot left: SarsaBot 1.0
Apr 27, 2026 8:43:43 PM dev.robocode.tankroyale.runner.internal.BooterManager startStdoutReader$lambda$0$0$0
INFO: [BOOTER] stopped 8002
Apr 27, 2026 8:43:43 PM dev.robocode.tankroyale.runner.internal.BooterManager startStdoutReader$lambda$0$0$0
INFO: [BOOTER] stopped 8000
Apr 27, 2026 8:43:43 PM dev.robocode.tankroyale.runner.internal.ServerManager startStdoutReader$lambda$0$0$0
INFO: [SERVER] 2026-04-27 20:43:43.733 [32m[INFO][39m Bot left: MeleeDQN 1.0.0
Apr 27, 2026 8:43:43 PM dev.robocode.tankroyale.runner.internal.BooterManager startStdoutReader$lambda$0$0$0
INFO: [BOOTER] stopped 8000
Apr 27, 2026 8:43:43 PM dev.robocode.tankroyale.runner.internal.ServerManager startStdoutReader$lambda$0$0$0
INFO: [SERVER] 2026-04-27 20:43:43.734 [32m[INFO][39m Bot left: Jacob3_0 1.0.0
Apr 27, 2026 8:43:43 PM dev.robocode.tankroyale.runner.internal.BooterManager startStdoutReader$lambda$0$0$0
INFO: [BOOTER] stopped 7999
Apr 27, 2026 8:43:43 PM dev.robocode.tankroyale.runner.internal.BooterManager startStdoutReader$lambda$0$0$0
INFO: [BOOTER] stopped 7999
Apr 27, 2026 8:43:43 PM dev.robocode.tankroyale.runner.internal.ServerManager startStdoutReader$lambda$0$0$0
INFO: [SERVER] 2026-04-27 20:43:43.736 [32m[INFO][39m Bot left: PPOBot 1.0
Apr 27, 2026 8:43:43 PM dev.robocode.tankroyale.runner.internal.ServerManager startStdoutReader$lambda$0$0$0
INFO: [SERVER] 2026-04-27 20:43:43.746 [32m[INFO][39m Observer left: Robocode Tank Royale Battle Runner 0.38.2
Apr 27, 2026 8:43:43 PM dev.robocode.tankroyale.runner.internal.ServerManager startStdoutReader$lambda$0$0$0
INFO: [SERVER] 2026-04-27 20:43:43.747 [32m[INFO][39m Controller left: Robocode Tank Royale Battle Runner 0.38.2
Apr 27, 2026 8:43:43 PM dev.robocode.tankroyale.runner.internal.ServerManager startStdoutReader$lambda$0$0$0
INFO: [SERVER] 2026-04-27 20:43:43.747 [32m[INFO][39m Stopping server
Apr 27, 2026 8:43:43 PM dev.robocode.tankroyale.runner.internal.ServerManager startStdoutReader$lambda$0$0$0
INFO: [SERVER] 2026-04-27 20:43:43.747 [32m[INFO][39m Aborting game
[royale_harness] scenario=jacob3_0_melee_states config=/Users/jacobbecker/CPS485_RoboCode/configs/robocode/jacob3_0_melee_states.json
{"rounds":200,"arenaWidth":800,"arenaHeight":600,"results":[{"name":"Jacob3_0","version":"1.0.0","rank":1,"totalScore":80424,"survivalScore":31250,"lastSurvivorBonus":4520,"bulletDamageScore":38186,"bulletKillBonus":4684,"ramDamageScore":1733,"ramKillBonus":50,"firstPlaces":116,"secondPlaces":45,"thirdPlaces":23},{"name":"SarsaBot","version":"1.0","rank":2,"totalScore":65021,"survivalScore":27300,"lastSurvivorBonus":2600,"bulletDamageScore":31226,"bulletKillBonus":2995,"ramDamageScore":853,"ramKillBonus":46,"firstPlaces":56,"secondPlaces":93,"thirdPlaces":29},{"name":"PPOBot","version":"1.0","rank":3,"totalScore":45075,"survivalScore":17250,"lastSurvivorBonus":680,"bulletDamageScore":23468,"bulletKillBonus":2328,"ramDamageScore":1268,"ramKillBonus":80,"firstPlaces":28,"secondPlaces":54,"thirdPlaces":59},{"name":"MeleeDQN","version":"1.0.0","rank":4,"totalScore":19432,"survivalScore":17700,"lastSurvivorBonus":160,"bulletDamageScore":828,"bulletKillBonus":16,"ramDamageScore":725,"ramKillBonus":3,"firstPlaces":0,"secondPlaces":5,"thirdPlaces":74},{"name":"NeuroEvoMelee","version":"0.1.0","rank":5,"totalScore":6540,"survivalScore":6500,"lastSurvivorBonus":40,"bulletDamageScore":0,"bulletKillBonus":0,"ramDamageScore":0,"ramKillBonus":0,"firstPlaces":0,"secondPlaces":3,"thirdPlaces":15}]}
Apr 27, 2026 8:43:46 PM dev.robocode.tankroyale.runner.BattleRunner startBattleAsync
INFO: Starting battle: rounds=200, bots=2
Apr 27, 2026 8:43:47 PM dev.robocode.tankroyale.runner.internal.ServerManager startStdoutReader$lambda$0$0$0
INFO: [SERVER] [1m[38;5;21m              ___________[0m
Apr 27, 2026 8:43:47 PM dev.robocode.tankroyale.runner.internal.ServerManager startStdoutReader$lambda$0$0$0
INFO: [SERVER] [1m[38;5;21m             /           |[0m[1m[38;5;102m[[[]========((()[0m
Apr 27, 2026 8:43:47 PM dev.robocode.tankroyale.runner.internal.ServerManager startStdoutReader$lambda$0$0$0
INFO: [SERVER] [1m[38;5;21m   _________|____________|___________[0m
Apr 27, 2026 8:43:47 PM dev.robocode.tankroyale.runner.internal.ServerManager startStdoutReader$lambda$0$0$0
INFO: [SERVER] [1m[38;5;102m _[0m[1m[38;5;21m/[0m[1m[38;5;102m_[0m[1m[38;5;21m________________________________[0m[1m[38;5;102m_[0m[1m[38;5;21m\[0m[1m[38;5;102m_[0m
Apr 27, 2026 8:43:47 PM dev.robocode.tankroyale.runner.internal.ServerManager startStdoutReader$lambda$0$0$0
INFO: [SERVER] [1m[38;5;102m/ _ ) ___  ___  ___  ___  ___  ___ / ,_|[0m
Apr 27, 2026 8:43:47 PM dev.robocode.tankroyale.runner.internal.ServerManager startStdoutReader$lambda$0$0$0
INFO: [SERVER] [1m[38;5;102m\_\_\/ _ \| __)/ _ \/ __// _ \| _ \\__|[0m
Apr 27, 2026 8:43:47 PM dev.robocode.tankroyale.runner.internal.ServerManager startStdoutReader$lambda$0$0$0
INFO: [SERVER] [1m[38;5;102m     \___/|___)\___/\___|\___/|___/[0m
Apr 27, 2026 8:43:47 PM dev.robocode.tankroyale.runner.internal.ServerManager startStdoutReader$lambda$0$0$0
INFO: [SERVER] 
Apr 27, 2026 8:43:47 PM dev.robocode.tankroyale.runner.internal.ServerManager startStdoutReader$lambda$0$0$0
INFO: [SERVER] [1m[32m          Robocode Tank Royale[0m
Apr 27, 2026 8:43:47 PM dev.robocode.tankroyale.runner.internal.ServerManager startStdoutReader$lambda$0$0$0
INFO: [SERVER] 
Apr 27, 2026 8:43:47 PM dev.robocode.tankroyale.runner.internal.ServerManager startStdoutReader$lambda$0$0$0
INFO: [SERVER] Robocode Tank Royale Server 0.38.2
Apr 27, 2026 8:43:47 PM dev.robocode.tankroyale.runner.internal.ServerManager startStdoutReader$lambda$0$0$0
INFO: [SERVER] 2026-04-27 20:43:47.398 [32m[INFO][39m Server secrets: [32mENABLED[39m (controllers=1, bots=1)
Apr 27, 2026 8:43:47 PM dev.robocode.tankroyale.runner.internal.ServerManager startStdoutReader$lambda$0$0$0
INFO: [SERVER] 2026-04-27 20:43:47.436 [32m[INFO][39m Starting server on port 62906 with supporting game type(s): classic
Apr 27, 2026 8:43:48 PM dev.robocode.tankroyale.runner.BattleRunner startBattleAsync
INFO: Booting bots...
Apr 27, 2026 8:43:48 PM dev.robocode.tankroyale.runner.internal.ServerManager startStdoutReader$lambda$0$0$0
INFO: [SERVER] 2026-04-27 20:43:48.027 [32m[INFO][39m Observer joined: Robocode Tank Royale Battle Runner 0.38.2
Apr 27, 2026 8:43:48 PM dev.robocode.tankroyale.runner.internal.ServerManager startStdoutReader$lambda$0$0$0
INFO: [SERVER] 2026-04-27 20:43:48.029 [32m[INFO][39m Controller joined: Robocode Tank Royale Battle Runner 0.38.2
Apr 27, 2026 8:43:48 PM dev.robocode.tankroyale.runner.internal.BooterManager startStdoutReader$lambda$0$0$0
INFO: [BOOTER] 8015;/Users/jacobbecker/CPS485_RoboCode/logs/_runtime_bots/20260427_164525/collect_game_states/melee_dqn_1v1_states/MeleeDQN
Apr 27, 2026 8:43:48 PM dev.robocode.tankroyale.runner.internal.BooterManager startStdoutReader$lambda$0$0$0
INFO: [BOOTER] 8016;/Users/jacobbecker/CPS485_RoboCode/logs/_runtime_bots/20260427_164525/collect_game_states/melee_dqn_1v1_states/Jacob3_0
Apr 27, 2026 8:43:51 PM dev.robocode.tankroyale.runner.internal.ServerManager startStdoutReader$lambda$0$0$0
INFO: [SERVER] 2026-04-27 20:43:51.095 [32m[INFO][39m Bot joined: Jacob3_0 1.0.0
Apr 27, 2026 8:43:51 PM dev.robocode.tankroyale.runner.internal.ServerManager startStdoutReader$lambda$0$0$0
INFO: [SERVER] 2026-04-27 20:43:51.095 [32m[INFO][39m Bot joined: MeleeDQN 1.0.0
Apr 27, 2026 8:43:51 PM dev.robocode.tankroyale.runner.BattleRunner startBattleAsync
INFO: Starting game...
Apr 27, 2026 8:43:51 PM dev.robocode.tankroyale.runner.internal.ServerManager startStdoutReader$lambda$0$0$0
INFO: [SERVER] 2026-04-27 20:43:51.115 [32m[INFO][39m Bot ready: Jacob3_0 1.0.0
Apr 27, 2026 8:43:51 PM dev.robocode.tankroyale.runner.internal.ServerManager startStdoutReader$lambda$0$0$0
INFO: [SERVER] 2026-04-27 20:43:51.116 [32m[INFO][39m Bot ready: MeleeDQN 1.0.0
Apr 27, 2026 8:43:51 PM dev.robocode.tankroyale.runner.internal.ServerManager startStdoutReader$lambda$0$0$0
INFO: [SERVER] 2026-04-27 20:43:51.117 [32m[INFO][39m Starting game
Apr 27, 2026 8:43:51 PM dev.robocode.tankroyale.runner.BattleRunner startBattleAsync
INFO: Battle started successfully
Apr 27, 2026 9:01:04 PM dev.robocode.tankroyale.runner.internal.ServerManager startStdoutReader$lambda$0$0$0
INFO: [SERVER] 2026-04-27 21:01:04.182 [32m[INFO][39m Game ended
Apr 27, 2026 9:01:04 PM dev.robocode.tankroyale.runner.BattleRunner startBattleAsync$lambda$7
INFO: Battle finished, cleaning up...
Apr 27, 2026 9:01:04 PM dev.robocode.tankroyale.runner.internal.ServerManager startStdoutReader$lambda$0$0$0
INFO: [SERVER] 2026-04-27 21:01:04.197 [32m[INFO][39m Bot left: Jacob3_0 1.0.0
Apr 27, 2026 9:01:04 PM dev.robocode.tankroyale.runner.internal.ServerManager startStdoutReader$lambda$0$0$0
INFO: [SERVER] 2026-04-27 21:01:04.198 [32m[INFO][39m Bot left: MeleeDQN 1.0.0
Apr 27, 2026 9:01:04 PM dev.robocode.tankroyale.runner.internal.ServerManager startStdoutReader$lambda$0$0$0
INFO: [SERVER] 2026-04-27 21:01:04.204 [32m[INFO][39m Observer left: Robocode Tank Royale Battle Runner 0.38.2
Apr 27, 2026 9:01:04 PM dev.robocode.tankroyale.runner.internal.ServerManager startStdoutReader$lambda$0$0$0
INFO: [SERVER] 2026-04-27 21:01:04.205 [32m[INFO][39m Controller left: Robocode Tank Royale Battle Runner 0.38.2
Apr 27, 2026 9:01:04 PM dev.robocode.tankroyale.runner.internal.ServerManager startStdoutReader$lambda$0$0$0
INFO: [SERVER] 2026-04-27 21:01:04.205 [32m[INFO][39m Aborting game
Apr 27, 2026 9:01:04 PM dev.robocode.tankroyale.runner.internal.ServerManager startStdoutReader$lambda$0$0$0
INFO: [SERVER] 2026-04-27 21:01:04.206 [32m[INFO][39m Stopping server
[royale_harness] scenario=melee_dqn_1v1_states config=/Users/jacobbecker/CPS485_RoboCode/configs/robocode/melee_dqn_1v1_states.json
{"rounds":200,"arenaWidth":800,"arenaHeight":600,"results":[{"name":"Jacob3_0","version":"1.0.0","rank":1,"totalScore":28545,"survivalScore":9600,"lastSurvivorBonus":1940,"bulletDamageScore":14292,"bulletKillBonus":2415,"ramDamageScore":281,"ramKillBonus":17,"firstPlaces":193,"secondPlaces":7,"thirdPlaces":0},{"name":"MeleeDQN","version":"1.0.0","rank":2,"totalScore":798,"survivalScore":350,"lastSurvivorBonus":90,"bulletDamageScore":210,"bulletKillBonus":0,"ramDamageScore":148,"ramKillBonus":0,"firstPlaces":7,"secondPlaces":193,"thirdPlaces":0}]}
Apr 27, 2026 9:01:06 PM dev.robocode.tankroyale.runner.BattleRunner startBattleAsync
INFO: Starting battle: rounds=200, bots=5
Apr 27, 2026 9:01:06 PM dev.robocode.tankroyale.runner.internal.ServerManager startStdoutReader$lambda$0$0$0
INFO: [SERVER] [1m[38;5;21m              ___________[0m
Apr 27, 2026 9:01:06 PM dev.robocode.tankroyale.runner.internal.ServerManager startStdoutReader$lambda$0$0$0
INFO: [SERVER] [1m[38;5;21m             /           |[0m[1m[38;5;102m[[[]========((()[0m
Apr 27, 2026 9:01:06 PM dev.robocode.tankroyale.runner.internal.ServerManager startStdoutReader$lambda$0$0$0
INFO: [SERVER] [1m[38;5;21m   _________|____________|___________[0m
Apr 27, 2026 9:01:06 PM dev.robocode.tankroyale.runner.internal.ServerManager startStdoutReader$lambda$0$0$0
INFO: [SERVER] [1m[38;5;102m _[0m[1m[38;5;21m/[0m[1m[38;5;102m_[0m[1m[38;5;21m________________________________[0m[1m[38;5;102m_[0m[1m[38;5;21m\[0m[1m[38;5;102m_[0m
Apr 27, 2026 9:01:06 PM dev.robocode.tankroyale.runner.internal.ServerManager startStdoutReader$lambda$0$0$0
INFO: [SERVER] [1m[38;5;102m/ _ ) ___  ___  ___  ___  ___  ___ / ,_|[0m
Apr 27, 2026 9:01:06 PM dev.robocode.tankroyale.runner.internal.ServerManager startStdoutReader$lambda$0$0$0
INFO: [SERVER] [1m[38;5;102m\_\_\/ _ \| __)/ _ \/ __// _ \| _ \\__|[0m
Apr 27, 2026 9:01:06 PM dev.robocode.tankroyale.runner.internal.ServerManager startStdoutReader$lambda$0$0$0
INFO: [SERVER] [1m[38;5;102m     \___/|___)\___/\___|\___/|___/[0m
Apr 27, 2026 9:01:06 PM dev.robocode.tankroyale.runner.internal.ServerManager startStdoutReader$lambda$0$0$0
INFO: [SERVER] 
Apr 27, 2026 9:01:06 PM dev.robocode.tankroyale.runner.internal.ServerManager startStdoutReader$lambda$0$0$0
INFO: [SERVER] [1m[32m          Robocode Tank Royale[0m
Apr 27, 2026 9:01:06 PM dev.robocode.tankroyale.runner.internal.ServerManager startStdoutReader$lambda$0$0$0
INFO: [SERVER] 
Apr 27, 2026 9:01:06 PM dev.robocode.tankroyale.runner.internal.ServerManager startStdoutReader$lambda$0$0$0
INFO: [SERVER] Robocode Tank Royale Server 0.38.2
Apr 27, 2026 9:01:06 PM dev.robocode.tankroyale.runner.internal.ServerManager startStdoutReader$lambda$0$0$0
INFO: [SERVER] 2026-04-27 21:01:06.723 [32m[INFO][39m Server secrets: [32mENABLED[39m (controllers=1, bots=1)
Apr 27, 2026 9:01:06 PM dev.robocode.tankroyale.runner.internal.ServerManager startStdoutReader$lambda$0$0$0
INFO: [SERVER] 2026-04-27 21:01:06.763 [32m[INFO][39m Starting server on port 63120 with supporting game type(s): classic
Apr 27, 2026 9:01:07 PM dev.robocode.tankroyale.runner.internal.ServerManager startStdoutReader$lambda$0$0$0
INFO: [SERVER] 2026-04-27 21:01:07.361 [32m[INFO][39m Observer joined: Robocode Tank Royale Battle Runner 0.38.2
Apr 27, 2026 9:01:07 PM dev.robocode.tankroyale.runner.BattleRunner startBattleAsync
INFO: Booting bots...
Apr 27, 2026 9:01:07 PM dev.robocode.tankroyale.runner.internal.ServerManager startStdoutReader$lambda$0$0$0
INFO: [SERVER] 2026-04-27 21:01:07.365 [32m[INFO][39m Controller joined: Robocode Tank Royale Battle Runner 0.38.2
Apr 27, 2026 9:01:07 PM dev.robocode.tankroyale.runner.internal.BooterManager startStdoutReader$lambda$0$0$0
INFO: [BOOTER] 8021;/Users/jacobbecker/CPS485_RoboCode/logs/_runtime_bots/20260427_164525/collect_game_states/melee_dqn_melee_states/MeleeDQN
Apr 27, 2026 9:01:07 PM dev.robocode.tankroyale.runner.internal.BooterManager startStdoutReader$lambda$0$0$0
INFO: [BOOTER] 8022;/Users/jacobbecker/CPS485_RoboCode/logs/_runtime_bots/20260427_164525/collect_game_states/melee_dqn_melee_states/Jacob3_0
Apr 27, 2026 9:01:07 PM dev.robocode.tankroyale.runner.internal.BooterManager startStdoutReader$lambda$0$0$0
INFO: [BOOTER] 8023;/Users/jacobbecker/CPS485_RoboCode/logs/_runtime_bots/20260427_164525/collect_game_states/melee_dqn_melee_states/PPOBot
Apr 27, 2026 9:01:07 PM dev.robocode.tankroyale.runner.internal.BooterManager startStdoutReader$lambda$0$0$0
INFO: [BOOTER] 8024;/Users/jacobbecker/CPS485_RoboCode/logs/_runtime_bots/20260427_164525/collect_game_states/melee_dqn_melee_states/SarsaBot
Apr 27, 2026 9:01:07 PM dev.robocode.tankroyale.runner.internal.BooterManager startStdoutReader$lambda$0$0$0
INFO: [BOOTER] 8025;/Users/jacobbecker/CPS485_RoboCode/logs/_runtime_bots/20260427_164525/collect_game_states/melee_dqn_melee_states/NeuroEvoMelee
Apr 27, 2026 9:01:09 PM dev.robocode.tankroyale.runner.internal.ServerManager startStdoutReader$lambda$0$0$0
INFO: [SERVER] 2026-04-27 21:01:09.273 [32m[INFO][39m Bot joined: SarsaBot 1.0
Apr 27, 2026 9:01:09 PM dev.robocode.tankroyale.runner.internal.BooterManager startStdoutReader$lambda$0$0$0
INFO: [BOOTER] ERROR: Bot directory: /Users/jacobbecker/CPS485_RoboCode/logs/_runtime_bots/20260427_164525/collect_game_states/melee_dqn_melee_states/NeuroEvoMelee
Apr 27, 2026 9:01:09 PM dev.robocode.tankroyale.runner.internal.BooterManager startStdoutReader$lambda$0$0$0
INFO: [BOOTER] <frozen runpy>:128: RuntimeWarning: 'NeuroEvoMelee.runtime.neuroevo_melee_bot' found in sys.modules after import of package 'NeuroEvoMelee.runtime', but prior to execution of 'NeuroEvoMelee.runtime.neuroevo_melee_bot'; this may result in unpredictable behaviour
Apr 27, 2026 9:01:09 PM dev.robocode.tankroyale.runner.internal.ServerManager startStdoutReader$lambda$0$0$0
INFO: [SERVER] 2026-04-27 21:01:09.378 [32m[INFO][39m Bot joined: NeuroEvoMelee 0.1.0
Apr 27, 2026 9:01:10 PM dev.robocode.tankroyale.runner.internal.ServerManager startStdoutReader$lambda$0$0$0
INFO: [SERVER] 2026-04-27 21:01:10.986 [32m[INFO][39m Bot joined: MeleeDQN 1.0.0
Apr 27, 2026 9:01:11 PM dev.robocode.tankroyale.runner.internal.ServerManager startStdoutReader$lambda$0$0$0
INFO: [SERVER] 2026-04-27 21:01:11.208 [32m[INFO][39m Bot joined: Jacob3_0 1.0.0
Apr 27, 2026 9:01:11 PM dev.robocode.tankroyale.runner.internal.ServerManager startStdoutReader$lambda$0$0$0
INFO: [SERVER] 2026-04-27 21:01:11.285 [32m[INFO][39m Bot joined: PPOBot 1.0
Apr 27, 2026 9:01:11 PM dev.robocode.tankroyale.runner.BattleRunner startBattleAsync
INFO: Starting game...
Apr 27, 2026 9:01:11 PM dev.robocode.tankroyale.runner.internal.ServerManager startStdoutReader$lambda$0$0$0
INFO: [SERVER] 2026-04-27 21:01:11.302 [32m[INFO][39m Bot ready: NeuroEvoMelee 0.1.0
Apr 27, 2026 9:01:11 PM dev.robocode.tankroyale.runner.internal.ServerManager startStdoutReader$lambda$0$0$0
INFO: [SERVER] 2026-04-27 21:01:11.303 [32m[INFO][39m Bot ready: MeleeDQN 1.0.0
Apr 27, 2026 9:01:11 PM dev.robocode.tankroyale.runner.internal.ServerManager startStdoutReader$lambda$0$0$0
INFO: [SERVER] 2026-04-27 21:01:11.303 [32m[INFO][39m Bot ready: PPOBot 1.0
Apr 27, 2026 9:01:11 PM dev.robocode.tankroyale.runner.internal.ServerManager startStdoutReader$lambda$0$0$0
INFO: [SERVER] 2026-04-27 21:01:11.303 [32m[INFO][39m Bot ready: SarsaBot 1.0
Apr 27, 2026 9:01:11 PM dev.robocode.tankroyale.runner.internal.ServerManager startStdoutReader$lambda$0$0$0
INFO: [SERVER] 2026-04-27 21:01:11.303 [32m[INFO][39m Bot ready: Jacob3_0 1.0.0
Apr 27, 2026 9:01:11 PM dev.robocode.tankroyale.runner.internal.ServerManager startStdoutReader$lambda$0$0$0
INFO: [SERVER] 2026-04-27 21:01:11.305 [32m[INFO][39m Starting game
Apr 27, 2026 9:01:11 PM dev.robocode.tankroyale.runner.BattleRunner startBattleAsync
INFO: Battle started successfully
Apr 27, 2026 9:01:11 PM dev.robocode.tankroyale.runner.internal.BooterManager startStdoutReader$lambda$0$0$0
INFO: [BOOTER] ERROR: Bot directory: /Users/jacobbecker/CPS485_RoboCode/logs/_runtime_bots/20260427_164525/collect_game_states/melee_dqn_melee_states/NeuroEvoMelee
Apr 27, 2026 9:01:11 PM dev.robocode.tankroyale.runner.internal.BooterManager startStdoutReader$lambda$0$0$0
INFO: [BOOTER] Traceback (most recent call last):
Apr 27, 2026 9:01:11 PM dev.robocode.tankroyale.runner.internal.BooterManager startStdoutReader$lambda$0$0$0
INFO: [BOOTER] ERROR: Bot directory: /Users/jacobbecker/CPS485_RoboCode/logs/_runtime_bots/20260427_164525/collect_game_states/melee_dqn_melee_states/NeuroEvoMelee
Apr 27, 2026 9:01:11 PM dev.robocode.tankroyale.runner.internal.BooterManager startStdoutReader$lambda$0$0$0
INFO: [BOOTER]   File "/Library/Frameworks/Python.framework/Versions/3.12/lib/python3.12/site-packages/robocode_tank_royale/bot_api/internal/websocket_handler.py", line 118, in receive_messages
Apr 27, 2026 9:01:11 PM dev.robocode.tankroyale.runner.internal.BooterManager startStdoutReader$lambda$0$0$0
INFO: [BOOTER] ERROR: Bot directory: /Users/jacobbecker/CPS485_RoboCode/logs/_runtime_bots/20260427_164525/collect_game_states/melee_dqn_melee_states/NeuroEvoMelee
Apr 27, 2026 9:01:11 PM dev.robocode.tankroyale.runner.internal.BooterManager startStdoutReader$lambda$0$0$0
INFO: [BOOTER]     await self.process_message(message)
Apr 27, 2026 9:01:11 PM dev.robocode.tankroyale.runner.internal.BooterManager startStdoutReader$lambda$0$0$0
INFO: [BOOTER] ERROR: Bot directory: /Users/jacobbecker/CPS485_RoboCode/logs/_runtime_bots/20260427_164525/collect_game_states/melee_dqn_melee_states/NeuroEvoMelee
Apr 27, 2026 9:01:11 PM dev.robocode.tankroyale.runner.internal.BooterManager startStdoutReader$lambda$0$0$0
INFO: [BOOTER]   File "/Library/Frameworks/Python.framework/Versions/3.12/lib/python3.12/site-packages/robocode_tank_royale/bot_api/internal/websocket_handler.py", line 136, in process_message
Apr 27, 2026 9:01:11 PM dev.robocode.tankroyale.runner.internal.BooterManager startStdoutReader$lambda$0$0$0
INFO: [BOOTER] ERROR: Bot directory: /Users/jacobbecker/CPS485_RoboCode/logs/_runtime_bots/20260427_164525/collect_game_states/melee_dqn_melee_states/NeuroEvoMelee
Apr 27, 2026 9:01:11 PM dev.robocode.tankroyale.runner.internal.BooterManager startStdoutReader$lambda$0$0$0
INFO: [BOOTER]     await self.handle_round_started(json_msg)
Apr 27, 2026 9:01:11 PM dev.robocode.tankroyale.runner.internal.BooterManager startStdoutReader$lambda$0$0$0
INFO: [BOOTER] ERROR: Bot directory: /Users/jacobbecker/CPS485_RoboCode/logs/_runtime_bots/20260427_164525/collect_game_states/melee_dqn_melee_states/NeuroEvoMelee
Apr 27, 2026 9:01:11 PM dev.robocode.tankroyale.runner.internal.BooterManager startStdoutReader$lambda$0$0$0
INFO: [BOOTER]   File "/Library/Frameworks/Python.framework/Versions/3.12/lib/python3.12/site-packages/robocode_tank_royale/bot_api/internal/websocket_handler.py", line 193, in handle_round_started
Apr 27, 2026 9:01:11 PM dev.robocode.tankroyale.runner.internal.BooterManager startStdoutReader$lambda$0$0$0
INFO: [BOOTER] ERROR: Bot directory: /Users/jacobbecker/CPS485_RoboCode/logs/_runtime_bots/20260427_164525/collect_game_states/melee_dqn_melee_states/NeuroEvoMelee
Apr 27, 2026 9:01:11 PM dev.robocode.tankroyale.runner.internal.BooterManager startStdoutReader$lambda$0$0$0
INFO: [BOOTER]     self.bot_event_handlers.on_round_started.publish(round_started_event)
Apr 27, 2026 9:01:11 PM dev.robocode.tankroyale.runner.internal.BooterManager startStdoutReader$lambda$0$0$0
INFO: [BOOTER] ERROR: Bot directory: /Users/jacobbecker/CPS485_RoboCode/logs/_runtime_bots/20260427_164525/collect_game_states/melee_dqn_melee_states/NeuroEvoMelee
Apr 27, 2026 9:01:11 PM dev.robocode.tankroyale.runner.internal.BooterManager startStdoutReader$lambda$0$0$0
INFO: [BOOTER]   File "/Library/Frameworks/Python.framework/Versions/3.12/lib/python3.12/site-packages/robocode_tank_royale/bot_api/internal/event_handler.py", line 110, in publish
Apr 27, 2026 9:01:11 PM dev.robocode.tankroyale.runner.internal.BooterManager startStdoutReader$lambda$0$0$0
INFO: [BOOTER] ERROR: Bot directory: /Users/jacobbecker/CPS485_RoboCode/logs/_runtime_bots/20260427_164525/collect_game_states/melee_dqn_melee_states/NeuroEvoMelee
Apr 27, 2026 9:01:11 PM dev.robocode.tankroyale.runner.internal.BooterManager startStdoutReader$lambda$0$0$0
INFO: [BOOTER]     entry.subscriber(event_data)
Apr 27, 2026 9:01:11 PM dev.robocode.tankroyale.runner.internal.BooterManager startStdoutReader$lambda$0$0$0
INFO: [BOOTER] ERROR: Bot directory: /Users/jacobbecker/CPS485_RoboCode/logs/_runtime_bots/20260427_164525/collect_game_states/melee_dqn_melee_states/NeuroEvoMelee
Apr 27, 2026 9:01:11 PM dev.robocode.tankroyale.runner.internal.BooterManager startStdoutReader$lambda$0$0$0
INFO: [BOOTER]   File "/Users/jacobbecker/CPS485_RoboCode/NeuroEvoMelee/runtime/neuroevo_melee_bot.py", line 69, in on_round_started
Apr 27, 2026 9:01:11 PM dev.robocode.tankroyale.runner.internal.BooterManager startStdoutReader$lambda$0$0$0
INFO: [BOOTER] ERROR: Bot directory: /Users/jacobbecker/CPS485_RoboCode/logs/_runtime_bots/20260427_164525/collect_game_states/melee_dqn_melee_states/NeuroEvoMelee
Apr 27, 2026 9:01:11 PM dev.robocode.tankroyale.runner.internal.BooterManager startStdoutReader$lambda$0$0$0
INFO: [BOOTER]     self.last_energy = float(self.energy)
Apr 27, 2026 9:01:11 PM dev.robocode.tankroyale.runner.internal.BooterManager startStdoutReader$lambda$0$0$0
INFO: [BOOTER] ERROR: Bot directory: /Users/jacobbecker/CPS485_RoboCode/logs/_runtime_bots/20260427_164525/collect_game_states/melee_dqn_melee_states/NeuroEvoMelee
Apr 27, 2026 9:01:11 PM dev.robocode.tankroyale.runner.internal.BooterManager startStdoutReader$lambda$0$0$0
INFO: [BOOTER]                              ^^^^^^^^^^^
Apr 27, 2026 9:01:11 PM dev.robocode.tankroyale.runner.internal.BooterManager startStdoutReader$lambda$0$0$0
INFO: [BOOTER] ERROR: Bot directory: /Users/jacobbecker/CPS485_RoboCode/logs/_runtime_bots/20260427_164525/collect_game_states/melee_dqn_melee_states/NeuroEvoMelee
Apr 27, 2026 9:01:11 PM dev.robocode.tankroyale.runner.internal.BooterManager startStdoutReader$lambda$0$0$0
INFO: [BOOTER]   File "/Library/Frameworks/Python.framework/Versions/3.12/lib/python3.12/site-packages/robocode_tank_royale/bot_api/base_bot.py", line 252, in energy
Apr 27, 2026 9:01:11 PM dev.robocode.tankroyale.runner.internal.BooterManager startStdoutReader$lambda$0$0$0
INFO: [BOOTER] ERROR: Bot directory: /Users/jacobbecker/CPS485_RoboCode/logs/_runtime_bots/20260427_164525/collect_game_states/melee_dqn_melee_states/NeuroEvoMelee
Apr 27, 2026 9:01:11 PM dev.robocode.tankroyale.runner.internal.BooterManager startStdoutReader$lambda$0$0$0
INFO: [BOOTER]     bot_state = self._internals.get_current_tick_or_throw().bot_state
Apr 27, 2026 9:01:11 PM dev.robocode.tankroyale.runner.internal.BooterManager startStdoutReader$lambda$0$0$0
INFO: [BOOTER] ERROR: Bot directory: /Users/jacobbecker/CPS485_RoboCode/logs/_runtime_bots/20260427_164525/collect_game_states/melee_dqn_melee_states/NeuroEvoMelee
Apr 27, 2026 9:01:11 PM dev.robocode.tankroyale.runner.internal.BooterManager startStdoutReader$lambda$0$0$0
INFO: [BOOTER]                 ^^^^^^^^^^^^^^^^^^^^^^^^^^^^^^^^^^^^^^^^^^^
Apr 27, 2026 9:01:11 PM dev.robocode.tankroyale.runner.internal.BooterManager startStdoutReader$lambda$0$0$0
INFO: [BOOTER] ERROR: Bot directory: /Users/jacobbecker/CPS485_RoboCode/logs/_runtime_bots/20260427_164525/collect_game_states/melee_dqn_melee_states/NeuroEvoMelee
Apr 27, 2026 9:01:11 PM dev.robocode.tankroyale.runner.internal.BooterManager startStdoutReader$lambda$0$0$0
INFO: [BOOTER]   File "/Library/Frameworks/Python.framework/Versions/3.12/lib/python3.12/site-packages/robocode_tank_royale/bot_api/internal/base_bot_internals.py", line 209, in get_current_tick_or_throw
Apr 27, 2026 9:01:11 PM dev.robocode.tankroyale.runner.internal.BooterManager startStdoutReader$lambda$0$0$0
INFO: [BOOTER] ERROR: Bot directory: /Users/jacobbecker/CPS485_RoboCode/logs/_runtime_bots/20260427_164525/collect_game_states/melee_dqn_melee_states/NeuroEvoMelee
Apr 27, 2026 9:01:11 PM dev.robocode.tankroyale.runner.internal.BooterManager startStdoutReader$lambda$0$0$0
INFO: [BOOTER]     return self.data.current_tick_or_throw
Apr 27, 2026 9:01:11 PM dev.robocode.tankroyale.runner.internal.BooterManager startStdoutReader$lambda$0$0$0
INFO: [BOOTER] ERROR: Bot directory: /Users/jacobbecker/CPS485_RoboCode/logs/_runtime_bots/20260427_164525/collect_game_states/melee_dqn_melee_states/NeuroEvoMelee
Apr 27, 2026 9:01:11 PM dev.robocode.tankroyale.runner.internal.BooterManager startStdoutReader$lambda$0$0$0
INFO: [BOOTER]            ^^^^^^^^^^^^^^^^^^^^^^^^^^^^^^^
Apr 27, 2026 9:01:11 PM dev.robocode.tankroyale.runner.internal.BooterManager startStdoutReader$lambda$0$0$0
INFO: [BOOTER] ERROR: Bot directory: /Users/jacobbecker/CPS485_RoboCode/logs/_runtime_bots/20260427_164525/collect_game_states/melee_dqn_melee_states/NeuroEvoMelee
Apr 27, 2026 9:01:11 PM dev.robocode.tankroyale.runner.internal.BooterManager startStdoutReader$lambda$0$0$0
INFO: [BOOTER]   File "/Library/Frameworks/Python.framework/Versions/3.12/lib/python3.12/site-packages/robocode_tank_royale/bot_api/internal/base_bot_internal_data.py", line 95, in current_tick_or_throw
Apr 27, 2026 9:01:11 PM dev.robocode.tankroyale.runner.internal.BooterManager startStdoutReader$lambda$0$0$0
INFO: [BOOTER] ERROR: Bot directory: /Users/jacobbecker/CPS485_RoboCode/logs/_runtime_bots/20260427_164525/collect_game_states/melee_dqn_melee_states/NeuroEvoMelee
Apr 27, 2026 9:01:11 PM dev.robocode.tankroyale.runner.internal.BooterManager startStdoutReader$lambda$0$0$0
INFO: [BOOTER]     raise BotException(TICK_NOT_AVAILABLE_MSG)
Apr 27, 2026 9:01:11 PM dev.robocode.tankroyale.runner.internal.BooterManager startStdoutReader$lambda$0$0$0
INFO: [BOOTER] ERROR: Bot directory: /Users/jacobbecker/CPS485_RoboCode/logs/_runtime_bots/20260427_164525/collect_game_states/melee_dqn_melee_states/NeuroEvoMelee
Apr 27, 2026 9:01:11 PM dev.robocode.tankroyale.runner.internal.BooterManager startStdoutReader$lambda$0$0$0
INFO: [BOOTER] robocode_tank_royale.bot_api.bot_exception.BotException: Tick event is not available
Apr 27, 2026 9:01:11 PM dev.robocode.tankroyale.runner.internal.ServerManager startStdoutReader$lambda$0$0$0
INFO: [SERVER] 2026-04-27 21:01:11.377 [32m[INFO][39m Bot left: NeuroEvoMelee 0.1.0
Apr 27, 2026 9:10:51 PM dev.robocode.tankroyale.runner.internal.ServerManager startStdoutReader$lambda$0$0$0
INFO: [SERVER] 2026-04-27 21:10:51.773 [32m[INFO][39m Game ended
Apr 27, 2026 9:10:51 PM dev.robocode.tankroyale.runner.BattleRunner startBattleAsync$lambda$7
INFO: Battle finished, cleaning up...
Apr 27, 2026 9:10:51 PM dev.robocode.tankroyale.runner.internal.ServerManager startStdoutReader$lambda$0$0$0
INFO: [SERVER] 2026-04-27 21:10:51.787 [32m[INFO][39m Bot left: SarsaBot 1.0
Apr 27, 2026 9:10:51 PM dev.robocode.tankroyale.runner.internal.BooterManager startStdoutReader$lambda$0$0$0
INFO: [BOOTER] stopped 8025
Apr 27, 2026 9:10:51 PM dev.robocode.tankroyale.runner.internal.BooterManager startStdoutReader$lambda$0$0$0
INFO: [BOOTER] stopped 8024
Apr 27, 2026 9:10:51 PM dev.robocode.tankroyale.runner.internal.ServerManager startStdoutReader$lambda$0$0$0
INFO: [SERVER] 2026-04-27 21:10:51.792 [32m[INFO][39m Bot left: PPOBot 1.0
Apr 27, 2026 9:10:51 PM dev.robocode.tankroyale.runner.internal.ServerManager startStdoutReader$lambda$0$0$0
INFO: [SERVER] 2026-04-27 21:10:51.793 [32m[INFO][39m Bot left: Jacob3_0 1.0.0
Apr 27, 2026 9:10:51 PM dev.robocode.tankroyale.runner.internal.ServerManager startStdoutReader$lambda$0$0$0
INFO: [SERVER] 2026-04-27 21:10:51.793 [32m[INFO][39m Bot left: MeleeDQN 1.0.0
Apr 27, 2026 9:10:51 PM dev.robocode.tankroyale.runner.internal.ServerManager startStdoutReader$lambda$0$0$0
INFO: [SERVER] 2026-04-27 21:10:51.807 [32m[INFO][39m Observer left: Robocode Tank Royale Battle Runner 0.38.2
Apr 27, 2026 9:10:51 PM dev.robocode.tankroyale.runner.internal.ServerManager startStdoutReader$lambda$0$0$0
INFO: [SERVER] 2026-04-27 21:10:51.807 [32m[INFO][39m Controller left: Robocode Tank Royale Battle Runner 0.38.2
Apr 27, 2026 9:10:51 PM dev.robocode.tankroyale.runner.internal.ServerManager startStdoutReader$lambda$0$0$0
INFO: [SERVER] 2026-04-27 21:10:51.808 [32m[INFO][39m Stopping server
Apr 27, 2026 9:10:51 PM dev.robocode.tankroyale.runner.internal.ServerManager startStdoutReader$lambda$0$0$0
INFO: [SERVER] 2026-04-27 21:10:51.809 [32m[INFO][39m Aborting game
[royale_harness] scenario=melee_dqn_melee_states config=/Users/jacobbecker/CPS485_RoboCode/configs/robocode/melee_dqn_melee_states.json
{"rounds":200,"arenaWidth":800,"arenaHeight":600,"results":[{"name":"Jacob3_0","version":"1.0.0","rank":1,"totalScore":81613,"survivalScore":31950,"lastSurvivorBonus":4680,"bulletDamageScore":38858,"bulletKillBonus":4493,"ramDamageScore":1562,"ramKillBonus":69,"firstPlaces":113,"secondPlaces":55,"thirdPlaces":20},{"name":"SarsaBot","version":"1.0","rank":2,"totalScore":70785,"survivalScore":29200,"lastSurvivorBonus":2800,"bulletDamageScore":33950,"bulletKillBonus":3732,"ramDamageScore":1045,"ramKillBonus":58,"firstPlaces":68,"secondPlaces":91,"thirdPlaces":27},{"name":"PPOBot","version":"1.0","rank":3,"totalScore":37644,"survivalScore":14900,"lastSurvivorBonus":480,"bulletDamageScore":19100,"bulletKillBonus":1785,"ramDamageScore":1278,"ramKillBonus":101,"firstPlaces":19,"secondPlaces":51,"thirdPlaces":50},{"name":"MeleeDQN","version":"1.0.0","rank":4,"totalScore":19131,"survivalScore":17250,"lastSurvivorBonus":40,"bulletDamageScore":910,"bulletKillBonus":11,"ramDamageScore":919,"ramKillBonus":0,"firstPlaces":0,"secondPlaces":3,"thirdPlaces":77},{"name":"NeuroEvoMelee","version":"0.1.0","rank":5,"totalScore":6700,"survivalScore":6700,"lastSurvivorBonus":0,"bulletDamageScore":0,"bulletKillBonus":0,"ramDamageScore":0,"ramKillBonus":0,"firstPlaces":0,"secondPlaces":0,"thirdPlaces":27}]}
JSONL_PATH=/Users/jacobbecker/CPS485_RoboCode/logs/data/game_states_20260427_164525.jsonl
