Mar 31, 2026 3:46:21 AM dev.robocode.tankroyale.runner.BattleRunner startBattleAsync
INFO: Starting battle: rounds=100, bots=2
Mar 31, 2026 3:46:22 AM dev.robocode.tankroyale.runner.internal.ServerManager startStdoutReader$lambda$0$0$0
INFO: [SERVER] [1m[38;5;21m              ___________[0m
Mar 31, 2026 3:46:22 AM dev.robocode.tankroyale.runner.internal.ServerManager startStdoutReader$lambda$0$0$0
INFO: [SERVER] [1m[38;5;21m             /           |[0m[1m[38;5;102m[[[]========((()[0m
Mar 31, 2026 3:46:22 AM dev.robocode.tankroyale.runner.internal.ServerManager startStdoutReader$lambda$0$0$0
INFO: [SERVER] [1m[38;5;21m   _________|____________|___________[0m
Mar 31, 2026 3:46:22 AM dev.robocode.tankroyale.runner.internal.ServerManager startStdoutReader$lambda$0$0$0
INFO: [SERVER] [1m[38;5;102m _[0m[1m[38;5;21m/[0m[1m[38;5;102m_[0m[1m[38;5;21m________________________________[0m[1m[38;5;102m_[0m[1m[38;5;21m\[0m[1m[38;5;102m_[0m
Mar 31, 2026 3:46:22 AM dev.robocode.tankroyale.runner.internal.ServerManager startStdoutReader$lambda$0$0$0
INFO: [SERVER] [1m[38;5;102m/ _ ) ___  ___  ___  ___  ___  ___ / ,_|[0m
Mar 31, 2026 3:46:22 AM dev.robocode.tankroyale.runner.internal.ServerManager startStdoutReader$lambda$0$0$0
INFO: [SERVER] [1m[38;5;102m\_\_\/ _ \| __)/ _ \/ __// _ \| _ \\__|[0m
Mar 31, 2026 3:46:22 AM dev.robocode.tankroyale.runner.internal.ServerManager startStdoutReader$lambda$0$0$0
INFO: [SERVER] [1m[38;5;102m     \___/|___)\___/\___|\___/|___/[0m
Mar 31, 2026 3:46:22 AM dev.robocode.tankroyale.runner.internal.ServerManager startStdoutReader$lambda$0$0$0
INFO: [SERVER] 
Mar 31, 2026 3:46:22 AM dev.robocode.tankroyale.runner.internal.ServerManager startStdoutReader$lambda$0$0$0
INFO: [SERVER] [1m[32m          Robocode Tank Royale[0m
Mar 31, 2026 3:46:22 AM dev.robocode.tankroyale.runner.internal.ServerManager startStdoutReader$lambda$0$0$0
INFO: [SERVER] 
Mar 31, 2026 3:46:22 AM dev.robocode.tankroyale.runner.internal.ServerManager startStdoutReader$lambda$0$0$0
INFO: [SERVER] Robocode Tank Royale Server 0.38.2
Mar 31, 2026 3:46:22 AM dev.robocode.tankroyale.runner.internal.ServerManager startStdoutReader$lambda$0$0$0
INFO: [SERVER] 2026-03-31 03:46:22.063 [32m[INFO][39m Server secrets: [32mENABLED[39m (controllers=1, bots=1)
Mar 31, 2026 3:46:22 AM dev.robocode.tankroyale.runner.internal.ServerManager startStdoutReader$lambda$0$0$0
INFO: [SERVER] 2026-03-31 03:46:22.085 [32m[INFO][39m Starting server on port 52463 with supporting game type(s): classic
Mar 31, 2026 3:46:22 AM dev.robocode.tankroyale.runner.internal.ServerManager startStdoutReader$lambda$0$0$0
INFO: [SERVER] 2026-03-31 03:46:22.641 [32m[INFO][39m Observer joined: Robocode Tank Royale Battle Runner 0.38.2
Mar 31, 2026 3:46:22 AM dev.robocode.tankroyale.runner.BattleRunner startBattleAsync
INFO: Booting bots...
Mar 31, 2026 3:46:22 AM dev.robocode.tankroyale.runner.internal.ServerManager startStdoutReader$lambda$0$0$0
INFO: [SERVER] 2026-03-31 03:46:22.643 [32m[INFO][39m Controller joined: Robocode Tank Royale Battle Runner 0.38.2
Mar 31, 2026 3:46:22 AM dev.robocode.tankroyale.runner.internal.BooterManager startStdoutReader$lambda$0$0$0
INFO: [BOOTER] 56809;/Users/jacobbecker/CPS485_RoboCode/Jacob/Jacob3_0/HeadlessDQNBot
Mar 31, 2026 3:46:22 AM dev.robocode.tankroyale.runner.internal.BooterManager startStdoutReader$lambda$0$0$0
INFO: [BOOTER] 56810;/Users/jacobbecker/CPS485_RoboCode/SampleBots/Walls
Mar 31, 2026 3:46:22 AM dev.robocode.tankroyale.runner.internal.ServerManager startStdoutReader$lambda$0$0$0
INFO: [SERVER] 2026-03-31 03:46:22.965 [32m[INFO][39m Bot joined: Walls 1.0
Mar 31, 2026 3:46:24 AM dev.robocode.tankroyale.runner.internal.ServerManager startStdoutReader$lambda$0$0$0
INFO: [SERVER] 2026-03-31 03:46:24.494 [32m[INFO][39m Bot joined: DQNBot 1.0.0
Mar 31, 2026 3:46:24 AM dev.robocode.tankroyale.runner.BattleRunner startBattleAsync
INFO: Starting game...
Mar 31, 2026 3:46:24 AM dev.robocode.tankroyale.runner.internal.ServerManager startStdoutReader$lambda$0$0$0
INFO: [SERVER] 2026-03-31 03:46:24.505 [32m[INFO][39m Bot ready: DQNBot 1.0.0
Mar 31, 2026 3:46:24 AM dev.robocode.tankroyale.runner.internal.ServerManager startStdoutReader$lambda$0$0$0
INFO: [SERVER] 2026-03-31 03:46:24.506 [32m[INFO][39m Bot ready: Walls 1.0
Mar 31, 2026 3:46:24 AM dev.robocode.tankroyale.runner.internal.ServerManager startStdoutReader$lambda$0$0$0
INFO: [SERVER] 2026-03-31 03:46:24.506 [32m[INFO][39m Starting game
Mar 31, 2026 3:46:24 AM dev.robocode.tankroyale.runner.BattleRunner startBattleAsync
INFO: Battle started successfully
Mar 31, 2026 3:46:31 AM dev.robocode.tankroyale.runner.internal.BooterManager startStdoutReader$lambda$0$0$0
INFO: [BOOTER] ERROR: Bot directory: /Users/jacobbecker/CPS485_RoboCode/SampleBots/Walls
Mar 31, 2026 3:46:31 AM dev.robocode.tankroyale.runner.internal.BooterManager startStdoutReader$lambda$0$0$0
INFO: [BOOTER] Traceback (most recent call last):
Mar 31, 2026 3:46:31 AM dev.robocode.tankroyale.runner.internal.BooterManager startStdoutReader$lambda$0$0$0
INFO: [BOOTER] ERROR: Bot directory: /Users/jacobbecker/CPS485_RoboCode/SampleBots/Walls
Mar 31, 2026 3:46:31 AM dev.robocode.tankroyale.runner.internal.BooterManager startStdoutReader$lambda$0$0$0
INFO: [BOOTER]   File "/Library/Frameworks/Python.framework/Versions/3.12/lib/python3.12/site-packages/robocode_tank_royale/bot_api/internal/base_bot_internals.py", line 279, in dispatch_events
Mar 31, 2026 3:46:31 AM dev.robocode.tankroyale.runner.internal.BooterManager startStdoutReader$lambda$0$0$0
INFO: [BOOTER] ERROR: Bot directory: /Users/jacobbecker/CPS485_RoboCode/SampleBots/Walls
Mar 31, 2026 3:46:31 AM dev.robocode.tankroyale.runner.internal.BooterManager startStdoutReader$lambda$0$0$0
INFO: [BOOTER]     self.event_queue.dispatch_events(turn_number)
Mar 31, 2026 3:46:31 AM dev.robocode.tankroyale.runner.internal.BooterManager startStdoutReader$lambda$0$0$0
INFO: [BOOTER] ERROR: Bot directory: /Users/jacobbecker/CPS485_RoboCode/SampleBots/Walls
Mar 31, 2026 3:46:31 AM dev.robocode.tankroyale.runner.internal.BooterManager startStdoutReader$lambda$0$0$0
INFO: [BOOTER]   File "/Library/Frameworks/Python.framework/Versions/3.12/lib/python3.12/site-packages/robocode_tank_royale/bot_api/internal/event_queue.py", line 121, in dispatch_events
Mar 31, 2026 3:46:31 AM dev.robocode.tankroyale.runner.internal.BooterManager startStdoutReader$lambda$0$0$0
INFO: [BOOTER] ERROR: Bot directory: /Users/jacobbecker/CPS485_RoboCode/SampleBots/Walls
Mar 31, 2026 3:46:31 AM dev.robocode.tankroyale.runner.internal.BooterManager startStdoutReader$lambda$0$0$0
INFO: [BOOTER]     self.dispatch(current_event, turn_number)
Mar 31, 2026 3:46:31 AM dev.robocode.tankroyale.runner.internal.BooterManager startStdoutReader$lambda$0$0$0
INFO: [BOOTER] ERROR: Bot directory: /Users/jacobbecker/CPS485_RoboCode/SampleBots/Walls
Mar 31, 2026 3:46:31 AM dev.robocode.tankroyale.runner.internal.BooterManager startStdoutReader$lambda$0$0$0
INFO: [BOOTER]   File "/Library/Frameworks/Python.framework/Versions/3.12/lib/python3.12/site-packages/robocode_tank_royale/bot_api/internal/event_queue.py", line 162, in dispatch
Mar 31, 2026 3:46:31 AM dev.robocode.tankroyale.runner.internal.BooterManager startStdoutReader$lambda$0$0$0
INFO: [BOOTER] ERROR: Bot directory: /Users/jacobbecker/CPS485_RoboCode/SampleBots/Walls
Mar 31, 2026 3:46:31 AM dev.robocode.tankroyale.runner.internal.BooterManager startStdoutReader$lambda$0$0$0
INFO: [BOOTER]     self.bot_event_handlers.fire_event(bot_event)
Mar 31, 2026 3:46:31 AM dev.robocode.tankroyale.runner.internal.BooterManager startStdoutReader$lambda$0$0$0
INFO: [BOOTER] ERROR: Bot directory: /Users/jacobbecker/CPS485_RoboCode/SampleBots/Walls
Mar 31, 2026 3:46:31 AM dev.robocode.tankroyale.runner.internal.BooterManager startStdoutReader$lambda$0$0$0
INFO: [BOOTER]   File "/Library/Frameworks/Python.framework/Versions/3.12/lib/python3.12/site-packages/robocode_tank_royale/bot_api/internal/bot_event_handlers.py", line 145, in fire_event
Mar 31, 2026 3:46:31 AM dev.robocode.tankroyale.runner.internal.BooterManager startStdoutReader$lambda$0$0$0
INFO: [BOOTER] ERROR: Bot directory: /Users/jacobbecker/CPS485_RoboCode/SampleBots/Walls
Mar 31, 2026 3:46:31 AM dev.robocode.tankroyale.runner.internal.BooterManager startStdoutReader$lambda$0$0$0
INFO: [BOOTER]     handler.publish(event)
Mar 31, 2026 3:46:31 AM dev.robocode.tankroyale.runner.internal.BooterManager startStdoutReader$lambda$0$0$0
INFO: [BOOTER] ERROR: Bot directory: /Users/jacobbecker/CPS485_RoboCode/SampleBots/Walls
Mar 31, 2026 3:46:31 AM dev.robocode.tankroyale.runner.internal.BooterManager startStdoutReader$lambda$0$0$0
INFO: [BOOTER]   File "/Library/Frameworks/Python.framework/Versions/3.12/lib/python3.12/site-packages/robocode_tank_royale/bot_api/internal/event_handler.py", line 110, in publish
Mar 31, 2026 3:46:31 AM dev.robocode.tankroyale.runner.internal.BooterManager startStdoutReader$lambda$0$0$0
INFO: [BOOTER] ERROR: Bot directory: /Users/jacobbecker/CPS485_RoboCode/SampleBots/Walls
Mar 31, 2026 3:46:31 AM dev.robocode.tankroyale.runner.internal.BooterManager startStdoutReader$lambda$0$0$0
INFO: [BOOTER]     entry.subscriber(event_data)
Mar 31, 2026 3:46:31 AM dev.robocode.tankroyale.runner.internal.BooterManager startStdoutReader$lambda$0$0$0
INFO: [BOOTER] ERROR: Bot directory: /Users/jacobbecker/CPS485_RoboCode/SampleBots/Walls
Mar 31, 2026 3:46:31 AM dev.robocode.tankroyale.runner.internal.BooterManager startStdoutReader$lambda$0$0$0
INFO: [BOOTER]   File "/Library/Frameworks/Python.framework/Versions/3.12/lib/python3.12/site-packages/robocode_tank_royale/bot_api/bot.py", line 27, in _stop_thread
Mar 31, 2026 3:46:31 AM dev.robocode.tankroyale.runner.internal.BooterManager startStdoutReader$lambda$0$0$0
INFO: [BOOTER] ERROR: Bot directory: /Users/jacobbecker/CPS485_RoboCode/SampleBots/Walls
Mar 31, 2026 3:46:31 AM dev.robocode.tankroyale.runner.internal.BooterManager startStdoutReader$lambda$0$0$0
INFO: [BOOTER]     self._base_bot_internals.stop_thread()
Mar 31, 2026 3:46:31 AM dev.robocode.tankroyale.runner.internal.BooterManager startStdoutReader$lambda$0$0$0
INFO: [BOOTER] ERROR: Bot directory: /Users/jacobbecker/CPS485_RoboCode/SampleBots/Walls
Mar 31, 2026 3:46:31 AM dev.robocode.tankroyale.runner.internal.BooterManager startStdoutReader$lambda$0$0$0
INFO: [BOOTER]   File "/Library/Frameworks/Python.framework/Versions/3.12/lib/python3.12/site-packages/robocode_tank_royale/bot_api/internal/base_bot_internals.py", line 332, in stop_thread
Mar 31, 2026 3:46:31 AM dev.robocode.tankroyale.runner.internal.BooterManager startStdoutReader$lambda$0$0$0
INFO: [BOOTER] ERROR: Bot directory: /Users/jacobbecker/CPS485_RoboCode/SampleBots/Walls
Mar 31, 2026 3:46:31 AM dev.robocode.tankroyale.runner.internal.BooterManager startStdoutReader$lambda$0$0$0
INFO: [BOOTER]     self.thread.join(timeout=5.0)  # Wait up to 5 seconds for thread to finish
Mar 31, 2026 3:46:31 AM dev.robocode.tankroyale.runner.internal.BooterManager startStdoutReader$lambda$0$0$0
INFO: [BOOTER] ERROR: Bot directory: /Users/jacobbecker/CPS485_RoboCode/SampleBots/Walls
Mar 31, 2026 3:46:31 AM dev.robocode.tankroyale.runner.internal.BooterManager startStdoutReader$lambda$0$0$0
INFO: [BOOTER]     ^^^^^^^^^^^^^^^^^^^^^^^^^^^^^
Mar 31, 2026 3:46:31 AM dev.robocode.tankroyale.runner.internal.BooterManager startStdoutReader$lambda$0$0$0
INFO: [BOOTER] ERROR: Bot directory: /Users/jacobbecker/CPS485_RoboCode/SampleBots/Walls
Mar 31, 2026 3:46:31 AM dev.robocode.tankroyale.runner.internal.BooterManager startStdoutReader$lambda$0$0$0
INFO: [BOOTER]   File "/Library/Frameworks/Python.framework/Versions/3.12/lib/python3.12/threading.py", line 1144, in join
Mar 31, 2026 3:46:31 AM dev.robocode.tankroyale.runner.internal.BooterManager startStdoutReader$lambda$0$0$0
INFO: [BOOTER] ERROR: Bot directory: /Users/jacobbecker/CPS485_RoboCode/SampleBots/Walls
Mar 31, 2026 3:46:31 AM dev.robocode.tankroyale.runner.internal.BooterManager startStdoutReader$lambda$0$0$0
INFO: [BOOTER]     raise RuntimeError("cannot join current thread")
Mar 31, 2026 3:46:31 AM dev.robocode.tankroyale.runner.internal.BooterManager startStdoutReader$lambda$0$0$0
INFO: [BOOTER] ERROR: Bot directory: /Users/jacobbecker/CPS485_RoboCode/SampleBots/Walls
Mar 31, 2026 3:46:31 AM dev.robocode.tankroyale.runner.internal.BooterManager startStdoutReader$lambda$0$0$0
INFO: [BOOTER] RuntimeError: cannot join current thread
Mar 31, 2026 3:47:59 AM dev.robocode.tankroyale.runner.internal.BooterManager startStdoutReader$lambda$0$0$0
INFO: [BOOTER] ERROR: Bot directory: /Users/jacobbecker/CPS485_RoboCode/SampleBots/Walls
Mar 31, 2026 3:47:59 AM dev.robocode.tankroyale.runner.internal.BooterManager startStdoutReader$lambda$0$0$0
INFO: [BOOTER] Traceback (most recent call last):
Mar 31, 2026 3:47:59 AM dev.robocode.tankroyale.runner.internal.BooterManager startStdoutReader$lambda$0$0$0
INFO: [BOOTER] ERROR: Bot directory: /Users/jacobbecker/CPS485_RoboCode/SampleBots/Walls
Mar 31, 2026 3:47:59 AM dev.robocode.tankroyale.runner.internal.BooterManager startStdoutReader$lambda$0$0$0
INFO: [BOOTER]   File "/Library/Frameworks/Python.framework/Versions/3.12/lib/python3.12/site-packages/robocode_tank_royale/bot_api/internal/base_bot_internals.py", line 279, in dispatch_events
Mar 31, 2026 3:47:59 AM dev.robocode.tankroyale.runner.internal.BooterManager startStdoutReader$lambda$0$0$0
INFO: [BOOTER] ERROR: Bot directory: /Users/jacobbecker/CPS485_RoboCode/SampleBots/Walls
Mar 31, 2026 3:47:59 AM dev.robocode.tankroyale.runner.internal.BooterManager startStdoutReader$lambda$0$0$0
INFO: [BOOTER]     self.event_queue.dispatch_events(turn_number)
Mar 31, 2026 3:47:59 AM dev.robocode.tankroyale.runner.internal.BooterManager startStdoutReader$lambda$0$0$0
INFO: [BOOTER] ERROR: Bot directory: /Users/jacobbecker/CPS485_RoboCode/SampleBots/Walls
Mar 31, 2026 3:47:59 AM dev.robocode.tankroyale.runner.internal.BooterManager startStdoutReader$lambda$0$0$0
INFO: [BOOTER]   File "/Library/Frameworks/Python.framework/Versions/3.12/lib/python3.12/site-packages/robocode_tank_royale/bot_api/internal/event_queue.py", line 121, in dispatch_events
Mar 31, 2026 3:47:59 AM dev.robocode.tankroyale.runner.internal.BooterManager startStdoutReader$lambda$0$0$0
INFO: [BOOTER] ERROR: Bot directory: /Users/jacobbecker/CPS485_RoboCode/SampleBots/Walls
Mar 31, 2026 3:47:59 AM dev.robocode.tankroyale.runner.internal.BooterManager startStdoutReader$lambda$0$0$0
INFO: [BOOTER]     self.dispatch(current_event, turn_number)
Mar 31, 2026 3:47:59 AM dev.robocode.tankroyale.runner.internal.BooterManager startStdoutReader$lambda$0$0$0
INFO: [BOOTER] ERROR: Bot directory: /Users/jacobbecker/CPS485_RoboCode/SampleBots/Walls
Mar 31, 2026 3:47:59 AM dev.robocode.tankroyale.runner.internal.BooterManager startStdoutReader$lambda$0$0$0
INFO: [BOOTER]   File "/Library/Frameworks/Python.framework/Versions/3.12/lib/python3.12/site-packages/robocode_tank_royale/bot_api/internal/event_queue.py", line 162, in dispatch
Mar 31, 2026 3:47:59 AM dev.robocode.tankroyale.runner.internal.BooterManager startStdoutReader$lambda$0$0$0
INFO: [BOOTER] ERROR: Bot directory: /Users/jacobbecker/CPS485_RoboCode/SampleBots/Walls
Mar 31, 2026 3:47:59 AM dev.robocode.tankroyale.runner.internal.BooterManager startStdoutReader$lambda$0$0$0
INFO: [BOOTER]     self.bot_event_handlers.fire_event(bot_event)
Mar 31, 2026 3:47:59 AM dev.robocode.tankroyale.runner.internal.BooterManager startStdoutReader$lambda$0$0$0
INFO: [BOOTER] ERROR: Bot directory: /Users/jacobbecker/CPS485_RoboCode/SampleBots/Walls
Mar 31, 2026 3:47:59 AM dev.robocode.tankroyale.runner.internal.BooterManager startStdoutReader$lambda$0$0$0
INFO: [BOOTER]   File "/Library/Frameworks/Python.framework/Versions/3.12/lib/python3.12/site-packages/robocode_tank_royale/bot_api/internal/bot_event_handlers.py", line 145, in fire_event
Mar 31, 2026 3:47:59 AM dev.robocode.tankroyale.runner.internal.BooterManager startStdoutReader$lambda$0$0$0
INFO: [BOOTER] ERROR: Bot directory: /Users/jacobbecker/CPS485_RoboCode/SampleBots/Walls
Mar 31, 2026 3:47:59 AM dev.robocode.tankroyale.runner.internal.BooterManager startStdoutReader$lambda$0$0$0
INFO: [BOOTER]     handler.publish(event)
Mar 31, 2026 3:47:59 AM dev.robocode.tankroyale.runner.internal.BooterManager startStdoutReader$lambda$0$0$0
INFO: [BOOTER] ERROR: Bot directory: /Users/jacobbecker/CPS485_RoboCode/SampleBots/Walls
Mar 31, 2026 3:47:59 AM dev.robocode.tankroyale.runner.internal.BooterManager startStdoutReader$lambda$0$0$0
INFO: [BOOTER]   File "/Library/Frameworks/Python.framework/Versions/3.12/lib/python3.12/site-packages/robocode_tank_royale/bot_api/internal/event_handler.py", line 110, in publish
Mar 31, 2026 3:47:59 AM dev.robocode.tankroyale.runner.internal.BooterManager startStdoutReader$lambda$0$0$0
INFO: [BOOTER] ERROR: Bot directory: /Users/jacobbecker/CPS485_RoboCode/SampleBots/Walls
Mar 31, 2026 3:47:59 AM dev.robocode.tankroyale.runner.internal.BooterManager startStdoutReader$lambda$0$0$0
INFO: [BOOTER]     entry.subscriber(event_data)
Mar 31, 2026 3:47:59 AM dev.robocode.tankroyale.runner.internal.BooterManager startStdoutReader$lambda$0$0$0
INFO: [BOOTER] ERROR: Bot directory: /Users/jacobbecker/CPS485_RoboCode/SampleBots/Walls
Mar 31, 2026 3:47:59 AM dev.robocode.tankroyale.runner.internal.BooterManager startStdoutReader$lambda$0$0$0
INFO: [BOOTER]   File "/Library/Frameworks/Python.framework/Versions/3.12/lib/python3.12/site-packages/robocode_tank_royale/bot_api/bot.py", line 27, in _stop_thread
Mar 31, 2026 3:47:59 AM dev.robocode.tankroyale.runner.internal.BooterManager startStdoutReader$lambda$0$0$0
INFO: [BOOTER] ERROR: Bot directory: /Users/jacobbecker/CPS485_RoboCode/SampleBots/Walls
Mar 31, 2026 3:47:59 AM dev.robocode.tankroyale.runner.internal.BooterManager startStdoutReader$lambda$0$0$0
INFO: [BOOTER]     self._base_bot_internals.stop_thread()
Mar 31, 2026 3:47:59 AM dev.robocode.tankroyale.runner.internal.BooterManager startStdoutReader$lambda$0$0$0
INFO: [BOOTER] ERROR: Bot directory: /Users/jacobbecker/CPS485_RoboCode/SampleBots/Walls
Mar 31, 2026 3:47:59 AM dev.robocode.tankroyale.runner.internal.BooterManager startStdoutReader$lambda$0$0$0
INFO: [BOOTER]   File "/Library/Frameworks/Python.framework/Versions/3.12/lib/python3.12/site-packages/robocode_tank_royale/bot_api/internal/base_bot_internals.py", line 332, in stop_thread
Mar 31, 2026 3:47:59 AM dev.robocode.tankroyale.runner.internal.BooterManager startStdoutReader$lambda$0$0$0
INFO: [BOOTER] ERROR: Bot directory: /Users/jacobbecker/CPS485_RoboCode/SampleBots/Walls
Mar 31, 2026 3:47:59 AM dev.robocode.tankroyale.runner.internal.BooterManager startStdoutReader$lambda$0$0$0
INFO: [BOOTER]     self.thread.join(timeout=5.0)  # Wait up to 5 seconds for thread to finish
Mar 31, 2026 3:47:59 AM dev.robocode.tankroyale.runner.internal.BooterManager startStdoutReader$lambda$0$0$0
INFO: [BOOTER] ERROR: Bot directory: /Users/jacobbecker/CPS485_RoboCode/SampleBots/Walls
Mar 31, 2026 3:47:59 AM dev.robocode.tankroyale.runner.internal.BooterManager startStdoutReader$lambda$0$0$0
INFO: [BOOTER]     ^^^^^^^^^^^^^^^^^^^^^^^^^^^^^
Mar 31, 2026 3:47:59 AM dev.robocode.tankroyale.runner.internal.BooterManager startStdoutReader$lambda$0$0$0
INFO: [BOOTER] ERROR: Bot directory: /Users/jacobbecker/CPS485_RoboCode/SampleBots/Walls
Mar 31, 2026 3:47:59 AM dev.robocode.tankroyale.runner.internal.BooterManager startStdoutReader$lambda$0$0$0
INFO: [BOOTER]   File "/Library/Frameworks/Python.framework/Versions/3.12/lib/python3.12/threading.py", line 1144, in join
Mar 31, 2026 3:47:59 AM dev.robocode.tankroyale.runner.internal.BooterManager startStdoutReader$lambda$0$0$0
INFO: [BOOTER] ERROR: Bot directory: /Users/jacobbecker/CPS485_RoboCode/SampleBots/Walls
Mar 31, 2026 3:47:59 AM dev.robocode.tankroyale.runner.internal.BooterManager startStdoutReader$lambda$0$0$0
INFO: [BOOTER]     raise RuntimeError("cannot join current thread")
Mar 31, 2026 3:47:59 AM dev.robocode.tankroyale.runner.internal.BooterManager startStdoutReader$lambda$0$0$0
INFO: [BOOTER] ERROR: Bot directory: /Users/jacobbecker/CPS485_RoboCode/SampleBots/Walls
Mar 31, 2026 3:47:59 AM dev.robocode.tankroyale.runner.internal.BooterManager startStdoutReader$lambda$0$0$0
INFO: [BOOTER] RuntimeError: cannot join current thread
Mar 31, 2026 3:48:01 AM dev.robocode.tankroyale.runner.internal.BooterManager startStdoutReader$lambda$0$0$0
INFO: [BOOTER] ERROR: Bot directory: /Users/jacobbecker/CPS485_RoboCode/SampleBots/Walls
Mar 31, 2026 3:48:01 AM dev.robocode.tankroyale.runner.internal.BooterManager startStdoutReader$lambda$0$0$0
INFO: [BOOTER] Traceback (most recent call last):
Mar 31, 2026 3:48:01 AM dev.robocode.tankroyale.runner.internal.BooterManager startStdoutReader$lambda$0$0$0
INFO: [BOOTER] ERROR: Bot directory: /Users/jacobbecker/CPS485_RoboCode/SampleBots/Walls
Mar 31, 2026 3:48:01 AM dev.robocode.tankroyale.runner.internal.BooterManager startStdoutReader$lambda$0$0$0
INFO: [BOOTER]   File "/Library/Frameworks/Python.framework/Versions/3.12/lib/python3.12/site-packages/robocode_tank_royale/bot_api/internal/base_bot_internals.py", line 279, in dispatch_events
Mar 31, 2026 3:48:01 AM dev.robocode.tankroyale.runner.internal.BooterManager startStdoutReader$lambda$0$0$0
INFO: [BOOTER] ERROR: Bot directory: /Users/jacobbecker/CPS485_RoboCode/SampleBots/Walls
Mar 31, 2026 3:48:01 AM dev.robocode.tankroyale.runner.internal.BooterManager startStdoutReader$lambda$0$0$0
INFO: [BOOTER]     self.event_queue.dispatch_events(turn_number)
Mar 31, 2026 3:48:01 AM dev.robocode.tankroyale.runner.internal.BooterManager startStdoutReader$lambda$0$0$0
INFO: [BOOTER] ERROR: Bot directory: /Users/jacobbecker/CPS485_RoboCode/SampleBots/Walls
Mar 31, 2026 3:48:01 AM dev.robocode.tankroyale.runner.internal.BooterManager startStdoutReader$lambda$0$0$0
INFO: [BOOTER]   File "/Library/Frameworks/Python.framework/Versions/3.12/lib/python3.12/site-packages/robocode_tank_royale/bot_api/internal/event_queue.py", line 121, in dispatch_events
Mar 31, 2026 3:48:01 AM dev.robocode.tankroyale.runner.internal.BooterManager startStdoutReader$lambda$0$0$0
INFO: [BOOTER] ERROR: Bot directory: /Users/jacobbecker/CPS485_RoboCode/SampleBots/Walls
Mar 31, 2026 3:48:01 AM dev.robocode.tankroyale.runner.internal.BooterManager startStdoutReader$lambda$0$0$0
INFO: [BOOTER]     self.dispatch(current_event, turn_number)
Mar 31, 2026 3:48:01 AM dev.robocode.tankroyale.runner.internal.BooterManager startStdoutReader$lambda$0$0$0
INFO: [BOOTER] ERROR: Bot directory: /Users/jacobbecker/CPS485_RoboCode/SampleBots/Walls
Mar 31, 2026 3:48:01 AM dev.robocode.tankroyale.runner.internal.BooterManager startStdoutReader$lambda$0$0$0
INFO: [BOOTER]   File "/Library/Frameworks/Python.framework/Versions/3.12/lib/python3.12/site-packages/robocode_tank_royale/bot_api/internal/event_queue.py", line 162, in dispatch
Mar 31, 2026 3:48:01 AM dev.robocode.tankroyale.runner.internal.BooterManager startStdoutReader$lambda$0$0$0
INFO: [BOOTER] ERROR: Bot directory: /Users/jacobbecker/CPS485_RoboCode/SampleBots/Walls
Mar 31, 2026 3:48:01 AM dev.robocode.tankroyale.runner.internal.BooterManager startStdoutReader$lambda$0$0$0
INFO: [BOOTER]     self.bot_event_handlers.fire_event(bot_event)
Mar 31, 2026 3:48:01 AM dev.robocode.tankroyale.runner.internal.BooterManager startStdoutReader$lambda$0$0$0
INFO: [BOOTER] ERROR: Bot directory: /Users/jacobbecker/CPS485_RoboCode/SampleBots/Walls
Mar 31, 2026 3:48:01 AM dev.robocode.tankroyale.runner.internal.BooterManager startStdoutReader$lambda$0$0$0
INFO: [BOOTER]   File "/Library/Frameworks/Python.framework/Versions/3.12/lib/python3.12/site-packages/robocode_tank_royale/bot_api/internal/bot_event_handlers.py", line 145, in fire_event
Mar 31, 2026 3:48:01 AM dev.robocode.tankroyale.runner.internal.BooterManager startStdoutReader$lambda$0$0$0
INFO: [BOOTER] ERROR: Bot directory: /Users/jacobbecker/CPS485_RoboCode/SampleBots/Walls
Mar 31, 2026 3:48:01 AM dev.robocode.tankroyale.runner.internal.BooterManager startStdoutReader$lambda$0$0$0
INFO: [BOOTER]     handler.publish(event)
Mar 31, 2026 3:48:01 AM dev.robocode.tankroyale.runner.internal.BooterManager startStdoutReader$lambda$0$0$0
INFO: [BOOTER] ERROR: Bot directory: /Users/jacobbecker/CPS485_RoboCode/SampleBots/Walls
Mar 31, 2026 3:48:01 AM dev.robocode.tankroyale.runner.internal.BooterManager startStdoutReader$lambda$0$0$0
INFO: [BOOTER]   File "/Library/Frameworks/Python.framework/Versions/3.12/lib/python3.12/site-packages/robocode_tank_royale/bot_api/internal/event_handler.py", line 110, in publish
Mar 31, 2026 3:48:01 AM dev.robocode.tankroyale.runner.internal.BooterManager startStdoutReader$lambda$0$0$0
INFO: [BOOTER] ERROR: Bot directory: /Users/jacobbecker/CPS485_RoboCode/SampleBots/Walls
Mar 31, 2026 3:48:01 AM dev.robocode.tankroyale.runner.internal.BooterManager startStdoutReader$lambda$0$0$0
INFO: [BOOTER]     entry.subscriber(event_data)
Mar 31, 2026 3:48:01 AM dev.robocode.tankroyale.runner.internal.BooterManager startStdoutReader$lambda$0$0$0
INFO: [BOOTER] ERROR: Bot directory: /Users/jacobbecker/CPS485_RoboCode/SampleBots/Walls
Mar 31, 2026 3:48:01 AM dev.robocode.tankroyale.runner.internal.BooterManager startStdoutReader$lambda$0$0$0
INFO: [BOOTER]   File "/Library/Frameworks/Python.framework/Versions/3.12/lib/python3.12/site-packages/robocode_tank_royale/bot_api/bot.py", line 27, in _stop_thread
Mar 31, 2026 3:48:01 AM dev.robocode.tankroyale.runner.internal.BooterManager startStdoutReader$lambda$0$0$0
INFO: [BOOTER] ERROR: Bot directory: /Users/jacobbecker/CPS485_RoboCode/SampleBots/Walls
Mar 31, 2026 3:48:01 AM dev.robocode.tankroyale.runner.internal.BooterManager startStdoutReader$lambda$0$0$0
INFO: [BOOTER]     self._base_bot_internals.stop_thread()
Mar 31, 2026 3:48:01 AM dev.robocode.tankroyale.runner.internal.BooterManager startStdoutReader$lambda$0$0$0
INFO: [BOOTER] ERROR: Bot directory: /Users/jacobbecker/CPS485_RoboCode/SampleBots/Walls
Mar 31, 2026 3:48:01 AM dev.robocode.tankroyale.runner.internal.BooterManager startStdoutReader$lambda$0$0$0
INFO: [BOOTER]   File "/Library/Frameworks/Python.framework/Versions/3.12/lib/python3.12/site-packages/robocode_tank_royale/bot_api/internal/base_bot_internals.py", line 332, in stop_thread
Mar 31, 2026 3:48:01 AM dev.robocode.tankroyale.runner.internal.BooterManager startStdoutReader$lambda$0$0$0
INFO: [BOOTER] ERROR: Bot directory: /Users/jacobbecker/CPS485_RoboCode/SampleBots/Walls
Mar 31, 2026 3:48:01 AM dev.robocode.tankroyale.runner.internal.BooterManager startStdoutReader$lambda$0$0$0
INFO: [BOOTER]     self.thread.join(timeout=5.0)  # Wait up to 5 seconds for thread to finish
Mar 31, 2026 3:48:01 AM dev.robocode.tankroyale.runner.internal.BooterManager startStdoutReader$lambda$0$0$0
INFO: [BOOTER] ERROR: Bot directory: /Users/jacobbecker/CPS485_RoboCode/SampleBots/Walls
Mar 31, 2026 3:48:01 AM dev.robocode.tankroyale.runner.internal.BooterManager startStdoutReader$lambda$0$0$0
INFO: [BOOTER]     ^^^^^^^^^^^^^^^^^^^^^^^^^^^^^
Mar 31, 2026 3:48:01 AM dev.robocode.tankroyale.runner.internal.BooterManager startStdoutReader$lambda$0$0$0
INFO: [BOOTER] ERROR: Bot directory: /Users/jacobbecker/CPS485_RoboCode/SampleBots/Walls
Mar 31, 2026 3:48:01 AM dev.robocode.tankroyale.runner.internal.BooterManager startStdoutReader$lambda$0$0$0
INFO: [BOOTER]   File "/Library/Frameworks/Python.framework/Versions/3.12/lib/python3.12/threading.py", line 1144, in join
Mar 31, 2026 3:48:01 AM dev.robocode.tankroyale.runner.internal.BooterManager startStdoutReader$lambda$0$0$0
INFO: [BOOTER] ERROR: Bot directory: /Users/jacobbecker/CPS485_RoboCode/SampleBots/Walls
Mar 31, 2026 3:48:01 AM dev.robocode.tankroyale.runner.internal.BooterManager startStdoutReader$lambda$0$0$0
INFO: [BOOTER]     raise RuntimeError("cannot join current thread")
Mar 31, 2026 3:48:01 AM dev.robocode.tankroyale.runner.internal.BooterManager startStdoutReader$lambda$0$0$0
INFO: [BOOTER] ERROR: Bot directory: /Users/jacobbecker/CPS485_RoboCode/SampleBots/Walls
Mar 31, 2026 3:48:01 AM dev.robocode.tankroyale.runner.internal.BooterManager startStdoutReader$lambda$0$0$0
INFO: [BOOTER] RuntimeError: cannot join current thread
Mar 31, 2026 3:48:09 AM dev.robocode.tankroyale.runner.internal.BooterManager startStdoutReader$lambda$0$0$0
INFO: [BOOTER] ERROR: Bot directory: /Users/jacobbecker/CPS485_RoboCode/SampleBots/Walls
Mar 31, 2026 3:48:09 AM dev.robocode.tankroyale.runner.internal.BooterManager startStdoutReader$lambda$0$0$0
INFO: [BOOTER] Traceback (most recent call last):
Mar 31, 2026 3:48:09 AM dev.robocode.tankroyale.runner.internal.BooterManager startStdoutReader$lambda$0$0$0
INFO: [BOOTER] ERROR: Bot directory: /Users/jacobbecker/CPS485_RoboCode/SampleBots/Walls
Mar 31, 2026 3:48:09 AM dev.robocode.tankroyale.runner.internal.BooterManager startStdoutReader$lambda$0$0$0
INFO: [BOOTER]   File "/Library/Frameworks/Python.framework/Versions/3.12/lib/python3.12/site-packages/robocode_tank_royale/bot_api/internal/base_bot_internals.py", line 279, in dispatch_events
Mar 31, 2026 3:48:09 AM dev.robocode.tankroyale.runner.internal.BooterManager startStdoutReader$lambda$0$0$0
INFO: [BOOTER] ERROR: Bot directory: /Users/jacobbecker/CPS485_RoboCode/SampleBots/Walls
Mar 31, 2026 3:48:09 AM dev.robocode.tankroyale.runner.internal.BooterManager startStdoutReader$lambda$0$0$0
INFO: [BOOTER]     self.event_queue.dispatch_events(turn_number)
Mar 31, 2026 3:48:09 AM dev.robocode.tankroyale.runner.internal.BooterManager startStdoutReader$lambda$0$0$0
INFO: [BOOTER] ERROR: Bot directory: /Users/jacobbecker/CPS485_RoboCode/SampleBots/Walls
Mar 31, 2026 3:48:09 AM dev.robocode.tankroyale.runner.internal.BooterManager startStdoutReader$lambda$0$0$0
INFO: [BOOTER]   File "/Library/Frameworks/Python.framework/Versions/3.12/lib/python3.12/site-packages/robocode_tank_royale/bot_api/internal/event_queue.py", line 121, in dispatch_events
Mar 31, 2026 3:48:09 AM dev.robocode.tankroyale.runner.internal.BooterManager startStdoutReader$lambda$0$0$0
INFO: [BOOTER] ERROR: Bot directory: /Users/jacobbecker/CPS485_RoboCode/SampleBots/Walls
Mar 31, 2026 3:48:09 AM dev.robocode.tankroyale.runner.internal.BooterManager startStdoutReader$lambda$0$0$0
INFO: [BOOTER]     self.dispatch(current_event, turn_number)
Mar 31, 2026 3:48:09 AM dev.robocode.tankroyale.runner.internal.BooterManager startStdoutReader$lambda$0$0$0
INFO: [BOOTER] ERROR: Bot directory: /Users/jacobbecker/CPS485_RoboCode/SampleBots/Walls
Mar 31, 2026 3:48:09 AM dev.robocode.tankroyale.runner.internal.BooterManager startStdoutReader$lambda$0$0$0
INFO: [BOOTER]   File "/Library/Frameworks/Python.framework/Versions/3.12/lib/python3.12/site-packages/robocode_tank_royale/bot_api/internal/event_queue.py", line 162, in dispatch
Mar 31, 2026 3:48:09 AM dev.robocode.tankroyale.runner.internal.BooterManager startStdoutReader$lambda$0$0$0
INFO: [BOOTER] ERROR: Bot directory: /Users/jacobbecker/CPS485_RoboCode/SampleBots/Walls
Mar 31, 2026 3:48:09 AM dev.robocode.tankroyale.runner.internal.BooterManager startStdoutReader$lambda$0$0$0
INFO: [BOOTER]     self.bot_event_handlers.fire_event(bot_event)
Mar 31, 2026 3:48:09 AM dev.robocode.tankroyale.runner.internal.BooterManager startStdoutReader$lambda$0$0$0
INFO: [BOOTER] ERROR: Bot directory: /Users/jacobbecker/CPS485_RoboCode/SampleBots/Walls
Mar 31, 2026 3:48:09 AM dev.robocode.tankroyale.runner.internal.BooterManager startStdoutReader$lambda$0$0$0
INFO: [BOOTER]   File "/Library/Frameworks/Python.framework/Versions/3.12/lib/python3.12/site-packages/robocode_tank_royale/bot_api/internal/bot_event_handlers.py", line 145, in fire_event
Mar 31, 2026 3:48:09 AM dev.robocode.tankroyale.runner.internal.BooterManager startStdoutReader$lambda$0$0$0
INFO: [BOOTER] ERROR: Bot directory: /Users/jacobbecker/CPS485_RoboCode/SampleBots/Walls
Mar 31, 2026 3:48:09 AM dev.robocode.tankroyale.runner.internal.BooterManager startStdoutReader$lambda$0$0$0
INFO: [BOOTER]     handler.publish(event)
Mar 31, 2026 3:48:09 AM dev.robocode.tankroyale.runner.internal.BooterManager startStdoutReader$lambda$0$0$0
INFO: [BOOTER] ERROR: Bot directory: /Users/jacobbecker/CPS485_RoboCode/SampleBots/Walls
Mar 31, 2026 3:48:09 AM dev.robocode.tankroyale.runner.internal.BooterManager startStdoutReader$lambda$0$0$0
INFO: [BOOTER]   File "/Library/Frameworks/Python.framework/Versions/3.12/lib/python3.12/site-packages/robocode_tank_royale/bot_api/internal/event_handler.py", line 110, in publish
Mar 31, 2026 3:48:09 AM dev.robocode.tankroyale.runner.internal.BooterManager startStdoutReader$lambda$0$0$0
INFO: [BOOTER] ERROR: Bot directory: /Users/jacobbecker/CPS485_RoboCode/SampleBots/Walls
Mar 31, 2026 3:48:09 AM dev.robocode.tankroyale.runner.internal.BooterManager startStdoutReader$lambda$0$0$0
INFO: [BOOTER]     entry.subscriber(event_data)
Mar 31, 2026 3:48:09 AM dev.robocode.tankroyale.runner.internal.BooterManager startStdoutReader$lambda$0$0$0
INFO: [BOOTER] ERROR: Bot directory: /Users/jacobbecker/CPS485_RoboCode/SampleBots/Walls
Mar 31, 2026 3:48:09 AM dev.robocode.tankroyale.runner.internal.BooterManager startStdoutReader$lambda$0$0$0
INFO: [BOOTER]   File "/Library/Frameworks/Python.framework/Versions/3.12/lib/python3.12/site-packages/robocode_tank_royale/bot_api/bot.py", line 27, in _stop_thread
Mar 31, 2026 3:48:09 AM dev.robocode.tankroyale.runner.internal.BooterManager startStdoutReader$lambda$0$0$0
INFO: [BOOTER] ERROR: Bot directory: /Users/jacobbecker/CPS485_RoboCode/SampleBots/Walls
Mar 31, 2026 3:48:09 AM dev.robocode.tankroyale.runner.internal.BooterManager startStdoutReader$lambda$0$0$0
INFO: [BOOTER]     self._base_bot_internals.stop_thread()
Mar 31, 2026 3:48:09 AM dev.robocode.tankroyale.runner.internal.BooterManager startStdoutReader$lambda$0$0$0
INFO: [BOOTER] ERROR: Bot directory: /Users/jacobbecker/CPS485_RoboCode/SampleBots/Walls
Mar 31, 2026 3:48:09 AM dev.robocode.tankroyale.runner.internal.BooterManager startStdoutReader$lambda$0$0$0
INFO: [BOOTER]   File "/Library/Frameworks/Python.framework/Versions/3.12/lib/python3.12/site-packages/robocode_tank_royale/bot_api/internal/base_bot_internals.py", line 332, in stop_thread
Mar 31, 2026 3:48:09 AM dev.robocode.tankroyale.runner.internal.BooterManager startStdoutReader$lambda$0$0$0
INFO: [BOOTER] ERROR: Bot directory: /Users/jacobbecker/CPS485_RoboCode/SampleBots/Walls
Mar 31, 2026 3:48:09 AM dev.robocode.tankroyale.runner.internal.BooterManager startStdoutReader$lambda$0$0$0
INFO: [BOOTER]     self.thread.join(timeout=5.0)  # Wait up to 5 seconds for thread to finish
Mar 31, 2026 3:48:09 AM dev.robocode.tankroyale.runner.internal.BooterManager startStdoutReader$lambda$0$0$0
INFO: [BOOTER] ERROR: Bot directory: /Users/jacobbecker/CPS485_RoboCode/SampleBots/Walls
Mar 31, 2026 3:48:09 AM dev.robocode.tankroyale.runner.internal.BooterManager startStdoutReader$lambda$0$0$0
INFO: [BOOTER]     ^^^^^^^^^^^^^^^^^^^^^^^^^^^^^
Mar 31, 2026 3:48:09 AM dev.robocode.tankroyale.runner.internal.BooterManager startStdoutReader$lambda$0$0$0
INFO: [BOOTER] ERROR: Bot directory: /Users/jacobbecker/CPS485_RoboCode/SampleBots/Walls
Mar 31, 2026 3:48:09 AM dev.robocode.tankroyale.runner.internal.BooterManager startStdoutReader$lambda$0$0$0
INFO: [BOOTER]   File "/Library/Frameworks/Python.framework/Versions/3.12/lib/python3.12/threading.py", line 1144, in join
Mar 31, 2026 3:48:09 AM dev.robocode.tankroyale.runner.internal.BooterManager startStdoutReader$lambda$0$0$0
INFO: [BOOTER] ERROR: Bot directory: /Users/jacobbecker/CPS485_RoboCode/SampleBots/Walls
Mar 31, 2026 3:48:09 AM dev.robocode.tankroyale.runner.internal.BooterManager startStdoutReader$lambda$0$0$0
INFO: [BOOTER]     raise RuntimeError("cannot join current thread")
Mar 31, 2026 3:48:09 AM dev.robocode.tankroyale.runner.internal.BooterManager startStdoutReader$lambda$0$0$0
INFO: [BOOTER] ERROR: Bot directory: /Users/jacobbecker/CPS485_RoboCode/SampleBots/Walls
Mar 31, 2026 3:48:09 AM dev.robocode.tankroyale.runner.internal.BooterManager startStdoutReader$lambda$0$0$0
INFO: [BOOTER] RuntimeError: cannot join current thread
Mar 31, 2026 3:48:23 AM dev.robocode.tankroyale.runner.internal.ServerManager startStdoutReader$lambda$0$0$0
INFO: [SERVER] 2026-03-31 03:48:23.061 [32m[INFO][39m Game ended
Mar 31, 2026 3:48:23 AM dev.robocode.tankroyale.runner.BattleRunner startBattleAsync$lambda$7
INFO: Battle finished, cleaning up...
Mar 31, 2026 3:48:23 AM dev.robocode.tankroyale.runner.internal.BooterManager startStdoutReader$lambda$0$0$0
INFO: [BOOTER] stopped 56809
Mar 31, 2026 3:48:23 AM dev.robocode.tankroyale.runner.internal.BooterManager startStdoutReader$lambda$0$0$0
INFO: [BOOTER] stopped 56810
Mar 31, 2026 3:48:23 AM dev.robocode.tankroyale.runner.internal.ServerManager startStdoutReader$lambda$0$0$0
INFO: [SERVER] 2026-03-31 03:48:23.075 [32m[INFO][39m Bot left: Walls 1.0
Rounds played: 100
#1 Walls v1.0 score=11452 first=92
#2 DQNBot v1.0.0 score=2406 first=8
Mar 31, 2026 3:48:23 AM dev.robocode.tankroyale.runner.internal.ServerManager startStdoutReader$lambda$0$0$0
INFO: [SERVER] 2026-03-31 03:48:23.080 [32m[INFO][39m Observer left: Robocode Tank Royale Battle Runner 0.38.2
Mar 31, 2026 3:48:23 AM dev.robocode.tankroyale.runner.internal.ServerManager startStdoutReader$lambda$0$0$0
INFO: [SERVER] 2026-03-31 03:48:23.080 [32m[INFO][39m Controller left: Robocode Tank Royale Battle Runner 0.38.2
Mar 31, 2026 3:48:23 AM dev.robocode.tankroyale.runner.internal.ServerManager startStdoutReader$lambda$0$0$0
INFO: [SERVER] 2026-03-31 03:48:23.081 [32m[INFO][39m Bot left: DQNBot 1.0.0
Mar 31, 2026 3:48:23 AM dev.robocode.tankroyale.runner.internal.ServerManager startStdoutReader$lambda$0$0$0
INFO: [SERVER] 2026-03-31 03:48:23.081 [32m[INFO][39m Aborting game
Mar 31, 2026 3:48:23 AM dev.robocode.tankroyale.runner.internal.ServerManager startStdoutReader$lambda$0$0$0
INFO: [SERVER] 2026-03-31 03:48:23.082 [32m[INFO][39m Stopping server
