Mar 31, 2026 3:24:43 AM dev.robocode.tankroyale.runner.BattleRunner startBattleAsync
INFO: Starting battle: rounds=100, bots=2
Mar 31, 2026 3:24:44 AM dev.robocode.tankroyale.runner.internal.ServerManager startStdoutReader$lambda$0$0$0
INFO: [SERVER] [1m[38;5;21m              ___________[0m
Mar 31, 2026 3:24:44 AM dev.robocode.tankroyale.runner.internal.ServerManager startStdoutReader$lambda$0$0$0
INFO: [SERVER] [1m[38;5;21m             /           |[0m[1m[38;5;102m[[[]========((()[0m
Mar 31, 2026 3:24:44 AM dev.robocode.tankroyale.runner.internal.ServerManager startStdoutReader$lambda$0$0$0
INFO: [SERVER] [1m[38;5;21m   _________|____________|___________[0m
Mar 31, 2026 3:24:44 AM dev.robocode.tankroyale.runner.internal.ServerManager startStdoutReader$lambda$0$0$0
INFO: [SERVER] [1m[38;5;102m _[0m[1m[38;5;21m/[0m[1m[38;5;102m_[0m[1m[38;5;21m________________________________[0m[1m[38;5;102m_[0m[1m[38;5;21m\[0m[1m[38;5;102m_[0m
Mar 31, 2026 3:24:44 AM dev.robocode.tankroyale.runner.internal.ServerManager startStdoutReader$lambda$0$0$0
INFO: [SERVER] [1m[38;5;102m/ _ ) ___  ___  ___  ___  ___  ___ / ,_|[0m
Mar 31, 2026 3:24:44 AM dev.robocode.tankroyale.runner.internal.ServerManager startStdoutReader$lambda$0$0$0
INFO: [SERVER] [1m[38;5;102m\_\_\/ _ \| __)/ _ \/ __// _ \| _ \\__|[0m
Mar 31, 2026 3:24:44 AM dev.robocode.tankroyale.runner.internal.ServerManager startStdoutReader$lambda$0$0$0
INFO: [SERVER] [1m[38;5;102m     \___/|___)\___/\___|\___/|___/[0m
Mar 31, 2026 3:24:44 AM dev.robocode.tankroyale.runner.internal.ServerManager startStdoutReader$lambda$0$0$0
INFO: [SERVER] 
Mar 31, 2026 3:24:44 AM dev.robocode.tankroyale.runner.internal.ServerManager startStdoutReader$lambda$0$0$0
INFO: [SERVER] [1m[32m          Robocode Tank Royale[0m
Mar 31, 2026 3:24:44 AM dev.robocode.tankroyale.runner.internal.ServerManager startStdoutReader$lambda$0$0$0
INFO: [SERVER] 
Mar 31, 2026 3:24:44 AM dev.robocode.tankroyale.runner.internal.ServerManager startStdoutReader$lambda$0$0$0
INFO: [SERVER] Robocode Tank Royale Server 0.38.2
Mar 31, 2026 3:24:44 AM dev.robocode.tankroyale.runner.internal.ServerManager startStdoutReader$lambda$0$0$0
INFO: [SERVER] 2026-03-31 03:24:44.015 [32m[INFO][39m Server secrets: [32mENABLED[39m (controllers=1, bots=1)
Mar 31, 2026 3:24:44 AM dev.robocode.tankroyale.runner.internal.ServerManager startStdoutReader$lambda$0$0$0
INFO: [SERVER] 2026-03-31 03:24:44.039 [32m[INFO][39m Starting server on port 49554 with supporting game type(s): classic
Mar 31, 2026 3:24:44 AM dev.robocode.tankroyale.runner.internal.ServerManager startStdoutReader$lambda$0$0$0
INFO: [SERVER] 2026-03-31 03:24:44.625 [32m[INFO][39m Observer joined: Robocode Tank Royale Battle Runner 0.38.2
Mar 31, 2026 3:24:44 AM dev.robocode.tankroyale.runner.BattleRunner startBattleAsync
INFO: Booting bots...
Mar 31, 2026 3:24:44 AM dev.robocode.tankroyale.runner.internal.ServerManager startStdoutReader$lambda$0$0$0
INFO: [SERVER] 2026-03-31 03:24:44.626 [32m[INFO][39m Controller joined: Robocode Tank Royale Battle Runner 0.38.2
Mar 31, 2026 3:24:44 AM dev.robocode.tankroyale.runner.internal.BooterManager startStdoutReader$lambda$0$0$0
INFO: [BOOTER] 55078;/Users/jacobbecker/CPS485_RoboCode/Jacob/Jacob3_0/HeadlessDQNBot
Mar 31, 2026 3:24:44 AM dev.robocode.tankroyale.runner.internal.BooterManager startStdoutReader$lambda$0$0$0
INFO: [BOOTER] 55079;/Users/jacobbecker/CPS485_RoboCode/SampleBots/TrackFire
Mar 31, 2026 3:24:45 AM dev.robocode.tankroyale.runner.internal.ServerManager startStdoutReader$lambda$0$0$0
INFO: [SERVER] 2026-03-31 03:24:45.030 [32m[INFO][39m Bot joined: Track Fire 1.0
Mar 31, 2026 3:24:46 AM dev.robocode.tankroyale.runner.internal.ServerManager startStdoutReader$lambda$0$0$0
INFO: [SERVER] 2026-03-31 03:24:46.669 [32m[INFO][39m Bot joined: DQNBot 1.0.0
Mar 31, 2026 3:24:46 AM dev.robocode.tankroyale.runner.BattleRunner startBattleAsync
INFO: Starting game...
Mar 31, 2026 3:24:46 AM dev.robocode.tankroyale.runner.internal.ServerManager startStdoutReader$lambda$0$0$0
INFO: [SERVER] 2026-03-31 03:24:46.690 [32m[INFO][39m Bot ready: DQNBot 1.0.0
Mar 31, 2026 3:24:46 AM dev.robocode.tankroyale.runner.internal.ServerManager startStdoutReader$lambda$0$0$0
INFO: [SERVER] 2026-03-31 03:24:46.692 [32m[INFO][39m Bot ready: Track Fire 1.0
Mar 31, 2026 3:24:46 AM dev.robocode.tankroyale.runner.internal.ServerManager startStdoutReader$lambda$0$0$0
INFO: [SERVER] 2026-03-31 03:24:46.693 [32m[INFO][39m Starting game
Mar 31, 2026 3:24:46 AM dev.robocode.tankroyale.runner.BattleRunner startBattleAsync
INFO: Battle started successfully
Mar 31, 2026 3:24:52 AM dev.robocode.tankroyale.runner.internal.BooterManager startStdoutReader$lambda$0$0$0
INFO: [BOOTER] ERROR: Bot directory: /Users/jacobbecker/CPS485_RoboCode/SampleBots/TrackFire
Mar 31, 2026 3:24:52 AM dev.robocode.tankroyale.runner.internal.BooterManager startStdoutReader$lambda$0$0$0
INFO: [BOOTER] Traceback (most recent call last):
Mar 31, 2026 3:24:52 AM dev.robocode.tankroyale.runner.internal.BooterManager startStdoutReader$lambda$0$0$0
INFO: [BOOTER] ERROR: Bot directory: /Users/jacobbecker/CPS485_RoboCode/SampleBots/TrackFire
Mar 31, 2026 3:24:52 AM dev.robocode.tankroyale.runner.internal.BooterManager startStdoutReader$lambda$0$0$0
INFO: [BOOTER]   File "/Library/Frameworks/Python.framework/Versions/3.12/lib/python3.12/site-packages/robocode_tank_royale/bot_api/internal/base_bot_internals.py", line 279, in dispatch_events
Mar 31, 2026 3:24:52 AM dev.robocode.tankroyale.runner.internal.BooterManager startStdoutReader$lambda$0$0$0
INFO: [BOOTER] ERROR: Bot directory: /Users/jacobbecker/CPS485_RoboCode/SampleBots/TrackFire
Mar 31, 2026 3:24:52 AM dev.robocode.tankroyale.runner.internal.BooterManager startStdoutReader$lambda$0$0$0
INFO: [BOOTER]     self.event_queue.dispatch_events(turn_number)
Mar 31, 2026 3:24:52 AM dev.robocode.tankroyale.runner.internal.BooterManager startStdoutReader$lambda$0$0$0
INFO: [BOOTER] ERROR: Bot directory: /Users/jacobbecker/CPS485_RoboCode/SampleBots/TrackFire
Mar 31, 2026 3:24:52 AM dev.robocode.tankroyale.runner.internal.BooterManager startStdoutReader$lambda$0$0$0
INFO: [BOOTER]   File "/Library/Frameworks/Python.framework/Versions/3.12/lib/python3.12/site-packages/robocode_tank_royale/bot_api/internal/event_queue.py", line 121, in dispatch_events
Mar 31, 2026 3:24:52 AM dev.robocode.tankroyale.runner.internal.BooterManager startStdoutReader$lambda$0$0$0
INFO: [BOOTER] ERROR: Bot directory: /Users/jacobbecker/CPS485_RoboCode/SampleBots/TrackFire
Mar 31, 2026 3:24:52 AM dev.robocode.tankroyale.runner.internal.BooterManager startStdoutReader$lambda$0$0$0
INFO: [BOOTER]     self.dispatch(current_event, turn_number)
Mar 31, 2026 3:24:52 AM dev.robocode.tankroyale.runner.internal.BooterManager startStdoutReader$lambda$0$0$0
INFO: [BOOTER] ERROR: Bot directory: /Users/jacobbecker/CPS485_RoboCode/SampleBots/TrackFire
Mar 31, 2026 3:24:52 AM dev.robocode.tankroyale.runner.internal.BooterManager startStdoutReader$lambda$0$0$0
INFO: [BOOTER]   File "/Library/Frameworks/Python.framework/Versions/3.12/lib/python3.12/site-packages/robocode_tank_royale/bot_api/internal/event_queue.py", line 162, in dispatch
Mar 31, 2026 3:24:52 AM dev.robocode.tankroyale.runner.internal.BooterManager startStdoutReader$lambda$0$0$0
INFO: [BOOTER] ERROR: Bot directory: /Users/jacobbecker/CPS485_RoboCode/SampleBots/TrackFire
Mar 31, 2026 3:24:52 AM dev.robocode.tankroyale.runner.internal.BooterManager startStdoutReader$lambda$0$0$0
INFO: [BOOTER]     self.bot_event_handlers.fire_event(bot_event)
Mar 31, 2026 3:24:52 AM dev.robocode.tankroyale.runner.internal.BooterManager startStdoutReader$lambda$0$0$0
INFO: [BOOTER] ERROR: Bot directory: /Users/jacobbecker/CPS485_RoboCode/SampleBots/TrackFire
Mar 31, 2026 3:24:52 AM dev.robocode.tankroyale.runner.internal.BooterManager startStdoutReader$lambda$0$0$0
INFO: [BOOTER]   File "/Library/Frameworks/Python.framework/Versions/3.12/lib/python3.12/site-packages/robocode_tank_royale/bot_api/internal/bot_event_handlers.py", line 145, in fire_event
Mar 31, 2026 3:24:52 AM dev.robocode.tankroyale.runner.internal.BooterManager startStdoutReader$lambda$0$0$0
INFO: [BOOTER] ERROR: Bot directory: /Users/jacobbecker/CPS485_RoboCode/SampleBots/TrackFire
Mar 31, 2026 3:24:52 AM dev.robocode.tankroyale.runner.internal.BooterManager startStdoutReader$lambda$0$0$0
INFO: [BOOTER]     handler.publish(event)
Mar 31, 2026 3:24:52 AM dev.robocode.tankroyale.runner.internal.BooterManager startStdoutReader$lambda$0$0$0
INFO: [BOOTER] ERROR: Bot directory: /Users/jacobbecker/CPS485_RoboCode/SampleBots/TrackFire
Mar 31, 2026 3:24:52 AM dev.robocode.tankroyale.runner.internal.BooterManager startStdoutReader$lambda$0$0$0
INFO: [BOOTER]   File "/Library/Frameworks/Python.framework/Versions/3.12/lib/python3.12/site-packages/robocode_tank_royale/bot_api/internal/event_handler.py", line 110, in publish
Mar 31, 2026 3:24:52 AM dev.robocode.tankroyale.runner.internal.BooterManager startStdoutReader$lambda$0$0$0
INFO: [BOOTER] ERROR: Bot directory: /Users/jacobbecker/CPS485_RoboCode/SampleBots/TrackFire
Mar 31, 2026 3:24:52 AM dev.robocode.tankroyale.runner.internal.BooterManager startStdoutReader$lambda$0$0$0
INFO: [BOOTER]     entry.subscriber(event_data)
Mar 31, 2026 3:24:52 AM dev.robocode.tankroyale.runner.internal.BooterManager startStdoutReader$lambda$0$0$0
INFO: [BOOTER] ERROR: Bot directory: /Users/jacobbecker/CPS485_RoboCode/SampleBots/TrackFire
Mar 31, 2026 3:24:52 AM dev.robocode.tankroyale.runner.internal.BooterManager startStdoutReader$lambda$0$0$0
INFO: [BOOTER]   File "/Library/Frameworks/Python.framework/Versions/3.12/lib/python3.12/site-packages/robocode_tank_royale/bot_api/bot.py", line 27, in _stop_thread
Mar 31, 2026 3:24:52 AM dev.robocode.tankroyale.runner.internal.BooterManager startStdoutReader$lambda$0$0$0
INFO: [BOOTER] ERROR: Bot directory: /Users/jacobbecker/CPS485_RoboCode/SampleBots/TrackFire
Mar 31, 2026 3:24:52 AM dev.robocode.tankroyale.runner.internal.BooterManager startStdoutReader$lambda$0$0$0
INFO: [BOOTER]     self._base_bot_internals.stop_thread()
Mar 31, 2026 3:24:52 AM dev.robocode.tankroyale.runner.internal.BooterManager startStdoutReader$lambda$0$0$0
INFO: [BOOTER] ERROR: Bot directory: /Users/jacobbecker/CPS485_RoboCode/SampleBots/TrackFire
Mar 31, 2026 3:24:52 AM dev.robocode.tankroyale.runner.internal.BooterManager startStdoutReader$lambda$0$0$0
INFO: [BOOTER]   File "/Library/Frameworks/Python.framework/Versions/3.12/lib/python3.12/site-packages/robocode_tank_royale/bot_api/internal/base_bot_internals.py", line 332, in stop_thread
Mar 31, 2026 3:24:52 AM dev.robocode.tankroyale.runner.internal.BooterManager startStdoutReader$lambda$0$0$0
INFO: [BOOTER] ERROR: Bot directory: /Users/jacobbecker/CPS485_RoboCode/SampleBots/TrackFire
Mar 31, 2026 3:24:52 AM dev.robocode.tankroyale.runner.internal.BooterManager startStdoutReader$lambda$0$0$0
INFO: [BOOTER]     self.thread.join(timeout=5.0)  # Wait up to 5 seconds for thread to finish
Mar 31, 2026 3:24:52 AM dev.robocode.tankroyale.runner.internal.BooterManager startStdoutReader$lambda$0$0$0
INFO: [BOOTER] ERROR: Bot directory: /Users/jacobbecker/CPS485_RoboCode/SampleBots/TrackFire
Mar 31, 2026 3:24:52 AM dev.robocode.tankroyale.runner.internal.BooterManager startStdoutReader$lambda$0$0$0
INFO: [BOOTER]     ^^^^^^^^^^^^^^^^^^^^^^^^^^^^^
Mar 31, 2026 3:24:52 AM dev.robocode.tankroyale.runner.internal.BooterManager startStdoutReader$lambda$0$0$0
INFO: [BOOTER] ERROR: Bot directory: /Users/jacobbecker/CPS485_RoboCode/SampleBots/TrackFire
Mar 31, 2026 3:24:52 AM dev.robocode.tankroyale.runner.internal.BooterManager startStdoutReader$lambda$0$0$0
INFO: [BOOTER]   File "/Library/Frameworks/Python.framework/Versions/3.12/lib/python3.12/threading.py", line 1144, in join
Mar 31, 2026 3:24:52 AM dev.robocode.tankroyale.runner.internal.BooterManager startStdoutReader$lambda$0$0$0
INFO: [BOOTER] ERROR: Bot directory: /Users/jacobbecker/CPS485_RoboCode/SampleBots/TrackFire
Mar 31, 2026 3:24:52 AM dev.robocode.tankroyale.runner.internal.BooterManager startStdoutReader$lambda$0$0$0
INFO: [BOOTER]     raise RuntimeError("cannot join current thread")
Mar 31, 2026 3:24:52 AM dev.robocode.tankroyale.runner.internal.BooterManager startStdoutReader$lambda$0$0$0
INFO: [BOOTER] ERROR: Bot directory: /Users/jacobbecker/CPS485_RoboCode/SampleBots/TrackFire
Mar 31, 2026 3:24:52 AM dev.robocode.tankroyale.runner.internal.BooterManager startStdoutReader$lambda$0$0$0
INFO: [BOOTER] RuntimeError: cannot join current thread
Mar 31, 2026 3:25:05 AM dev.robocode.tankroyale.runner.internal.BooterManager startStdoutReader$lambda$0$0$0
INFO: [BOOTER] ERROR: Bot directory: /Users/jacobbecker/CPS485_RoboCode/SampleBots/TrackFire
Mar 31, 2026 3:25:05 AM dev.robocode.tankroyale.runner.internal.BooterManager startStdoutReader$lambda$0$0$0
INFO: [BOOTER] Traceback (most recent call last):
Mar 31, 2026 3:25:05 AM dev.robocode.tankroyale.runner.internal.BooterManager startStdoutReader$lambda$0$0$0
INFO: [BOOTER] ERROR: Bot directory: /Users/jacobbecker/CPS485_RoboCode/SampleBots/TrackFire
Mar 31, 2026 3:25:05 AM dev.robocode.tankroyale.runner.internal.BooterManager startStdoutReader$lambda$0$0$0
INFO: [BOOTER]   File "/Library/Frameworks/Python.framework/Versions/3.12/lib/python3.12/site-packages/robocode_tank_royale/bot_api/internal/base_bot_internals.py", line 279, in dispatch_events
Mar 31, 2026 3:25:05 AM dev.robocode.tankroyale.runner.internal.BooterManager startStdoutReader$lambda$0$0$0
INFO: [BOOTER] ERROR: Bot directory: /Users/jacobbecker/CPS485_RoboCode/SampleBots/TrackFire
Mar 31, 2026 3:25:05 AM dev.robocode.tankroyale.runner.internal.BooterManager startStdoutReader$lambda$0$0$0
INFO: [BOOTER]     self.event_queue.dispatch_events(turn_number)
Mar 31, 2026 3:25:05 AM dev.robocode.tankroyale.runner.internal.BooterManager startStdoutReader$lambda$0$0$0
INFO: [BOOTER] ERROR: Bot directory: /Users/jacobbecker/CPS485_RoboCode/SampleBots/TrackFire
Mar 31, 2026 3:25:05 AM dev.robocode.tankroyale.runner.internal.BooterManager startStdoutReader$lambda$0$0$0
INFO: [BOOTER]   File "/Library/Frameworks/Python.framework/Versions/3.12/lib/python3.12/site-packages/robocode_tank_royale/bot_api/internal/event_queue.py", line 121, in dispatch_events
Mar 31, 2026 3:25:05 AM dev.robocode.tankroyale.runner.internal.BooterManager startStdoutReader$lambda$0$0$0
INFO: [BOOTER] ERROR: Bot directory: /Users/jacobbecker/CPS485_RoboCode/SampleBots/TrackFire
Mar 31, 2026 3:25:05 AM dev.robocode.tankroyale.runner.internal.BooterManager startStdoutReader$lambda$0$0$0
INFO: [BOOTER]     self.dispatch(current_event, turn_number)
Mar 31, 2026 3:25:05 AM dev.robocode.tankroyale.runner.internal.BooterManager startStdoutReader$lambda$0$0$0
INFO: [BOOTER] ERROR: Bot directory: /Users/jacobbecker/CPS485_RoboCode/SampleBots/TrackFire
Mar 31, 2026 3:25:05 AM dev.robocode.tankroyale.runner.internal.BooterManager startStdoutReader$lambda$0$0$0
INFO: [BOOTER]   File "/Library/Frameworks/Python.framework/Versions/3.12/lib/python3.12/site-packages/robocode_tank_royale/bot_api/internal/event_queue.py", line 162, in dispatch
Mar 31, 2026 3:25:05 AM dev.robocode.tankroyale.runner.internal.BooterManager startStdoutReader$lambda$0$0$0
INFO: [BOOTER] ERROR: Bot directory: /Users/jacobbecker/CPS485_RoboCode/SampleBots/TrackFire
Mar 31, 2026 3:25:05 AM dev.robocode.tankroyale.runner.internal.BooterManager startStdoutReader$lambda$0$0$0
INFO: [BOOTER]     self.bot_event_handlers.fire_event(bot_event)
Mar 31, 2026 3:25:05 AM dev.robocode.tankroyale.runner.internal.BooterManager startStdoutReader$lambda$0$0$0
INFO: [BOOTER] ERROR: Bot directory: /Users/jacobbecker/CPS485_RoboCode/SampleBots/TrackFire
Mar 31, 2026 3:25:05 AM dev.robocode.tankroyale.runner.internal.BooterManager startStdoutReader$lambda$0$0$0
INFO: [BOOTER]   File "/Library/Frameworks/Python.framework/Versions/3.12/lib/python3.12/site-packages/robocode_tank_royale/bot_api/internal/bot_event_handlers.py", line 145, in fire_event
Mar 31, 2026 3:25:05 AM dev.robocode.tankroyale.runner.internal.BooterManager startStdoutReader$lambda$0$0$0
INFO: [BOOTER] ERROR: Bot directory: /Users/jacobbecker/CPS485_RoboCode/SampleBots/TrackFire
Mar 31, 2026 3:25:05 AM dev.robocode.tankroyale.runner.internal.BooterManager startStdoutReader$lambda$0$0$0
INFO: [BOOTER]     handler.publish(event)
Mar 31, 2026 3:25:05 AM dev.robocode.tankroyale.runner.internal.BooterManager startStdoutReader$lambda$0$0$0
INFO: [BOOTER] ERROR: Bot directory: /Users/jacobbecker/CPS485_RoboCode/SampleBots/TrackFire
Mar 31, 2026 3:25:05 AM dev.robocode.tankroyale.runner.internal.BooterManager startStdoutReader$lambda$0$0$0
INFO: [BOOTER]   File "/Library/Frameworks/Python.framework/Versions/3.12/lib/python3.12/site-packages/robocode_tank_royale/bot_api/internal/event_handler.py", line 110, in publish
Mar 31, 2026 3:25:05 AM dev.robocode.tankroyale.runner.internal.BooterManager startStdoutReader$lambda$0$0$0
INFO: [BOOTER] ERROR: Bot directory: /Users/jacobbecker/CPS485_RoboCode/SampleBots/TrackFire
Mar 31, 2026 3:25:05 AM dev.robocode.tankroyale.runner.internal.BooterManager startStdoutReader$lambda$0$0$0
INFO: [BOOTER]     entry.subscriber(event_data)
Mar 31, 2026 3:25:05 AM dev.robocode.tankroyale.runner.internal.BooterManager startStdoutReader$lambda$0$0$0
INFO: [BOOTER] ERROR: Bot directory: /Users/jacobbecker/CPS485_RoboCode/SampleBots/TrackFire
Mar 31, 2026 3:25:05 AM dev.robocode.tankroyale.runner.internal.BooterManager startStdoutReader$lambda$0$0$0
INFO: [BOOTER]   File "/Library/Frameworks/Python.framework/Versions/3.12/lib/python3.12/site-packages/robocode_tank_royale/bot_api/bot.py", line 27, in _stop_thread
Mar 31, 2026 3:25:05 AM dev.robocode.tankroyale.runner.internal.BooterManager startStdoutReader$lambda$0$0$0
INFO: [BOOTER] ERROR: Bot directory: /Users/jacobbecker/CPS485_RoboCode/SampleBots/TrackFire
Mar 31, 2026 3:25:05 AM dev.robocode.tankroyale.runner.internal.BooterManager startStdoutReader$lambda$0$0$0
INFO: [BOOTER]     self._base_bot_internals.stop_thread()
Mar 31, 2026 3:25:05 AM dev.robocode.tankroyale.runner.internal.BooterManager startStdoutReader$lambda$0$0$0
INFO: [BOOTER] ERROR: Bot directory: /Users/jacobbecker/CPS485_RoboCode/SampleBots/TrackFire
Mar 31, 2026 3:25:05 AM dev.robocode.tankroyale.runner.internal.BooterManager startStdoutReader$lambda$0$0$0
INFO: [BOOTER]   File "/Library/Frameworks/Python.framework/Versions/3.12/lib/python3.12/site-packages/robocode_tank_royale/bot_api/internal/base_bot_internals.py", line 332, in stop_thread
Mar 31, 2026 3:25:05 AM dev.robocode.tankroyale.runner.internal.BooterManager startStdoutReader$lambda$0$0$0
INFO: [BOOTER] ERROR: Bot directory: /Users/jacobbecker/CPS485_RoboCode/SampleBots/TrackFire
Mar 31, 2026 3:25:05 AM dev.robocode.tankroyale.runner.internal.BooterManager startStdoutReader$lambda$0$0$0
INFO: [BOOTER]     self.thread.join(timeout=5.0)  # Wait up to 5 seconds for thread to finish
Mar 31, 2026 3:25:05 AM dev.robocode.tankroyale.runner.internal.BooterManager startStdoutReader$lambda$0$0$0
INFO: [BOOTER] ERROR: Bot directory: /Users/jacobbecker/CPS485_RoboCode/SampleBots/TrackFire
Mar 31, 2026 3:25:05 AM dev.robocode.tankroyale.runner.internal.BooterManager startStdoutReader$lambda$0$0$0
INFO: [BOOTER]     ^^^^^^^^^^^^^^^^^^^^^^^^^^^^^
Mar 31, 2026 3:25:05 AM dev.robocode.tankroyale.runner.internal.BooterManager startStdoutReader$lambda$0$0$0
INFO: [BOOTER] ERROR: Bot directory: /Users/jacobbecker/CPS485_RoboCode/SampleBots/TrackFire
Mar 31, 2026 3:25:05 AM dev.robocode.tankroyale.runner.internal.BooterManager startStdoutReader$lambda$0$0$0
INFO: [BOOTER]   File "/Library/Frameworks/Python.framework/Versions/3.12/lib/python3.12/threading.py", line 1144, in join
Mar 31, 2026 3:25:05 AM dev.robocode.tankroyale.runner.internal.BooterManager startStdoutReader$lambda$0$0$0
INFO: [BOOTER] ERROR: Bot directory: /Users/jacobbecker/CPS485_RoboCode/SampleBots/TrackFire
Mar 31, 2026 3:25:05 AM dev.robocode.tankroyale.runner.internal.BooterManager startStdoutReader$lambda$0$0$0
INFO: [BOOTER]     raise RuntimeError("cannot join current thread")
Mar 31, 2026 3:25:05 AM dev.robocode.tankroyale.runner.internal.BooterManager startStdoutReader$lambda$0$0$0
INFO: [BOOTER] ERROR: Bot directory: /Users/jacobbecker/CPS485_RoboCode/SampleBots/TrackFire
Mar 31, 2026 3:25:05 AM dev.robocode.tankroyale.runner.internal.BooterManager startStdoutReader$lambda$0$0$0
INFO: [BOOTER] RuntimeError: cannot join current thread
Mar 31, 2026 3:25:08 AM dev.robocode.tankroyale.runner.internal.BooterManager startStdoutReader$lambda$0$0$0
INFO: [BOOTER] ERROR: Bot directory: /Users/jacobbecker/CPS485_RoboCode/SampleBots/TrackFire
Mar 31, 2026 3:25:08 AM dev.robocode.tankroyale.runner.internal.BooterManager startStdoutReader$lambda$0$0$0
INFO: [BOOTER] Traceback (most recent call last):
Mar 31, 2026 3:25:08 AM dev.robocode.tankroyale.runner.internal.BooterManager startStdoutReader$lambda$0$0$0
INFO: [BOOTER] ERROR: Bot directory: /Users/jacobbecker/CPS485_RoboCode/SampleBots/TrackFire
Mar 31, 2026 3:25:08 AM dev.robocode.tankroyale.runner.internal.BooterManager startStdoutReader$lambda$0$0$0
INFO: [BOOTER]   File "/Library/Frameworks/Python.framework/Versions/3.12/lib/python3.12/site-packages/robocode_tank_royale/bot_api/internal/base_bot_internals.py", line 279, in dispatch_events
Mar 31, 2026 3:25:08 AM dev.robocode.tankroyale.runner.internal.BooterManager startStdoutReader$lambda$0$0$0
INFO: [BOOTER] ERROR: Bot directory: /Users/jacobbecker/CPS485_RoboCode/SampleBots/TrackFire
Mar 31, 2026 3:25:08 AM dev.robocode.tankroyale.runner.internal.BooterManager startStdoutReader$lambda$0$0$0
INFO: [BOOTER]     self.event_queue.dispatch_events(turn_number)
Mar 31, 2026 3:25:08 AM dev.robocode.tankroyale.runner.internal.BooterManager startStdoutReader$lambda$0$0$0
INFO: [BOOTER] ERROR: Bot directory: /Users/jacobbecker/CPS485_RoboCode/SampleBots/TrackFire
Mar 31, 2026 3:25:08 AM dev.robocode.tankroyale.runner.internal.BooterManager startStdoutReader$lambda$0$0$0
INFO: [BOOTER]   File "/Library/Frameworks/Python.framework/Versions/3.12/lib/python3.12/site-packages/robocode_tank_royale/bot_api/internal/event_queue.py", line 121, in dispatch_events
Mar 31, 2026 3:25:08 AM dev.robocode.tankroyale.runner.internal.BooterManager startStdoutReader$lambda$0$0$0
INFO: [BOOTER] ERROR: Bot directory: /Users/jacobbecker/CPS485_RoboCode/SampleBots/TrackFire
Mar 31, 2026 3:25:08 AM dev.robocode.tankroyale.runner.internal.BooterManager startStdoutReader$lambda$0$0$0
INFO: [BOOTER]     self.dispatch(current_event, turn_number)
Mar 31, 2026 3:25:08 AM dev.robocode.tankroyale.runner.internal.BooterManager startStdoutReader$lambda$0$0$0
INFO: [BOOTER] ERROR: Bot directory: /Users/jacobbecker/CPS485_RoboCode/SampleBots/TrackFire
Mar 31, 2026 3:25:08 AM dev.robocode.tankroyale.runner.internal.BooterManager startStdoutReader$lambda$0$0$0
INFO: [BOOTER]   File "/Library/Frameworks/Python.framework/Versions/3.12/lib/python3.12/site-packages/robocode_tank_royale/bot_api/internal/event_queue.py", line 162, in dispatch
Mar 31, 2026 3:25:08 AM dev.robocode.tankroyale.runner.internal.BooterManager startStdoutReader$lambda$0$0$0
INFO: [BOOTER] ERROR: Bot directory: /Users/jacobbecker/CPS485_RoboCode/SampleBots/TrackFire
Mar 31, 2026 3:25:08 AM dev.robocode.tankroyale.runner.internal.BooterManager startStdoutReader$lambda$0$0$0
INFO: [BOOTER]     self.bot_event_handlers.fire_event(bot_event)
Mar 31, 2026 3:25:08 AM dev.robocode.tankroyale.runner.internal.BooterManager startStdoutReader$lambda$0$0$0
INFO: [BOOTER] ERROR: Bot directory: /Users/jacobbecker/CPS485_RoboCode/SampleBots/TrackFire
Mar 31, 2026 3:25:08 AM dev.robocode.tankroyale.runner.internal.BooterManager startStdoutReader$lambda$0$0$0
INFO: [BOOTER]   File "/Library/Frameworks/Python.framework/Versions/3.12/lib/python3.12/site-packages/robocode_tank_royale/bot_api/internal/bot_event_handlers.py", line 145, in fire_event
Mar 31, 2026 3:25:08 AM dev.robocode.tankroyale.runner.internal.BooterManager startStdoutReader$lambda$0$0$0
INFO: [BOOTER] ERROR: Bot directory: /Users/jacobbecker/CPS485_RoboCode/SampleBots/TrackFire
Mar 31, 2026 3:25:08 AM dev.robocode.tankroyale.runner.internal.BooterManager startStdoutReader$lambda$0$0$0
INFO: [BOOTER]     handler.publish(event)
Mar 31, 2026 3:25:08 AM dev.robocode.tankroyale.runner.internal.BooterManager startStdoutReader$lambda$0$0$0
INFO: [BOOTER] ERROR: Bot directory: /Users/jacobbecker/CPS485_RoboCode/SampleBots/TrackFire
Mar 31, 2026 3:25:08 AM dev.robocode.tankroyale.runner.internal.BooterManager startStdoutReader$lambda$0$0$0
INFO: [BOOTER]   File "/Library/Frameworks/Python.framework/Versions/3.12/lib/python3.12/site-packages/robocode_tank_royale/bot_api/internal/event_handler.py", line 110, in publish
Mar 31, 2026 3:25:08 AM dev.robocode.tankroyale.runner.internal.BooterManager startStdoutReader$lambda$0$0$0
INFO: [BOOTER] ERROR: Bot directory: /Users/jacobbecker/CPS485_RoboCode/SampleBots/TrackFire
Mar 31, 2026 3:25:08 AM dev.robocode.tankroyale.runner.internal.BooterManager startStdoutReader$lambda$0$0$0
INFO: [BOOTER]     entry.subscriber(event_data)
Mar 31, 2026 3:25:08 AM dev.robocode.tankroyale.runner.internal.BooterManager startStdoutReader$lambda$0$0$0
INFO: [BOOTER] ERROR: Bot directory: /Users/jacobbecker/CPS485_RoboCode/SampleBots/TrackFire
Mar 31, 2026 3:25:08 AM dev.robocode.tankroyale.runner.internal.BooterManager startStdoutReader$lambda$0$0$0
INFO: [BOOTER]   File "/Library/Frameworks/Python.framework/Versions/3.12/lib/python3.12/site-packages/robocode_tank_royale/bot_api/bot.py", line 27, in _stop_thread
Mar 31, 2026 3:25:08 AM dev.robocode.tankroyale.runner.internal.BooterManager startStdoutReader$lambda$0$0$0
INFO: [BOOTER] ERROR: Bot directory: /Users/jacobbecker/CPS485_RoboCode/SampleBots/TrackFire
Mar 31, 2026 3:25:08 AM dev.robocode.tankroyale.runner.internal.BooterManager startStdoutReader$lambda$0$0$0
INFO: [BOOTER]     self._base_bot_internals.stop_thread()
Mar 31, 2026 3:25:08 AM dev.robocode.tankroyale.runner.internal.BooterManager startStdoutReader$lambda$0$0$0
INFO: [BOOTER] ERROR: Bot directory: /Users/jacobbecker/CPS485_RoboCode/SampleBots/TrackFire
Mar 31, 2026 3:25:08 AM dev.robocode.tankroyale.runner.internal.BooterManager startStdoutReader$lambda$0$0$0
INFO: [BOOTER]   File "/Library/Frameworks/Python.framework/Versions/3.12/lib/python3.12/site-packages/robocode_tank_royale/bot_api/internal/base_bot_internals.py", line 332, in stop_thread
Mar 31, 2026 3:25:08 AM dev.robocode.tankroyale.runner.internal.BooterManager startStdoutReader$lambda$0$0$0
INFO: [BOOTER] ERROR: Bot directory: /Users/jacobbecker/CPS485_RoboCode/SampleBots/TrackFire
Mar 31, 2026 3:25:08 AM dev.robocode.tankroyale.runner.internal.BooterManager startStdoutReader$lambda$0$0$0
INFO: [BOOTER]     self.thread.join(timeout=5.0)  # Wait up to 5 seconds for thread to finish
Mar 31, 2026 3:25:08 AM dev.robocode.tankroyale.runner.internal.BooterManager startStdoutReader$lambda$0$0$0
INFO: [BOOTER] ERROR: Bot directory: /Users/jacobbecker/CPS485_RoboCode/SampleBots/TrackFire
Mar 31, 2026 3:25:08 AM dev.robocode.tankroyale.runner.internal.BooterManager startStdoutReader$lambda$0$0$0
INFO: [BOOTER]     ^^^^^^^^^^^^^^^^^^^^^^^^^^^^^
Mar 31, 2026 3:25:08 AM dev.robocode.tankroyale.runner.internal.BooterManager startStdoutReader$lambda$0$0$0
INFO: [BOOTER] ERROR: Bot directory: /Users/jacobbecker/CPS485_RoboCode/SampleBots/TrackFire
Mar 31, 2026 3:25:08 AM dev.robocode.tankroyale.runner.internal.BooterManager startStdoutReader$lambda$0$0$0
INFO: [BOOTER]   File "/Library/Frameworks/Python.framework/Versions/3.12/lib/python3.12/threading.py", line 1144, in join
Mar 31, 2026 3:25:08 AM dev.robocode.tankroyale.runner.internal.BooterManager startStdoutReader$lambda$0$0$0
INFO: [BOOTER] ERROR: Bot directory: /Users/jacobbecker/CPS485_RoboCode/SampleBots/TrackFire
Mar 31, 2026 3:25:08 AM dev.robocode.tankroyale.runner.internal.BooterManager startStdoutReader$lambda$0$0$0
INFO: [BOOTER]     raise RuntimeError("cannot join current thread")
Mar 31, 2026 3:25:08 AM dev.robocode.tankroyale.runner.internal.BooterManager startStdoutReader$lambda$0$0$0
INFO: [BOOTER] ERROR: Bot directory: /Users/jacobbecker/CPS485_RoboCode/SampleBots/TrackFire
Mar 31, 2026 3:25:08 AM dev.robocode.tankroyale.runner.internal.BooterManager startStdoutReader$lambda$0$0$0
INFO: [BOOTER] RuntimeError: cannot join current thread
Mar 31, 2026 3:25:08 AM dev.robocode.tankroyale.runner.internal.BooterManager startStdoutReader$lambda$0$0$0
INFO: [BOOTER] ERROR: Bot directory: /Users/jacobbecker/CPS485_RoboCode/SampleBots/TrackFire
Mar 31, 2026 3:25:08 AM dev.robocode.tankroyale.runner.internal.BooterManager startStdoutReader$lambda$0$0$0
INFO: [BOOTER] Traceback (most recent call last):
Mar 31, 2026 3:25:08 AM dev.robocode.tankroyale.runner.internal.BooterManager startStdoutReader$lambda$0$0$0
INFO: [BOOTER] ERROR: Bot directory: /Users/jacobbecker/CPS485_RoboCode/SampleBots/TrackFire
Mar 31, 2026 3:25:08 AM dev.robocode.tankroyale.runner.internal.BooterManager startStdoutReader$lambda$0$0$0
INFO: [BOOTER]   File "/Library/Frameworks/Python.framework/Versions/3.12/lib/python3.12/site-packages/robocode_tank_royale/bot_api/internal/base_bot_internals.py", line 279, in dispatch_events
Mar 31, 2026 3:25:08 AM dev.robocode.tankroyale.runner.internal.BooterManager startStdoutReader$lambda$0$0$0
INFO: [BOOTER] ERROR: Bot directory: /Users/jacobbecker/CPS485_RoboCode/SampleBots/TrackFire
Mar 31, 2026 3:25:08 AM dev.robocode.tankroyale.runner.internal.BooterManager startStdoutReader$lambda$0$0$0
INFO: [BOOTER]     self.event_queue.dispatch_events(turn_number)
Mar 31, 2026 3:25:08 AM dev.robocode.tankroyale.runner.internal.BooterManager startStdoutReader$lambda$0$0$0
INFO: [BOOTER] ERROR: Bot directory: /Users/jacobbecker/CPS485_RoboCode/SampleBots/TrackFire
Mar 31, 2026 3:25:08 AM dev.robocode.tankroyale.runner.internal.BooterManager startStdoutReader$lambda$0$0$0
INFO: [BOOTER]   File "/Library/Frameworks/Python.framework/Versions/3.12/lib/python3.12/site-packages/robocode_tank_royale/bot_api/internal/event_queue.py", line 121, in dispatch_events
Mar 31, 2026 3:25:08 AM dev.robocode.tankroyale.runner.internal.BooterManager startStdoutReader$lambda$0$0$0
INFO: [BOOTER] ERROR: Bot directory: /Users/jacobbecker/CPS485_RoboCode/SampleBots/TrackFire
Mar 31, 2026 3:25:08 AM dev.robocode.tankroyale.runner.internal.BooterManager startStdoutReader$lambda$0$0$0
INFO: [BOOTER]     self.dispatch(current_event, turn_number)
Mar 31, 2026 3:25:08 AM dev.robocode.tankroyale.runner.internal.BooterManager startStdoutReader$lambda$0$0$0
INFO: [BOOTER] ERROR: Bot directory: /Users/jacobbecker/CPS485_RoboCode/SampleBots/TrackFire
Mar 31, 2026 3:25:08 AM dev.robocode.tankroyale.runner.internal.BooterManager startStdoutReader$lambda$0$0$0
INFO: [BOOTER]   File "/Library/Frameworks/Python.framework/Versions/3.12/lib/python3.12/site-packages/robocode_tank_royale/bot_api/internal/event_queue.py", line 162, in dispatch
Mar 31, 2026 3:25:08 AM dev.robocode.tankroyale.runner.internal.BooterManager startStdoutReader$lambda$0$0$0
INFO: [BOOTER] ERROR: Bot directory: /Users/jacobbecker/CPS485_RoboCode/SampleBots/TrackFire
Mar 31, 2026 3:25:08 AM dev.robocode.tankroyale.runner.internal.BooterManager startStdoutReader$lambda$0$0$0
INFO: [BOOTER]     self.bot_event_handlers.fire_event(bot_event)
Mar 31, 2026 3:25:08 AM dev.robocode.tankroyale.runner.internal.BooterManager startStdoutReader$lambda$0$0$0
INFO: [BOOTER] ERROR: Bot directory: /Users/jacobbecker/CPS485_RoboCode/SampleBots/TrackFire
Mar 31, 2026 3:25:08 AM dev.robocode.tankroyale.runner.internal.BooterManager startStdoutReader$lambda$0$0$0
INFO: [BOOTER]   File "/Library/Frameworks/Python.framework/Versions/3.12/lib/python3.12/site-packages/robocode_tank_royale/bot_api/internal/bot_event_handlers.py", line 145, in fire_event
Mar 31, 2026 3:25:08 AM dev.robocode.tankroyale.runner.internal.BooterManager startStdoutReader$lambda$0$0$0
INFO: [BOOTER] ERROR: Bot directory: /Users/jacobbecker/CPS485_RoboCode/SampleBots/TrackFire
Mar 31, 2026 3:25:08 AM dev.robocode.tankroyale.runner.internal.BooterManager startStdoutReader$lambda$0$0$0
INFO: [BOOTER]     handler.publish(event)
Mar 31, 2026 3:25:08 AM dev.robocode.tankroyale.runner.internal.BooterManager startStdoutReader$lambda$0$0$0
INFO: [BOOTER] ERROR: Bot directory: /Users/jacobbecker/CPS485_RoboCode/SampleBots/TrackFire
Mar 31, 2026 3:25:08 AM dev.robocode.tankroyale.runner.internal.BooterManager startStdoutReader$lambda$0$0$0
INFO: [BOOTER]   File "/Library/Frameworks/Python.framework/Versions/3.12/lib/python3.12/site-packages/robocode_tank_royale/bot_api/internal/event_handler.py", line 110, in publish
Mar 31, 2026 3:25:08 AM dev.robocode.tankroyale.runner.internal.BooterManager startStdoutReader$lambda$0$0$0
INFO: [BOOTER] ERROR: Bot directory: /Users/jacobbecker/CPS485_RoboCode/SampleBots/TrackFire
Mar 31, 2026 3:25:08 AM dev.robocode.tankroyale.runner.internal.BooterManager startStdoutReader$lambda$0$0$0
INFO: [BOOTER]     entry.subscriber(event_data)
Mar 31, 2026 3:25:08 AM dev.robocode.tankroyale.runner.internal.BooterManager startStdoutReader$lambda$0$0$0
INFO: [BOOTER] ERROR: Bot directory: /Users/jacobbecker/CPS485_RoboCode/SampleBots/TrackFire
Mar 31, 2026 3:25:08 AM dev.robocode.tankroyale.runner.internal.BooterManager startStdoutReader$lambda$0$0$0
INFO: [BOOTER]   File "/Library/Frameworks/Python.framework/Versions/3.12/lib/python3.12/site-packages/robocode_tank_royale/bot_api/bot.py", line 27, in _stop_thread
Mar 31, 2026 3:25:08 AM dev.robocode.tankroyale.runner.internal.BooterManager startStdoutReader$lambda$0$0$0
INFO: [BOOTER] ERROR: Bot directory: /Users/jacobbecker/CPS485_RoboCode/SampleBots/TrackFire
Mar 31, 2026 3:25:08 AM dev.robocode.tankroyale.runner.internal.BooterManager startStdoutReader$lambda$0$0$0
INFO: [BOOTER]     self._base_bot_internals.stop_thread()
Mar 31, 2026 3:25:08 AM dev.robocode.tankroyale.runner.internal.BooterManager startStdoutReader$lambda$0$0$0
INFO: [BOOTER] ERROR: Bot directory: /Users/jacobbecker/CPS485_RoboCode/SampleBots/TrackFire
Mar 31, 2026 3:25:08 AM dev.robocode.tankroyale.runner.internal.BooterManager startStdoutReader$lambda$0$0$0
INFO: [BOOTER]   File "/Library/Frameworks/Python.framework/Versions/3.12/lib/python3.12/site-packages/robocode_tank_royale/bot_api/internal/base_bot_internals.py", line 332, in stop_thread
Mar 31, 2026 3:25:08 AM dev.robocode.tankroyale.runner.internal.BooterManager startStdoutReader$lambda$0$0$0
INFO: [BOOTER] ERROR: Bot directory: /Users/jacobbecker/CPS485_RoboCode/SampleBots/TrackFire
Mar 31, 2026 3:25:08 AM dev.robocode.tankroyale.runner.internal.BooterManager startStdoutReader$lambda$0$0$0
INFO: [BOOTER]     self.thread.join(timeout=5.0)  # Wait up to 5 seconds for thread to finish
Mar 31, 2026 3:25:08 AM dev.robocode.tankroyale.runner.internal.BooterManager startStdoutReader$lambda$0$0$0
INFO: [BOOTER] ERROR: Bot directory: /Users/jacobbecker/CPS485_RoboCode/SampleBots/TrackFire
Mar 31, 2026 3:25:08 AM dev.robocode.tankroyale.runner.internal.BooterManager startStdoutReader$lambda$0$0$0
INFO: [BOOTER]     ^^^^^^^^^^^^^^^^^^^^^^^^^^^^^
Mar 31, 2026 3:25:08 AM dev.robocode.tankroyale.runner.internal.BooterManager startStdoutReader$lambda$0$0$0
INFO: [BOOTER] ERROR: Bot directory: /Users/jacobbecker/CPS485_RoboCode/SampleBots/TrackFire
Mar 31, 2026 3:25:08 AM dev.robocode.tankroyale.runner.internal.BooterManager startStdoutReader$lambda$0$0$0
INFO: [BOOTER]   File "/Library/Frameworks/Python.framework/Versions/3.12/lib/python3.12/threading.py", line 1144, in join
Mar 31, 2026 3:25:08 AM dev.robocode.tankroyale.runner.internal.BooterManager startStdoutReader$lambda$0$0$0
INFO: [BOOTER] ERROR: Bot directory: /Users/jacobbecker/CPS485_RoboCode/SampleBots/TrackFire
Mar 31, 2026 3:25:08 AM dev.robocode.tankroyale.runner.internal.BooterManager startStdoutReader$lambda$0$0$0
INFO: [BOOTER]     raise RuntimeError("cannot join current thread")
Mar 31, 2026 3:25:08 AM dev.robocode.tankroyale.runner.internal.BooterManager startStdoutReader$lambda$0$0$0
INFO: [BOOTER] ERROR: Bot directory: /Users/jacobbecker/CPS485_RoboCode/SampleBots/TrackFire
Mar 31, 2026 3:25:08 AM dev.robocode.tankroyale.runner.internal.BooterManager startStdoutReader$lambda$0$0$0
INFO: [BOOTER] RuntimeError: cannot join current thread
Mar 31, 2026 3:25:10 AM dev.robocode.tankroyale.runner.internal.BooterManager startStdoutReader$lambda$0$0$0
INFO: [BOOTER] ERROR: Bot directory: /Users/jacobbecker/CPS485_RoboCode/SampleBots/TrackFire
Mar 31, 2026 3:25:10 AM dev.robocode.tankroyale.runner.internal.BooterManager startStdoutReader$lambda$0$0$0
INFO: [BOOTER] Traceback (most recent call last):
Mar 31, 2026 3:25:10 AM dev.robocode.tankroyale.runner.internal.BooterManager startStdoutReader$lambda$0$0$0
INFO: [BOOTER] ERROR: Bot directory: /Users/jacobbecker/CPS485_RoboCode/SampleBots/TrackFire
Mar 31, 2026 3:25:10 AM dev.robocode.tankroyale.runner.internal.BooterManager startStdoutReader$lambda$0$0$0
INFO: [BOOTER]   File "/Library/Frameworks/Python.framework/Versions/3.12/lib/python3.12/site-packages/robocode_tank_royale/bot_api/internal/base_bot_internals.py", line 279, in dispatch_events
Mar 31, 2026 3:25:10 AM dev.robocode.tankroyale.runner.internal.BooterManager startStdoutReader$lambda$0$0$0
INFO: [BOOTER] ERROR: Bot directory: /Users/jacobbecker/CPS485_RoboCode/SampleBots/TrackFire
Mar 31, 2026 3:25:10 AM dev.robocode.tankroyale.runner.internal.BooterManager startStdoutReader$lambda$0$0$0
INFO: [BOOTER]     self.event_queue.dispatch_events(turn_number)
Mar 31, 2026 3:25:10 AM dev.robocode.tankroyale.runner.internal.BooterManager startStdoutReader$lambda$0$0$0
INFO: [BOOTER] ERROR: Bot directory: /Users/jacobbecker/CPS485_RoboCode/SampleBots/TrackFire
Mar 31, 2026 3:25:10 AM dev.robocode.tankroyale.runner.internal.BooterManager startStdoutReader$lambda$0$0$0
INFO: [BOOTER]   File "/Library/Frameworks/Python.framework/Versions/3.12/lib/python3.12/site-packages/robocode_tank_royale/bot_api/internal/event_queue.py", line 121, in dispatch_events
Mar 31, 2026 3:25:10 AM dev.robocode.tankroyale.runner.internal.BooterManager startStdoutReader$lambda$0$0$0
INFO: [BOOTER] ERROR: Bot directory: /Users/jacobbecker/CPS485_RoboCode/SampleBots/TrackFire
Mar 31, 2026 3:25:10 AM dev.robocode.tankroyale.runner.internal.BooterManager startStdoutReader$lambda$0$0$0
INFO: [BOOTER]     self.dispatch(current_event, turn_number)
Mar 31, 2026 3:25:10 AM dev.robocode.tankroyale.runner.internal.BooterManager startStdoutReader$lambda$0$0$0
INFO: [BOOTER] ERROR: Bot directory: /Users/jacobbecker/CPS485_RoboCode/SampleBots/TrackFire
Mar 31, 2026 3:25:10 AM dev.robocode.tankroyale.runner.internal.BooterManager startStdoutReader$lambda$0$0$0
INFO: [BOOTER]   File "/Library/Frameworks/Python.framework/Versions/3.12/lib/python3.12/site-packages/robocode_tank_royale/bot_api/internal/event_queue.py", line 162, in dispatch
Mar 31, 2026 3:25:10 AM dev.robocode.tankroyale.runner.internal.BooterManager startStdoutReader$lambda$0$0$0
INFO: [BOOTER] ERROR: Bot directory: /Users/jacobbecker/CPS485_RoboCode/SampleBots/TrackFire
Mar 31, 2026 3:25:10 AM dev.robocode.tankroyale.runner.internal.BooterManager startStdoutReader$lambda$0$0$0
INFO: [BOOTER]     self.bot_event_handlers.fire_event(bot_event)
Mar 31, 2026 3:25:10 AM dev.robocode.tankroyale.runner.internal.BooterManager startStdoutReader$lambda$0$0$0
INFO: [BOOTER] ERROR: Bot directory: /Users/jacobbecker/CPS485_RoboCode/SampleBots/TrackFire
Mar 31, 2026 3:25:10 AM dev.robocode.tankroyale.runner.internal.BooterManager startStdoutReader$lambda$0$0$0
INFO: [BOOTER]   File "/Library/Frameworks/Python.framework/Versions/3.12/lib/python3.12/site-packages/robocode_tank_royale/bot_api/internal/bot_event_handlers.py", line 145, in fire_event
Mar 31, 2026 3:25:10 AM dev.robocode.tankroyale.runner.internal.BooterManager startStdoutReader$lambda$0$0$0
INFO: [BOOTER] ERROR: Bot directory: /Users/jacobbecker/CPS485_RoboCode/SampleBots/TrackFire
Mar 31, 2026 3:25:10 AM dev.robocode.tankroyale.runner.internal.BooterManager startStdoutReader$lambda$0$0$0
INFO: [BOOTER]     handler.publish(event)
Mar 31, 2026 3:25:10 AM dev.robocode.tankroyale.runner.internal.BooterManager startStdoutReader$lambda$0$0$0
INFO: [BOOTER] ERROR: Bot directory: /Users/jacobbecker/CPS485_RoboCode/SampleBots/TrackFire
Mar 31, 2026 3:25:10 AM dev.robocode.tankroyale.runner.internal.BooterManager startStdoutReader$lambda$0$0$0
INFO: [BOOTER]   File "/Library/Frameworks/Python.framework/Versions/3.12/lib/python3.12/site-packages/robocode_tank_royale/bot_api/internal/event_handler.py", line 110, in publish
Mar 31, 2026 3:25:10 AM dev.robocode.tankroyale.runner.internal.BooterManager startStdoutReader$lambda$0$0$0
INFO: [BOOTER] ERROR: Bot directory: /Users/jacobbecker/CPS485_RoboCode/SampleBots/TrackFire
Mar 31, 2026 3:25:10 AM dev.robocode.tankroyale.runner.internal.BooterManager startStdoutReader$lambda$0$0$0
INFO: [BOOTER]     entry.subscriber(event_data)
Mar 31, 2026 3:25:10 AM dev.robocode.tankroyale.runner.internal.BooterManager startStdoutReader$lambda$0$0$0
INFO: [BOOTER] ERROR: Bot directory: /Users/jacobbecker/CPS485_RoboCode/SampleBots/TrackFire
Mar 31, 2026 3:25:10 AM dev.robocode.tankroyale.runner.internal.BooterManager startStdoutReader$lambda$0$0$0
INFO: [BOOTER]   File "/Library/Frameworks/Python.framework/Versions/3.12/lib/python3.12/site-packages/robocode_tank_royale/bot_api/bot.py", line 27, in _stop_thread
Mar 31, 2026 3:25:10 AM dev.robocode.tankroyale.runner.internal.BooterManager startStdoutReader$lambda$0$0$0
INFO: [BOOTER] ERROR: Bot directory: /Users/jacobbecker/CPS485_RoboCode/SampleBots/TrackFire
Mar 31, 2026 3:25:10 AM dev.robocode.tankroyale.runner.internal.BooterManager startStdoutReader$lambda$0$0$0
INFO: [BOOTER]     self._base_bot_internals.stop_thread()
Mar 31, 2026 3:25:10 AM dev.robocode.tankroyale.runner.internal.BooterManager startStdoutReader$lambda$0$0$0
INFO: [BOOTER] ERROR: Bot directory: /Users/jacobbecker/CPS485_RoboCode/SampleBots/TrackFire
Mar 31, 2026 3:25:10 AM dev.robocode.tankroyale.runner.internal.BooterManager startStdoutReader$lambda$0$0$0
INFO: [BOOTER]   File "/Library/Frameworks/Python.framework/Versions/3.12/lib/python3.12/site-packages/robocode_tank_royale/bot_api/internal/base_bot_internals.py", line 332, in stop_thread
Mar 31, 2026 3:25:10 AM dev.robocode.tankroyale.runner.internal.BooterManager startStdoutReader$lambda$0$0$0
INFO: [BOOTER] ERROR: Bot directory: /Users/jacobbecker/CPS485_RoboCode/SampleBots/TrackFire
Mar 31, 2026 3:25:10 AM dev.robocode.tankroyale.runner.internal.BooterManager startStdoutReader$lambda$0$0$0
INFO: [BOOTER]     self.thread.join(timeout=5.0)  # Wait up to 5 seconds for thread to finish
Mar 31, 2026 3:25:10 AM dev.robocode.tankroyale.runner.internal.BooterManager startStdoutReader$lambda$0$0$0
INFO: [BOOTER] ERROR: Bot directory: /Users/jacobbecker/CPS485_RoboCode/SampleBots/TrackFire
Mar 31, 2026 3:25:10 AM dev.robocode.tankroyale.runner.internal.BooterManager startStdoutReader$lambda$0$0$0
INFO: [BOOTER]     ^^^^^^^^^^^^^^^^^^^^^^^^^^^^^
Mar 31, 2026 3:25:10 AM dev.robocode.tankroyale.runner.internal.BooterManager startStdoutReader$lambda$0$0$0
INFO: [BOOTER] ERROR: Bot directory: /Users/jacobbecker/CPS485_RoboCode/SampleBots/TrackFire
Mar 31, 2026 3:25:10 AM dev.robocode.tankroyale.runner.internal.BooterManager startStdoutReader$lambda$0$0$0
INFO: [BOOTER]   File "/Library/Frameworks/Python.framework/Versions/3.12/lib/python3.12/threading.py", line 1144, in join
Mar 31, 2026 3:25:10 AM dev.robocode.tankroyale.runner.internal.BooterManager startStdoutReader$lambda$0$0$0
INFO: [BOOTER] ERROR: Bot directory: /Users/jacobbecker/CPS485_RoboCode/SampleBots/TrackFire
Mar 31, 2026 3:25:10 AM dev.robocode.tankroyale.runner.internal.BooterManager startStdoutReader$lambda$0$0$0
INFO: [BOOTER]     raise RuntimeError("cannot join current thread")
Mar 31, 2026 3:25:10 AM dev.robocode.tankroyale.runner.internal.BooterManager startStdoutReader$lambda$0$0$0
INFO: [BOOTER] ERROR: Bot directory: /Users/jacobbecker/CPS485_RoboCode/SampleBots/TrackFire
Mar 31, 2026 3:25:10 AM dev.robocode.tankroyale.runner.internal.BooterManager startStdoutReader$lambda$0$0$0
INFO: [BOOTER] RuntimeError: cannot join current thread
Mar 31, 2026 3:25:18 AM dev.robocode.tankroyale.runner.internal.BooterManager startStdoutReader$lambda$0$0$0
INFO: [BOOTER] ERROR: Bot directory: /Users/jacobbecker/CPS485_RoboCode/SampleBots/TrackFire
Mar 31, 2026 3:25:18 AM dev.robocode.tankroyale.runner.internal.BooterManager startStdoutReader$lambda$0$0$0
INFO: [BOOTER] Traceback (most recent call last):
Mar 31, 2026 3:25:18 AM dev.robocode.tankroyale.runner.internal.BooterManager startStdoutReader$lambda$0$0$0
INFO: [BOOTER] ERROR: Bot directory: /Users/jacobbecker/CPS485_RoboCode/SampleBots/TrackFire
Mar 31, 2026 3:25:18 AM dev.robocode.tankroyale.runner.internal.BooterManager startStdoutReader$lambda$0$0$0
INFO: [BOOTER]   File "/Library/Frameworks/Python.framework/Versions/3.12/lib/python3.12/site-packages/robocode_tank_royale/bot_api/internal/base_bot_internals.py", line 279, in dispatch_events
Mar 31, 2026 3:25:18 AM dev.robocode.tankroyale.runner.internal.BooterManager startStdoutReader$lambda$0$0$0
INFO: [BOOTER] ERROR: Bot directory: /Users/jacobbecker/CPS485_RoboCode/SampleBots/TrackFire
Mar 31, 2026 3:25:18 AM dev.robocode.tankroyale.runner.internal.BooterManager startStdoutReader$lambda$0$0$0
INFO: [BOOTER]     self.event_queue.dispatch_events(turn_number)
Mar 31, 2026 3:25:18 AM dev.robocode.tankroyale.runner.internal.BooterManager startStdoutReader$lambda$0$0$0
INFO: [BOOTER] ERROR: Bot directory: /Users/jacobbecker/CPS485_RoboCode/SampleBots/TrackFire
Mar 31, 2026 3:25:18 AM dev.robocode.tankroyale.runner.internal.BooterManager startStdoutReader$lambda$0$0$0
INFO: [BOOTER]   File "/Library/Frameworks/Python.framework/Versions/3.12/lib/python3.12/site-packages/robocode_tank_royale/bot_api/internal/event_queue.py", line 121, in dispatch_events
Mar 31, 2026 3:25:18 AM dev.robocode.tankroyale.runner.internal.BooterManager startStdoutReader$lambda$0$0$0
INFO: [BOOTER] ERROR: Bot directory: /Users/jacobbecker/CPS485_RoboCode/SampleBots/TrackFire
Mar 31, 2026 3:25:18 AM dev.robocode.tankroyale.runner.internal.BooterManager startStdoutReader$lambda$0$0$0
INFO: [BOOTER]     self.dispatch(current_event, turn_number)
Mar 31, 2026 3:25:18 AM dev.robocode.tankroyale.runner.internal.BooterManager startStdoutReader$lambda$0$0$0
INFO: [BOOTER] ERROR: Bot directory: /Users/jacobbecker/CPS485_RoboCode/SampleBots/TrackFire
Mar 31, 2026 3:25:18 AM dev.robocode.tankroyale.runner.internal.BooterManager startStdoutReader$lambda$0$0$0
INFO: [BOOTER]   File "/Library/Frameworks/Python.framework/Versions/3.12/lib/python3.12/site-packages/robocode_tank_royale/bot_api/internal/event_queue.py", line 162, in dispatch
Mar 31, 2026 3:25:18 AM dev.robocode.tankroyale.runner.internal.BooterManager startStdoutReader$lambda$0$0$0
INFO: [BOOTER] ERROR: Bot directory: /Users/jacobbecker/CPS485_RoboCode/SampleBots/TrackFire
Mar 31, 2026 3:25:18 AM dev.robocode.tankroyale.runner.internal.BooterManager startStdoutReader$lambda$0$0$0
INFO: [BOOTER]     self.bot_event_handlers.fire_event(bot_event)
Mar 31, 2026 3:25:18 AM dev.robocode.tankroyale.runner.internal.BooterManager startStdoutReader$lambda$0$0$0
INFO: [BOOTER] ERROR: Bot directory: /Users/jacobbecker/CPS485_RoboCode/SampleBots/TrackFire
Mar 31, 2026 3:25:18 AM dev.robocode.tankroyale.runner.internal.BooterManager startStdoutReader$lambda$0$0$0
INFO: [BOOTER]   File "/Library/Frameworks/Python.framework/Versions/3.12/lib/python3.12/site-packages/robocode_tank_royale/bot_api/internal/bot_event_handlers.py", line 145, in fire_event
Mar 31, 2026 3:25:18 AM dev.robocode.tankroyale.runner.internal.BooterManager startStdoutReader$lambda$0$0$0
INFO: [BOOTER] ERROR: Bot directory: /Users/jacobbecker/CPS485_RoboCode/SampleBots/TrackFire
Mar 31, 2026 3:25:18 AM dev.robocode.tankroyale.runner.internal.BooterManager startStdoutReader$lambda$0$0$0
INFO: [BOOTER]     handler.publish(event)
Mar 31, 2026 3:25:18 AM dev.robocode.tankroyale.runner.internal.BooterManager startStdoutReader$lambda$0$0$0
INFO: [BOOTER] ERROR: Bot directory: /Users/jacobbecker/CPS485_RoboCode/SampleBots/TrackFire
Mar 31, 2026 3:25:18 AM dev.robocode.tankroyale.runner.internal.BooterManager startStdoutReader$lambda$0$0$0
INFO: [BOOTER]   File "/Library/Frameworks/Python.framework/Versions/3.12/lib/python3.12/site-packages/robocode_tank_royale/bot_api/internal/event_handler.py", line 110, in publish
Mar 31, 2026 3:25:18 AM dev.robocode.tankroyale.runner.internal.BooterManager startStdoutReader$lambda$0$0$0
INFO: [BOOTER] ERROR: Bot directory: /Users/jacobbecker/CPS485_RoboCode/SampleBots/TrackFire
Mar 31, 2026 3:25:18 AM dev.robocode.tankroyale.runner.internal.BooterManager startStdoutReader$lambda$0$0$0
INFO: [BOOTER]     entry.subscriber(event_data)
Mar 31, 2026 3:25:18 AM dev.robocode.tankroyale.runner.internal.BooterManager startStdoutReader$lambda$0$0$0
INFO: [BOOTER] ERROR: Bot directory: /Users/jacobbecker/CPS485_RoboCode/SampleBots/TrackFire
Mar 31, 2026 3:25:18 AM dev.robocode.tankroyale.runner.internal.BooterManager startStdoutReader$lambda$0$0$0
INFO: [BOOTER]   File "/Library/Frameworks/Python.framework/Versions/3.12/lib/python3.12/site-packages/robocode_tank_royale/bot_api/bot.py", line 27, in _stop_thread
Mar 31, 2026 3:25:18 AM dev.robocode.tankroyale.runner.internal.BooterManager startStdoutReader$lambda$0$0$0
INFO: [BOOTER] ERROR: Bot directory: /Users/jacobbecker/CPS485_RoboCode/SampleBots/TrackFire
Mar 31, 2026 3:25:18 AM dev.robocode.tankroyale.runner.internal.BooterManager startStdoutReader$lambda$0$0$0
INFO: [BOOTER]     self._base_bot_internals.stop_thread()
Mar 31, 2026 3:25:18 AM dev.robocode.tankroyale.runner.internal.BooterManager startStdoutReader$lambda$0$0$0
INFO: [BOOTER] ERROR: Bot directory: /Users/jacobbecker/CPS485_RoboCode/SampleBots/TrackFire
Mar 31, 2026 3:25:18 AM dev.robocode.tankroyale.runner.internal.BooterManager startStdoutReader$lambda$0$0$0
INFO: [BOOTER]   File "/Library/Frameworks/Python.framework/Versions/3.12/lib/python3.12/site-packages/robocode_tank_royale/bot_api/internal/base_bot_internals.py", line 332, in stop_thread
Mar 31, 2026 3:25:18 AM dev.robocode.tankroyale.runner.internal.BooterManager startStdoutReader$lambda$0$0$0
INFO: [BOOTER] ERROR: Bot directory: /Users/jacobbecker/CPS485_RoboCode/SampleBots/TrackFire
Mar 31, 2026 3:25:18 AM dev.robocode.tankroyale.runner.internal.BooterManager startStdoutReader$lambda$0$0$0
INFO: [BOOTER]     self.thread.join(timeout=5.0)  # Wait up to 5 seconds for thread to finish
Mar 31, 2026 3:25:18 AM dev.robocode.tankroyale.runner.internal.BooterManager startStdoutReader$lambda$0$0$0
INFO: [BOOTER] ERROR: Bot directory: /Users/jacobbecker/CPS485_RoboCode/SampleBots/TrackFire
Mar 31, 2026 3:25:18 AM dev.robocode.tankroyale.runner.internal.BooterManager startStdoutReader$lambda$0$0$0
INFO: [BOOTER]     ^^^^^^^^^^^^^^^^^^^^^^^^^^^^^
Mar 31, 2026 3:25:18 AM dev.robocode.tankroyale.runner.internal.BooterManager startStdoutReader$lambda$0$0$0
INFO: [BOOTER] ERROR: Bot directory: /Users/jacobbecker/CPS485_RoboCode/SampleBots/TrackFire
Mar 31, 2026 3:25:18 AM dev.robocode.tankroyale.runner.internal.BooterManager startStdoutReader$lambda$0$0$0
INFO: [BOOTER]   File "/Library/Frameworks/Python.framework/Versions/3.12/lib/python3.12/threading.py", line 1144, in join
Mar 31, 2026 3:25:18 AM dev.robocode.tankroyale.runner.internal.BooterManager startStdoutReader$lambda$0$0$0
INFO: [BOOTER] ERROR: Bot directory: /Users/jacobbecker/CPS485_RoboCode/SampleBots/TrackFire
Mar 31, 2026 3:25:18 AM dev.robocode.tankroyale.runner.internal.BooterManager startStdoutReader$lambda$0$0$0
INFO: [BOOTER]     raise RuntimeError("cannot join current thread")
Mar 31, 2026 3:25:18 AM dev.robocode.tankroyale.runner.internal.BooterManager startStdoutReader$lambda$0$0$0
INFO: [BOOTER] ERROR: Bot directory: /Users/jacobbecker/CPS485_RoboCode/SampleBots/TrackFire
Mar 31, 2026 3:25:18 AM dev.robocode.tankroyale.runner.internal.BooterManager startStdoutReader$lambda$0$0$0
INFO: [BOOTER] RuntimeError: cannot join current thread
Mar 31, 2026 3:25:19 AM dev.robocode.tankroyale.runner.internal.BooterManager startStdoutReader$lambda$0$0$0
INFO: [BOOTER] ERROR: Bot directory: /Users/jacobbecker/CPS485_RoboCode/SampleBots/TrackFire
Mar 31, 2026 3:25:19 AM dev.robocode.tankroyale.runner.internal.BooterManager startStdoutReader$lambda$0$0$0
INFO: [BOOTER] Traceback (most recent call last):
Mar 31, 2026 3:25:19 AM dev.robocode.tankroyale.runner.internal.BooterManager startStdoutReader$lambda$0$0$0
INFO: [BOOTER] ERROR: Bot directory: /Users/jacobbecker/CPS485_RoboCode/SampleBots/TrackFire
Mar 31, 2026 3:25:19 AM dev.robocode.tankroyale.runner.internal.BooterManager startStdoutReader$lambda$0$0$0
INFO: [BOOTER]   File "/Library/Frameworks/Python.framework/Versions/3.12/lib/python3.12/site-packages/robocode_tank_royale/bot_api/internal/base_bot_internals.py", line 279, in dispatch_events
Mar 31, 2026 3:25:19 AM dev.robocode.tankroyale.runner.internal.BooterManager startStdoutReader$lambda$0$0$0
INFO: [BOOTER] ERROR: Bot directory: /Users/jacobbecker/CPS485_RoboCode/SampleBots/TrackFire
Mar 31, 2026 3:25:19 AM dev.robocode.tankroyale.runner.internal.BooterManager startStdoutReader$lambda$0$0$0
INFO: [BOOTER]     self.event_queue.dispatch_events(turn_number)
Mar 31, 2026 3:25:19 AM dev.robocode.tankroyale.runner.internal.BooterManager startStdoutReader$lambda$0$0$0
INFO: [BOOTER] ERROR: Bot directory: /Users/jacobbecker/CPS485_RoboCode/SampleBots/TrackFire
Mar 31, 2026 3:25:19 AM dev.robocode.tankroyale.runner.internal.BooterManager startStdoutReader$lambda$0$0$0
INFO: [BOOTER]   File "/Library/Frameworks/Python.framework/Versions/3.12/lib/python3.12/site-packages/robocode_tank_royale/bot_api/internal/event_queue.py", line 121, in dispatch_events
Mar 31, 2026 3:25:19 AM dev.robocode.tankroyale.runner.internal.BooterManager startStdoutReader$lambda$0$0$0
INFO: [BOOTER] ERROR: Bot directory: /Users/jacobbecker/CPS485_RoboCode/SampleBots/TrackFire
Mar 31, 2026 3:25:19 AM dev.robocode.tankroyale.runner.internal.BooterManager startStdoutReader$lambda$0$0$0
INFO: [BOOTER]     self.dispatch(current_event, turn_number)
Mar 31, 2026 3:25:19 AM dev.robocode.tankroyale.runner.internal.BooterManager startStdoutReader$lambda$0$0$0
INFO: [BOOTER] ERROR: Bot directory: /Users/jacobbecker/CPS485_RoboCode/SampleBots/TrackFire
Mar 31, 2026 3:25:19 AM dev.robocode.tankroyale.runner.internal.BooterManager startStdoutReader$lambda$0$0$0
INFO: [BOOTER]   File "/Library/Frameworks/Python.framework/Versions/3.12/lib/python3.12/site-packages/robocode_tank_royale/bot_api/internal/event_queue.py", line 162, in dispatch
Mar 31, 2026 3:25:19 AM dev.robocode.tankroyale.runner.internal.BooterManager startStdoutReader$lambda$0$0$0
INFO: [BOOTER] ERROR: Bot directory: /Users/jacobbecker/CPS485_RoboCode/SampleBots/TrackFire
Mar 31, 2026 3:25:19 AM dev.robocode.tankroyale.runner.internal.BooterManager startStdoutReader$lambda$0$0$0
INFO: [BOOTER]     self.bot_event_handlers.fire_event(bot_event)
Mar 31, 2026 3:25:19 AM dev.robocode.tankroyale.runner.internal.BooterManager startStdoutReader$lambda$0$0$0
INFO: [BOOTER] ERROR: Bot directory: /Users/jacobbecker/CPS485_RoboCode/SampleBots/TrackFire
Mar 31, 2026 3:25:19 AM dev.robocode.tankroyale.runner.internal.BooterManager startStdoutReader$lambda$0$0$0
INFO: [BOOTER]   File "/Library/Frameworks/Python.framework/Versions/3.12/lib/python3.12/site-packages/robocode_tank_royale/bot_api/internal/bot_event_handlers.py", line 145, in fire_event
Mar 31, 2026 3:25:19 AM dev.robocode.tankroyale.runner.internal.BooterManager startStdoutReader$lambda$0$0$0
INFO: [BOOTER] ERROR: Bot directory: /Users/jacobbecker/CPS485_RoboCode/SampleBots/TrackFire
Mar 31, 2026 3:25:19 AM dev.robocode.tankroyale.runner.internal.BooterManager startStdoutReader$lambda$0$0$0
INFO: [BOOTER]     handler.publish(event)
Mar 31, 2026 3:25:19 AM dev.robocode.tankroyale.runner.internal.BooterManager startStdoutReader$lambda$0$0$0
INFO: [BOOTER] ERROR: Bot directory: /Users/jacobbecker/CPS485_RoboCode/SampleBots/TrackFire
Mar 31, 2026 3:25:19 AM dev.robocode.tankroyale.runner.internal.BooterManager startStdoutReader$lambda$0$0$0
INFO: [BOOTER]   File "/Library/Frameworks/Python.framework/Versions/3.12/lib/python3.12/site-packages/robocode_tank_royale/bot_api/internal/event_handler.py", line 110, in publish
Mar 31, 2026 3:25:19 AM dev.robocode.tankroyale.runner.internal.BooterManager startStdoutReader$lambda$0$0$0
INFO: [BOOTER] ERROR: Bot directory: /Users/jacobbecker/CPS485_RoboCode/SampleBots/TrackFire
Mar 31, 2026 3:25:19 AM dev.robocode.tankroyale.runner.internal.BooterManager startStdoutReader$lambda$0$0$0
INFO: [BOOTER]     entry.subscriber(event_data)
Mar 31, 2026 3:25:19 AM dev.robocode.tankroyale.runner.internal.BooterManager startStdoutReader$lambda$0$0$0
INFO: [BOOTER] ERROR: Bot directory: /Users/jacobbecker/CPS485_RoboCode/SampleBots/TrackFire
Mar 31, 2026 3:25:19 AM dev.robocode.tankroyale.runner.internal.BooterManager startStdoutReader$lambda$0$0$0
INFO: [BOOTER]   File "/Library/Frameworks/Python.framework/Versions/3.12/lib/python3.12/site-packages/robocode_tank_royale/bot_api/bot.py", line 27, in _stop_thread
Mar 31, 2026 3:25:19 AM dev.robocode.tankroyale.runner.internal.BooterManager startStdoutReader$lambda$0$0$0
INFO: [BOOTER] ERROR: Bot directory: /Users/jacobbecker/CPS485_RoboCode/SampleBots/TrackFire
Mar 31, 2026 3:25:19 AM dev.robocode.tankroyale.runner.internal.BooterManager startStdoutReader$lambda$0$0$0
INFO: [BOOTER]     self._base_bot_internals.stop_thread()
Mar 31, 2026 3:25:19 AM dev.robocode.tankroyale.runner.internal.BooterManager startStdoutReader$lambda$0$0$0
INFO: [BOOTER] ERROR: Bot directory: /Users/jacobbecker/CPS485_RoboCode/SampleBots/TrackFire
Mar 31, 2026 3:25:19 AM dev.robocode.tankroyale.runner.internal.BooterManager startStdoutReader$lambda$0$0$0
INFO: [BOOTER]   File "/Library/Frameworks/Python.framework/Versions/3.12/lib/python3.12/site-packages/robocode_tank_royale/bot_api/internal/base_bot_internals.py", line 332, in stop_thread
Mar 31, 2026 3:25:19 AM dev.robocode.tankroyale.runner.internal.BooterManager startStdoutReader$lambda$0$0$0
INFO: [BOOTER] ERROR: Bot directory: /Users/jacobbecker/CPS485_RoboCode/SampleBots/TrackFire
Mar 31, 2026 3:25:19 AM dev.robocode.tankroyale.runner.internal.BooterManager startStdoutReader$lambda$0$0$0
INFO: [BOOTER]     self.thread.join(timeout=5.0)  # Wait up to 5 seconds for thread to finish
Mar 31, 2026 3:25:19 AM dev.robocode.tankroyale.runner.internal.BooterManager startStdoutReader$lambda$0$0$0
INFO: [BOOTER] ERROR: Bot directory: /Users/jacobbecker/CPS485_RoboCode/SampleBots/TrackFire
Mar 31, 2026 3:25:19 AM dev.robocode.tankroyale.runner.internal.BooterManager startStdoutReader$lambda$0$0$0
INFO: [BOOTER]     ^^^^^^^^^^^^^^^^^^^^^^^^^^^^^
Mar 31, 2026 3:25:19 AM dev.robocode.tankroyale.runner.internal.BooterManager startStdoutReader$lambda$0$0$0
INFO: [BOOTER] ERROR: Bot directory: /Users/jacobbecker/CPS485_RoboCode/SampleBots/TrackFire
Mar 31, 2026 3:25:19 AM dev.robocode.tankroyale.runner.internal.BooterManager startStdoutReader$lambda$0$0$0
INFO: [BOOTER]   File "/Library/Frameworks/Python.framework/Versions/3.12/lib/python3.12/threading.py", line 1144, in join
Mar 31, 2026 3:25:19 AM dev.robocode.tankroyale.runner.internal.BooterManager startStdoutReader$lambda$0$0$0
INFO: [BOOTER] ERROR: Bot directory: /Users/jacobbecker/CPS485_RoboCode/SampleBots/TrackFire
Mar 31, 2026 3:25:19 AM dev.robocode.tankroyale.runner.internal.BooterManager startStdoutReader$lambda$0$0$0
INFO: [BOOTER]     raise RuntimeError("cannot join current thread")
Mar 31, 2026 3:25:19 AM dev.robocode.tankroyale.runner.internal.BooterManager startStdoutReader$lambda$0$0$0
INFO: [BOOTER] ERROR: Bot directory: /Users/jacobbecker/CPS485_RoboCode/SampleBots/TrackFire
Mar 31, 2026 3:25:19 AM dev.robocode.tankroyale.runner.internal.BooterManager startStdoutReader$lambda$0$0$0
INFO: [BOOTER] RuntimeError: cannot join current thread
Mar 31, 2026 3:25:20 AM dev.robocode.tankroyale.runner.internal.BooterManager startStdoutReader$lambda$0$0$0
INFO: [BOOTER] ERROR: Bot directory: /Users/jacobbecker/CPS485_RoboCode/SampleBots/TrackFire
Mar 31, 2026 3:25:20 AM dev.robocode.tankroyale.runner.internal.BooterManager startStdoutReader$lambda$0$0$0
INFO: [BOOTER] Traceback (most recent call last):
Mar 31, 2026 3:25:20 AM dev.robocode.tankroyale.runner.internal.BooterManager startStdoutReader$lambda$0$0$0
INFO: [BOOTER] ERROR: Bot directory: /Users/jacobbecker/CPS485_RoboCode/SampleBots/TrackFire
Mar 31, 2026 3:25:20 AM dev.robocode.tankroyale.runner.internal.BooterManager startStdoutReader$lambda$0$0$0
INFO: [BOOTER]   File "/Library/Frameworks/Python.framework/Versions/3.12/lib/python3.12/site-packages/robocode_tank_royale/bot_api/internal/base_bot_internals.py", line 279, in dispatch_events
Mar 31, 2026 3:25:20 AM dev.robocode.tankroyale.runner.internal.BooterManager startStdoutReader$lambda$0$0$0
INFO: [BOOTER] ERROR: Bot directory: /Users/jacobbecker/CPS485_RoboCode/SampleBots/TrackFire
Mar 31, 2026 3:25:20 AM dev.robocode.tankroyale.runner.internal.BooterManager startStdoutReader$lambda$0$0$0
INFO: [BOOTER]     self.event_queue.dispatch_events(turn_number)
Mar 31, 2026 3:25:20 AM dev.robocode.tankroyale.runner.internal.BooterManager startStdoutReader$lambda$0$0$0
INFO: [BOOTER] ERROR: Bot directory: /Users/jacobbecker/CPS485_RoboCode/SampleBots/TrackFire
Mar 31, 2026 3:25:20 AM dev.robocode.tankroyale.runner.internal.BooterManager startStdoutReader$lambda$0$0$0
INFO: [BOOTER]   File "/Library/Frameworks/Python.framework/Versions/3.12/lib/python3.12/site-packages/robocode_tank_royale/bot_api/internal/event_queue.py", line 121, in dispatch_events
Mar 31, 2026 3:25:20 AM dev.robocode.tankroyale.runner.internal.BooterManager startStdoutReader$lambda$0$0$0
INFO: [BOOTER] ERROR: Bot directory: /Users/jacobbecker/CPS485_RoboCode/SampleBots/TrackFire
Mar 31, 2026 3:25:20 AM dev.robocode.tankroyale.runner.internal.BooterManager startStdoutReader$lambda$0$0$0
INFO: [BOOTER]     self.dispatch(current_event, turn_number)
Mar 31, 2026 3:25:20 AM dev.robocode.tankroyale.runner.internal.BooterManager startStdoutReader$lambda$0$0$0
INFO: [BOOTER] ERROR: Bot directory: /Users/jacobbecker/CPS485_RoboCode/SampleBots/TrackFire
Mar 31, 2026 3:25:20 AM dev.robocode.tankroyale.runner.internal.BooterManager startStdoutReader$lambda$0$0$0
INFO: [BOOTER]   File "/Library/Frameworks/Python.framework/Versions/3.12/lib/python3.12/site-packages/robocode_tank_royale/bot_api/internal/event_queue.py", line 162, in dispatch
Mar 31, 2026 3:25:20 AM dev.robocode.tankroyale.runner.internal.BooterManager startStdoutReader$lambda$0$0$0
INFO: [BOOTER] ERROR: Bot directory: /Users/jacobbecker/CPS485_RoboCode/SampleBots/TrackFire
Mar 31, 2026 3:25:20 AM dev.robocode.tankroyale.runner.internal.BooterManager startStdoutReader$lambda$0$0$0
INFO: [BOOTER]     self.bot_event_handlers.fire_event(bot_event)
Mar 31, 2026 3:25:20 AM dev.robocode.tankroyale.runner.internal.BooterManager startStdoutReader$lambda$0$0$0
INFO: [BOOTER] ERROR: Bot directory: /Users/jacobbecker/CPS485_RoboCode/SampleBots/TrackFire
Mar 31, 2026 3:25:20 AM dev.robocode.tankroyale.runner.internal.BooterManager startStdoutReader$lambda$0$0$0
INFO: [BOOTER]   File "/Library/Frameworks/Python.framework/Versions/3.12/lib/python3.12/site-packages/robocode_tank_royale/bot_api/internal/bot_event_handlers.py", line 145, in fire_event
Mar 31, 2026 3:25:20 AM dev.robocode.tankroyale.runner.internal.BooterManager startStdoutReader$lambda$0$0$0
INFO: [BOOTER] ERROR: Bot directory: /Users/jacobbecker/CPS485_RoboCode/SampleBots/TrackFire
Mar 31, 2026 3:25:20 AM dev.robocode.tankroyale.runner.internal.BooterManager startStdoutReader$lambda$0$0$0
INFO: [BOOTER]     handler.publish(event)
Mar 31, 2026 3:25:20 AM dev.robocode.tankroyale.runner.internal.BooterManager startStdoutReader$lambda$0$0$0
INFO: [BOOTER] ERROR: Bot directory: /Users/jacobbecker/CPS485_RoboCode/SampleBots/TrackFire
Mar 31, 2026 3:25:20 AM dev.robocode.tankroyale.runner.internal.BooterManager startStdoutReader$lambda$0$0$0
INFO: [BOOTER]   File "/Library/Frameworks/Python.framework/Versions/3.12/lib/python3.12/site-packages/robocode_tank_royale/bot_api/internal/event_handler.py", line 110, in publish
Mar 31, 2026 3:25:20 AM dev.robocode.tankroyale.runner.internal.BooterManager startStdoutReader$lambda$0$0$0
INFO: [BOOTER] ERROR: Bot directory: /Users/jacobbecker/CPS485_RoboCode/SampleBots/TrackFire
Mar 31, 2026 3:25:20 AM dev.robocode.tankroyale.runner.internal.BooterManager startStdoutReader$lambda$0$0$0
INFO: [BOOTER]     entry.subscriber(event_data)
Mar 31, 2026 3:25:20 AM dev.robocode.tankroyale.runner.internal.BooterManager startStdoutReader$lambda$0$0$0
INFO: [BOOTER] ERROR: Bot directory: /Users/jacobbecker/CPS485_RoboCode/SampleBots/TrackFire
Mar 31, 2026 3:25:20 AM dev.robocode.tankroyale.runner.internal.BooterManager startStdoutReader$lambda$0$0$0
INFO: [BOOTER]   File "/Library/Frameworks/Python.framework/Versions/3.12/lib/python3.12/site-packages/robocode_tank_royale/bot_api/bot.py", line 27, in _stop_thread
Mar 31, 2026 3:25:20 AM dev.robocode.tankroyale.runner.internal.BooterManager startStdoutReader$lambda$0$0$0
INFO: [BOOTER] ERROR: Bot directory: /Users/jacobbecker/CPS485_RoboCode/SampleBots/TrackFire
Mar 31, 2026 3:25:20 AM dev.robocode.tankroyale.runner.internal.BooterManager startStdoutReader$lambda$0$0$0
INFO: [BOOTER]     self._base_bot_internals.stop_thread()
Mar 31, 2026 3:25:20 AM dev.robocode.tankroyale.runner.internal.BooterManager startStdoutReader$lambda$0$0$0
INFO: [BOOTER] ERROR: Bot directory: /Users/jacobbecker/CPS485_RoboCode/SampleBots/TrackFire
Mar 31, 2026 3:25:20 AM dev.robocode.tankroyale.runner.internal.BooterManager startStdoutReader$lambda$0$0$0
INFO: [BOOTER]   File "/Library/Frameworks/Python.framework/Versions/3.12/lib/python3.12/site-packages/robocode_tank_royale/bot_api/internal/base_bot_internals.py", line 332, in stop_thread
Mar 31, 2026 3:25:20 AM dev.robocode.tankroyale.runner.internal.BooterManager startStdoutReader$lambda$0$0$0
INFO: [BOOTER] ERROR: Bot directory: /Users/jacobbecker/CPS485_RoboCode/SampleBots/TrackFire
Mar 31, 2026 3:25:20 AM dev.robocode.tankroyale.runner.internal.BooterManager startStdoutReader$lambda$0$0$0
INFO: [BOOTER]     self.thread.join(timeout=5.0)  # Wait up to 5 seconds for thread to finish
Mar 31, 2026 3:25:20 AM dev.robocode.tankroyale.runner.internal.BooterManager startStdoutReader$lambda$0$0$0
INFO: [BOOTER] ERROR: Bot directory: /Users/jacobbecker/CPS485_RoboCode/SampleBots/TrackFire
Mar 31, 2026 3:25:20 AM dev.robocode.tankroyale.runner.internal.BooterManager startStdoutReader$lambda$0$0$0
INFO: [BOOTER]     ^^^^^^^^^^^^^^^^^^^^^^^^^^^^^
Mar 31, 2026 3:25:20 AM dev.robocode.tankroyale.runner.internal.BooterManager startStdoutReader$lambda$0$0$0
INFO: [BOOTER] ERROR: Bot directory: /Users/jacobbecker/CPS485_RoboCode/SampleBots/TrackFire
Mar 31, 2026 3:25:20 AM dev.robocode.tankroyale.runner.internal.BooterManager startStdoutReader$lambda$0$0$0
INFO: [BOOTER]   File "/Library/Frameworks/Python.framework/Versions/3.12/lib/python3.12/threading.py", line 1144, in join
Mar 31, 2026 3:25:20 AM dev.robocode.tankroyale.runner.internal.BooterManager startStdoutReader$lambda$0$0$0
INFO: [BOOTER] ERROR: Bot directory: /Users/jacobbecker/CPS485_RoboCode/SampleBots/TrackFire
Mar 31, 2026 3:25:20 AM dev.robocode.tankroyale.runner.internal.BooterManager startStdoutReader$lambda$0$0$0
INFO: [BOOTER]     raise RuntimeError("cannot join current thread")
Mar 31, 2026 3:25:20 AM dev.robocode.tankroyale.runner.internal.BooterManager startStdoutReader$lambda$0$0$0
INFO: [BOOTER] ERROR: Bot directory: /Users/jacobbecker/CPS485_RoboCode/SampleBots/TrackFire
Mar 31, 2026 3:25:20 AM dev.robocode.tankroyale.runner.internal.BooterManager startStdoutReader$lambda$0$0$0
INFO: [BOOTER] RuntimeError: cannot join current thread
Mar 31, 2026 3:25:21 AM dev.robocode.tankroyale.runner.internal.BooterManager startStdoutReader$lambda$0$0$0
INFO: [BOOTER] ERROR: Bot directory: /Users/jacobbecker/CPS485_RoboCode/SampleBots/TrackFire
Mar 31, 2026 3:25:21 AM dev.robocode.tankroyale.runner.internal.BooterManager startStdoutReader$lambda$0$0$0
INFO: [BOOTER] Traceback (most recent call last):
Mar 31, 2026 3:25:21 AM dev.robocode.tankroyale.runner.internal.BooterManager startStdoutReader$lambda$0$0$0
INFO: [BOOTER] ERROR: Bot directory: /Users/jacobbecker/CPS485_RoboCode/SampleBots/TrackFire
Mar 31, 2026 3:25:21 AM dev.robocode.tankroyale.runner.internal.BooterManager startStdoutReader$lambda$0$0$0
INFO: [BOOTER]   File "/Library/Frameworks/Python.framework/Versions/3.12/lib/python3.12/site-packages/robocode_tank_royale/bot_api/internal/base_bot_internals.py", line 279, in dispatch_events
Mar 31, 2026 3:25:21 AM dev.robocode.tankroyale.runner.internal.BooterManager startStdoutReader$lambda$0$0$0
INFO: [BOOTER] ERROR: Bot directory: /Users/jacobbecker/CPS485_RoboCode/SampleBots/TrackFire
Mar 31, 2026 3:25:21 AM dev.robocode.tankroyale.runner.internal.BooterManager startStdoutReader$lambda$0$0$0
INFO: [BOOTER]     self.event_queue.dispatch_events(turn_number)
Mar 31, 2026 3:25:21 AM dev.robocode.tankroyale.runner.internal.BooterManager startStdoutReader$lambda$0$0$0
INFO: [BOOTER] ERROR: Bot directory: /Users/jacobbecker/CPS485_RoboCode/SampleBots/TrackFire
Mar 31, 2026 3:25:21 AM dev.robocode.tankroyale.runner.internal.BooterManager startStdoutReader$lambda$0$0$0
INFO: [BOOTER]   File "/Library/Frameworks/Python.framework/Versions/3.12/lib/python3.12/site-packages/robocode_tank_royale/bot_api/internal/event_queue.py", line 121, in dispatch_events
Mar 31, 2026 3:25:21 AM dev.robocode.tankroyale.runner.internal.BooterManager startStdoutReader$lambda$0$0$0
INFO: [BOOTER] ERROR: Bot directory: /Users/jacobbecker/CPS485_RoboCode/SampleBots/TrackFire
Mar 31, 2026 3:25:21 AM dev.robocode.tankroyale.runner.internal.BooterManager startStdoutReader$lambda$0$0$0
INFO: [BOOTER]     self.dispatch(current_event, turn_number)
Mar 31, 2026 3:25:21 AM dev.robocode.tankroyale.runner.internal.BooterManager startStdoutReader$lambda$0$0$0
INFO: [BOOTER] ERROR: Bot directory: /Users/jacobbecker/CPS485_RoboCode/SampleBots/TrackFire
Mar 31, 2026 3:25:21 AM dev.robocode.tankroyale.runner.internal.BooterManager startStdoutReader$lambda$0$0$0
INFO: [BOOTER]   File "/Library/Frameworks/Python.framework/Versions/3.12/lib/python3.12/site-packages/robocode_tank_royale/bot_api/internal/event_queue.py", line 162, in dispatch
Mar 31, 2026 3:25:21 AM dev.robocode.tankroyale.runner.internal.BooterManager startStdoutReader$lambda$0$0$0
INFO: [BOOTER] ERROR: Bot directory: /Users/jacobbecker/CPS485_RoboCode/SampleBots/TrackFire
Mar 31, 2026 3:25:21 AM dev.robocode.tankroyale.runner.internal.BooterManager startStdoutReader$lambda$0$0$0
INFO: [BOOTER]     self.bot_event_handlers.fire_event(bot_event)
Mar 31, 2026 3:25:21 AM dev.robocode.tankroyale.runner.internal.BooterManager startStdoutReader$lambda$0$0$0
INFO: [BOOTER] ERROR: Bot directory: /Users/jacobbecker/CPS485_RoboCode/SampleBots/TrackFire
Mar 31, 2026 3:25:21 AM dev.robocode.tankroyale.runner.internal.BooterManager startStdoutReader$lambda$0$0$0
INFO: [BOOTER]   File "/Library/Frameworks/Python.framework/Versions/3.12/lib/python3.12/site-packages/robocode_tank_royale/bot_api/internal/bot_event_handlers.py", line 145, in fire_event
Mar 31, 2026 3:25:21 AM dev.robocode.tankroyale.runner.internal.BooterManager startStdoutReader$lambda$0$0$0
INFO: [BOOTER] ERROR: Bot directory: /Users/jacobbecker/CPS485_RoboCode/SampleBots/TrackFire
Mar 31, 2026 3:25:21 AM dev.robocode.tankroyale.runner.internal.BooterManager startStdoutReader$lambda$0$0$0
INFO: [BOOTER]     handler.publish(event)
Mar 31, 2026 3:25:21 AM dev.robocode.tankroyale.runner.internal.BooterManager startStdoutReader$lambda$0$0$0
INFO: [BOOTER] ERROR: Bot directory: /Users/jacobbecker/CPS485_RoboCode/SampleBots/TrackFire
Mar 31, 2026 3:25:21 AM dev.robocode.tankroyale.runner.internal.BooterManager startStdoutReader$lambda$0$0$0
INFO: [BOOTER]   File "/Library/Frameworks/Python.framework/Versions/3.12/lib/python3.12/site-packages/robocode_tank_royale/bot_api/internal/event_handler.py", line 110, in publish
Mar 31, 2026 3:25:21 AM dev.robocode.tankroyale.runner.internal.BooterManager startStdoutReader$lambda$0$0$0
INFO: [BOOTER] ERROR: Bot directory: /Users/jacobbecker/CPS485_RoboCode/SampleBots/TrackFire
Mar 31, 2026 3:25:21 AM dev.robocode.tankroyale.runner.internal.BooterManager startStdoutReader$lambda$0$0$0
INFO: [BOOTER]     entry.subscriber(event_data)
Mar 31, 2026 3:25:21 AM dev.robocode.tankroyale.runner.internal.BooterManager startStdoutReader$lambda$0$0$0
INFO: [BOOTER] ERROR: Bot directory: /Users/jacobbecker/CPS485_RoboCode/SampleBots/TrackFire
Mar 31, 2026 3:25:21 AM dev.robocode.tankroyale.runner.internal.BooterManager startStdoutReader$lambda$0$0$0
INFO: [BOOTER]   File "/Library/Frameworks/Python.framework/Versions/3.12/lib/python3.12/site-packages/robocode_tank_royale/bot_api/bot.py", line 27, in _stop_thread
Mar 31, 2026 3:25:21 AM dev.robocode.tankroyale.runner.internal.BooterManager startStdoutReader$lambda$0$0$0
INFO: [BOOTER] ERROR: Bot directory: /Users/jacobbecker/CPS485_RoboCode/SampleBots/TrackFire
Mar 31, 2026 3:25:21 AM dev.robocode.tankroyale.runner.internal.BooterManager startStdoutReader$lambda$0$0$0
INFO: [BOOTER]     self._base_bot_internals.stop_thread()
Mar 31, 2026 3:25:21 AM dev.robocode.tankroyale.runner.internal.BooterManager startStdoutReader$lambda$0$0$0
INFO: [BOOTER] ERROR: Bot directory: /Users/jacobbecker/CPS485_RoboCode/SampleBots/TrackFire
Mar 31, 2026 3:25:21 AM dev.robocode.tankroyale.runner.internal.BooterManager startStdoutReader$lambda$0$0$0
INFO: [BOOTER]   File "/Library/Frameworks/Python.framework/Versions/3.12/lib/python3.12/site-packages/robocode_tank_royale/bot_api/internal/base_bot_internals.py", line 332, in stop_thread
Mar 31, 2026 3:25:21 AM dev.robocode.tankroyale.runner.internal.BooterManager startStdoutReader$lambda$0$0$0
INFO: [BOOTER] ERROR: Bot directory: /Users/jacobbecker/CPS485_RoboCode/SampleBots/TrackFire
Mar 31, 2026 3:25:21 AM dev.robocode.tankroyale.runner.internal.BooterManager startStdoutReader$lambda$0$0$0
INFO: [BOOTER]     self.thread.join(timeout=5.0)  # Wait up to 5 seconds for thread to finish
Mar 31, 2026 3:25:21 AM dev.robocode.tankroyale.runner.internal.BooterManager startStdoutReader$lambda$0$0$0
INFO: [BOOTER] ERROR: Bot directory: /Users/jacobbecker/CPS485_RoboCode/SampleBots/TrackFire
Mar 31, 2026 3:25:21 AM dev.robocode.tankroyale.runner.internal.BooterManager startStdoutReader$lambda$0$0$0
INFO: [BOOTER]     ^^^^^^^^^^^^^^^^^^^^^^^^^^^^^
Mar 31, 2026 3:25:21 AM dev.robocode.tankroyale.runner.internal.BooterManager startStdoutReader$lambda$0$0$0
INFO: [BOOTER] ERROR: Bot directory: /Users/jacobbecker/CPS485_RoboCode/SampleBots/TrackFire
Mar 31, 2026 3:25:21 AM dev.robocode.tankroyale.runner.internal.BooterManager startStdoutReader$lambda$0$0$0
INFO: [BOOTER]   File "/Library/Frameworks/Python.framework/Versions/3.12/lib/python3.12/threading.py", line 1144, in join
Mar 31, 2026 3:25:21 AM dev.robocode.tankroyale.runner.internal.BooterManager startStdoutReader$lambda$0$0$0
INFO: [BOOTER] ERROR: Bot directory: /Users/jacobbecker/CPS485_RoboCode/SampleBots/TrackFire
Mar 31, 2026 3:25:21 AM dev.robocode.tankroyale.runner.internal.BooterManager startStdoutReader$lambda$0$0$0
INFO: [BOOTER]     raise RuntimeError("cannot join current thread")
Mar 31, 2026 3:25:21 AM dev.robocode.tankroyale.runner.internal.BooterManager startStdoutReader$lambda$0$0$0
INFO: [BOOTER] ERROR: Bot directory: /Users/jacobbecker/CPS485_RoboCode/SampleBots/TrackFire
Mar 31, 2026 3:25:21 AM dev.robocode.tankroyale.runner.internal.BooterManager startStdoutReader$lambda$0$0$0
INFO: [BOOTER] RuntimeError: cannot join current thread
Mar 31, 2026 3:25:22 AM dev.robocode.tankroyale.runner.internal.ServerManager startStdoutReader$lambda$0$0$0
INFO: [SERVER] 2026-03-31 03:25:22.652 [32m[INFO][39m Game ended
Mar 31, 2026 3:25:22 AM dev.robocode.tankroyale.runner.BattleRunner startBattleAsync$lambda$7
INFO: Battle finished, cleaning up...
Mar 31, 2026 3:25:22 AM dev.robocode.tankroyale.runner.internal.BooterManager startStdoutReader$lambda$0$0$0
INFO: [BOOTER] stopped 55078
Mar 31, 2026 3:25:22 AM dev.robocode.tankroyale.runner.internal.BooterManager startStdoutReader$lambda$0$0$0
INFO: [BOOTER] stopped 55079
Mar 31, 2026 3:25:22 AM dev.robocode.tankroyale.runner.internal.ServerManager startStdoutReader$lambda$0$0$0
INFO: [SERVER] 2026-03-31 03:25:22.663 [32m[INFO][39m Bot left: Track Fire 1.0
Rounds played: 100
#1 DQNBot v1.0.0 score=14010 first=67
#2 Track Fire v1.0 score=10244 first=33
Mar 31, 2026 3:25:22 AM dev.robocode.tankroyale.runner.internal.ServerManager startStdoutReader$lambda$0$0$0
INFO: [SERVER] 2026-03-31 03:25:22.667 [32m[INFO][39m Observer left: Robocode Tank Royale Battle Runner 0.38.2
Mar 31, 2026 3:25:22 AM dev.robocode.tankroyale.runner.internal.ServerManager startStdoutReader$lambda$0$0$0
INFO: [SERVER] 2026-03-31 03:25:22.668 [32m[INFO][39m Controller left: Robocode Tank Royale Battle Runner 0.38.2
Mar 31, 2026 3:25:22 AM dev.robocode.tankroyale.runner.internal.ServerManager startStdoutReader$lambda$0$0$0
INFO: [SERVER] 2026-03-31 03:25:22.669 [32m[INFO][39m Aborting game
Mar 31, 2026 3:25:22 AM dev.robocode.tankroyale.runner.internal.ServerManager startStdoutReader$lambda$0$0$0
INFO: [SERVER] 2026-03-31 03:25:22.669 [32m[INFO][39m Stopping server
Mar 31, 2026 3:25:22 AM dev.robocode.tankroyale.runner.internal.ServerManager startStdoutReader$lambda$0$0$0
INFO: [SERVER] 2026-03-31 03:25:22.671 [32m[INFO][39m Bot left: DQNBot 1.0.0
