Apr 27, 2026 4:45:25 PM dev.robocode.tankroyale.runner.BattleRunner startBattleAsync
INFO: Starting battle: rounds=100, bots=2
Apr 27, 2026 4:45:25 PM dev.robocode.tankroyale.runner.internal.ServerManager startStdoutReader$lambda$0$0$0
INFO: [SERVER] [1m[38;5;21m              ___________[0m
Apr 27, 2026 4:45:25 PM dev.robocode.tankroyale.runner.internal.ServerManager startStdoutReader$lambda$0$0$0
INFO: [SERVER] [1m[38;5;21m             /           |[0m[1m[38;5;102m[[[]========((()[0m
Apr 27, 2026 4:45:25 PM dev.robocode.tankroyale.runner.internal.ServerManager startStdoutReader$lambda$0$0$0
INFO: [SERVER] [1m[38;5;21m   _________|____________|___________[0m
Apr 27, 2026 4:45:25 PM dev.robocode.tankroyale.runner.internal.ServerManager startStdoutReader$lambda$0$0$0
INFO: [SERVER] [1m[38;5;102m _[0m[1m[38;5;21m/[0m[1m[38;5;102m_[0m[1m[38;5;21m________________________________[0m[1m[38;5;102m_[0m[1m[38;5;21m\[0m[1m[38;5;102m_[0m
Apr 27, 2026 4:45:25 PM dev.robocode.tankroyale.runner.internal.ServerManager startStdoutReader$lambda$0$0$0
INFO: [SERVER] [1m[38;5;102m/ _ ) ___  ___  ___  ___  ___  ___ / ,_|[0m
Apr 27, 2026 4:45:25 PM dev.robocode.tankroyale.runner.internal.ServerManager startStdoutReader$lambda$0$0$0
INFO: [SERVER] [1m[38;5;102m\_\_\/ _ \| __)/ _ \/ __// _ \| _ \\__|[0m
Apr 27, 2026 4:45:25 PM dev.robocode.tankroyale.runner.internal.ServerManager startStdoutReader$lambda$0$0$0
INFO: [SERVER] [1m[38;5;102m     \___/|___)\___/\___|\___/|___/[0m
Apr 27, 2026 4:45:25 PM dev.robocode.tankroyale.runner.internal.ServerManager startStdoutReader$lambda$0$0$0
INFO: [SERVER] 
Apr 27, 2026 4:45:25 PM dev.robocode.tankroyale.runner.internal.ServerManager startStdoutReader$lambda$0$0$0
INFO: [SERVER] [1m[32m          Robocode Tank Royale[0m
Apr 27, 2026 4:45:25 PM dev.robocode.tankroyale.runner.internal.ServerManager startStdoutReader$lambda$0$0$0
INFO: [SERVER] 
Apr 27, 2026 4:45:25 PM dev.robocode.tankroyale.runner.internal.ServerManager startStdoutReader$lambda$0$0$0
INFO: [SERVER] Robocode Tank Royale Server 0.38.2
Apr 27, 2026 4:45:25 PM dev.robocode.tankroyale.runner.internal.ServerManager startStdoutReader$lambda$0$0$0
INFO: [SERVER] 2026-04-27 16:45:25.847 [32m[INFO][39m Server secrets: [32mENABLED[39m (controllers=1, bots=1)
Apr 27, 2026 4:45:25 PM dev.robocode.tankroyale.runner.internal.ServerManager startStdoutReader$lambda$0$0$0
INFO: [SERVER] 2026-04-27 16:45:25.887 [32m[INFO][39m Starting server on port 60080 with supporting game type(s): classic
Apr 27, 2026 4:45:26 PM dev.robocode.tankroyale.runner.internal.ServerManager startStdoutReader$lambda$0$0$0
INFO: [SERVER] 2026-04-27 16:45:26.463 [32m[INFO][39m Observer joined: Robocode Tank Royale Battle Runner 0.38.2
Apr 27, 2026 4:45:26 PM dev.robocode.tankroyale.runner.BattleRunner startBattleAsync
INFO: Booting bots...
Apr 27, 2026 4:45:26 PM dev.robocode.tankroyale.runner.internal.ServerManager startStdoutReader$lambda$0$0$0
INFO: [SERVER] 2026-04-27 16:45:26.464 [32m[INFO][39m Controller joined: Robocode Tank Royale Battle Runner 0.38.2
Apr 27, 2026 4:45:26 PM dev.robocode.tankroyale.runner.internal.BooterManager startStdoutReader$lambda$0$0$0
INFO: [BOOTER] 7032;/Users/jacobbecker/CPS485_RoboCode/logs/_runtime_bots/20260427_164525/train_jacob3_0_1v1/jacob3_0_vs_meleedqn/Jacob3_0
Apr 27, 2026 4:45:26 PM dev.robocode.tankroyale.runner.internal.BooterManager startStdoutReader$lambda$0$0$0
INFO: [BOOTER] 7033;/Users/jacobbecker/CPS485_RoboCode/logs/_runtime_bots/20260427_164525/train_jacob3_0_1v1/jacob3_0_vs_meleedqn/MeleeDQN
Apr 27, 2026 4:45:29 PM dev.robocode.tankroyale.runner.internal.ServerManager startStdoutReader$lambda$0$0$0
INFO: [SERVER] 2026-04-27 16:45:29.113 [32m[INFO][39m Bot joined: Jacob3_0 1.0.0
Apr 27, 2026 4:45:29 PM dev.robocode.tankroyale.runner.internal.ServerManager startStdoutReader$lambda$0$0$0
INFO: [SERVER] 2026-04-27 16:45:29.244 [32m[INFO][39m Bot joined: MeleeDQN 1.0.0
Apr 27, 2026 4:45:29 PM dev.robocode.tankroyale.runner.BattleRunner startBattleAsync
INFO: Starting game...
Apr 27, 2026 4:45:29 PM dev.robocode.tankroyale.runner.internal.ServerManager startStdoutReader$lambda$0$0$0
INFO: [SERVER] 2026-04-27 16:45:29.261 [32m[INFO][39m Bot ready: Jacob3_0 1.0.0
Apr 27, 2026 4:45:29 PM dev.robocode.tankroyale.runner.internal.ServerManager startStdoutReader$lambda$0$0$0
INFO: [SERVER] 2026-04-27 16:45:29.261 [32m[INFO][39m Bot ready: MeleeDQN 1.0.0
Apr 27, 2026 4:45:29 PM dev.robocode.tankroyale.runner.internal.ServerManager startStdoutReader$lambda$0$0$0
INFO: [SERVER] 2026-04-27 16:45:29.263 [32m[INFO][39m Starting game
Apr 27, 2026 4:45:29 PM dev.robocode.tankroyale.runner.BattleRunner startBattleAsync
INFO: Battle started successfully
Apr 27, 2026 4:51:05 PM dev.robocode.tankroyale.runner.internal.ServerManager startStdoutReader$lambda$0$0$0
INFO: [SERVER] 2026-04-27 16:51:05.390 [32m[INFO][39m Game ended
Apr 27, 2026 4:51:05 PM dev.robocode.tankroyale.runner.BattleRunner startBattleAsync$lambda$7
INFO: Battle finished, cleaning up...
Apr 27, 2026 4:51:05 PM dev.robocode.tankroyale.runner.internal.ServerManager startStdoutReader$lambda$0$0$0
INFO: [SERVER] 2026-04-27 16:51:05.424 [32m[INFO][39m Bot left: Jacob3_0 1.0.0
Apr 27, 2026 4:51:05 PM dev.robocode.tankroyale.runner.internal.ServerManager startStdoutReader$lambda$0$0$0
INFO: [SERVER] 2026-04-27 16:51:05.427 [32m[INFO][39m Bot left: MeleeDQN 1.0.0
Apr 27, 2026 4:51:05 PM dev.robocode.tankroyale.runner.internal.ServerManager startStdoutReader$lambda$0$0$0
INFO: [SERVER] 2026-04-27 16:51:05.440 [32m[INFO][39m Observer left: Robocode Tank Royale Battle Runner 0.38.2
Apr 27, 2026 4:51:05 PM dev.robocode.tankroyale.runner.internal.ServerManager startStdoutReader$lambda$0$0$0
INFO: [SERVER] 2026-04-27 16:51:05.440 [32m[INFO][39m Controller left: Robocode Tank Royale Battle Runner 0.38.2
Apr 27, 2026 4:51:05 PM dev.robocode.tankroyale.runner.internal.ServerManager startStdoutReader$lambda$0$0$0
INFO: [SERVER] 2026-04-27 16:51:05.441 [32m[INFO][39m Aborting game
Apr 27, 2026 4:51:05 PM dev.robocode.tankroyale.runner.internal.ServerManager startStdoutReader$lambda$0$0$0
INFO: [SERVER] 2026-04-27 16:51:05.442 [32m[INFO][39m Stopping server
[royale_harness] scenario=jacob3_0_vs_meleedqn config=/Users/jacobbecker/CPS485_RoboCode/configs/robocode/jacob3_0_vs_meleedqn.json
{"rounds":100,"arenaWidth":800,"arenaHeight":600,"results":[{"name":"Jacob3_0","version":"1.0.0","rank":1,"totalScore":11243,"survivalScore":4600,"lastSurvivorBonus":920,"bulletDamageScore":4902,"bulletKillBonus":653,"ramDamageScore":149,"ramKillBonus":18,"firstPlaces":92,"secondPlaces":7,"thirdPlaces":0},{"name":"MeleeDQN","version":"1.0.0","rank":2,"totalScore":577,"survivalScore":350,"lastSurvivorBonus":70,"bulletDamageScore":24,"bulletKillBonus":0,"ramDamageScore":133,"ramKillBonus":0,"firstPlaces":7,"secondPlaces":92,"thirdPlaces":0}]}
Apr 27, 2026 4:51:07 PM dev.robocode.tankroyale.runner.BattleRunner startBattleAsync
INFO: Starting battle: rounds=100, bots=2
Apr 27, 2026 4:51:07 PM dev.robocode.tankroyale.runner.internal.ServerManager startStdoutReader$lambda$0$0$0
INFO: [SERVER] [1m[38;5;21m              ___________[0m
Apr 27, 2026 4:51:07 PM dev.robocode.tankroyale.runner.internal.ServerManager startStdoutReader$lambda$0$0$0
INFO: [SERVER] [1m[38;5;21m             /           |[0m[1m[38;5;102m[[[]========((()[0m
Apr 27, 2026 4:51:07 PM dev.robocode.tankroyale.runner.internal.ServerManager startStdoutReader$lambda$0$0$0
INFO: [SERVER] [1m[38;5;21m   _________|____________|___________[0m
Apr 27, 2026 4:51:07 PM dev.robocode.tankroyale.runner.internal.ServerManager startStdoutReader$lambda$0$0$0
INFO: [SERVER] [1m[38;5;102m _[0m[1m[38;5;21m/[0m[1m[38;5;102m_[0m[1m[38;5;21m________________________________[0m[1m[38;5;102m_[0m[1m[38;5;21m\[0m[1m[38;5;102m_[0m
Apr 27, 2026 4:51:07 PM dev.robocode.tankroyale.runner.internal.ServerManager startStdoutReader$lambda$0$0$0
INFO: [SERVER] [1m[38;5;102m/ _ ) ___  ___  ___  ___  ___  ___ / ,_|[0m
Apr 27, 2026 4:51:07 PM dev.robocode.tankroyale.runner.internal.ServerManager startStdoutReader$lambda$0$0$0
INFO: [SERVER] [1m[38;5;102m\_\_\/ _ \| __)/ _ \/ __// _ \| _ \\__|[0m
Apr 27, 2026 4:51:07 PM dev.robocode.tankroyale.runner.internal.ServerManager startStdoutReader$lambda$0$0$0
INFO: [SERVER] [1m[38;5;102m     \___/|___)\___/\___|\___/|___/[0m
Apr 27, 2026 4:51:07 PM dev.robocode.tankroyale.runner.internal.ServerManager startStdoutReader$lambda$0$0$0
INFO: [SERVER] 
Apr 27, 2026 4:51:07 PM dev.robocode.tankroyale.runner.internal.ServerManager startStdoutReader$lambda$0$0$0
INFO: [SERVER] [1m[32m          Robocode Tank Royale[0m
Apr 27, 2026 4:51:07 PM dev.robocode.tankroyale.runner.internal.ServerManager startStdoutReader$lambda$0$0$0
INFO: [SERVER] 
Apr 27, 2026 4:51:07 PM dev.robocode.tankroyale.runner.internal.ServerManager startStdoutReader$lambda$0$0$0
INFO: [SERVER] Robocode Tank Royale Server 0.38.2
Apr 27, 2026 4:51:07 PM dev.robocode.tankroyale.runner.internal.ServerManager startStdoutReader$lambda$0$0$0
INFO: [SERVER] 2026-04-27 16:51:07.656 [32m[INFO][39m Server secrets: [32mENABLED[39m (controllers=1, bots=1)
Apr 27, 2026 4:51:07 PM dev.robocode.tankroyale.runner.internal.ServerManager startStdoutReader$lambda$0$0$0
INFO: [SERVER] 2026-04-27 16:51:07.702 [32m[INFO][39m Starting server on port 60263 with supporting game type(s): classic
Apr 27, 2026 4:51:08 PM dev.robocode.tankroyale.runner.internal.ServerManager startStdoutReader$lambda$0$0$0
INFO: [SERVER] 2026-04-27 16:51:08.292 [32m[INFO][39m Observer joined: Robocode Tank Royale Battle Runner 0.38.2
Apr 27, 2026 4:51:08 PM dev.robocode.tankroyale.runner.BattleRunner startBattleAsync
INFO: Booting bots...
Apr 27, 2026 4:51:08 PM dev.robocode.tankroyale.runner.internal.ServerManager startStdoutReader$lambda$0$0$0
INFO: [SERVER] 2026-04-27 16:51:08.293 [32m[INFO][39m Controller joined: Robocode Tank Royale Battle Runner 0.38.2
Apr 27, 2026 4:51:08 PM dev.robocode.tankroyale.runner.internal.BooterManager startStdoutReader$lambda$0$0$0
INFO: [BOOTER] 7421;/Users/jacobbecker/CPS485_RoboCode/logs/_runtime_bots/20260427_164525/train_jacob3_0_1v1/jacob3_0_vs_ppobot/Jacob3_0
Apr 27, 2026 4:51:08 PM dev.robocode.tankroyale.runner.internal.BooterManager startStdoutReader$lambda$0$0$0
INFO: [BOOTER] 7422;/Users/jacobbecker/CPS485_RoboCode/logs/_runtime_bots/20260427_164525/train_jacob3_0_1v1/jacob3_0_vs_ppobot/PPOBot
Apr 27, 2026 4:51:11 PM dev.robocode.tankroyale.runner.internal.ServerManager startStdoutReader$lambda$0$0$0
INFO: [SERVER] 2026-04-27 16:51:11.421 [32m[INFO][39m Bot joined: PPOBot 1.0
Apr 27, 2026 4:51:11 PM dev.robocode.tankroyale.runner.internal.ServerManager startStdoutReader$lambda$0$0$0
INFO: [SERVER] 2026-04-27 16:51:11.421 [32m[INFO][39m Bot joined: Jacob3_0 1.0.0
Apr 27, 2026 4:51:11 PM dev.robocode.tankroyale.runner.BattleRunner startBattleAsync
INFO: Starting game...
Apr 27, 2026 4:51:11 PM dev.robocode.tankroyale.runner.internal.ServerManager startStdoutReader$lambda$0$0$0
INFO: [SERVER] 2026-04-27 16:51:11.444 [32m[INFO][39m Bot ready: Jacob3_0 1.0.0
Apr 27, 2026 4:51:11 PM dev.robocode.tankroyale.runner.internal.ServerManager startStdoutReader$lambda$0$0$0
INFO: [SERVER] 2026-04-27 16:51:11.445 [32m[INFO][39m Bot ready: PPOBot 1.0
Apr 27, 2026 4:51:11 PM dev.robocode.tankroyale.runner.internal.ServerManager startStdoutReader$lambda$0$0$0
INFO: [SERVER] 2026-04-27 16:51:11.446 [32m[INFO][39m Starting game
Apr 27, 2026 4:51:11 PM dev.robocode.tankroyale.runner.BattleRunner startBattleAsync
INFO: Battle started successfully
Apr 27, 2026 4:58:53 PM dev.robocode.tankroyale.runner.internal.ServerManager startStdoutReader$lambda$0$0$0
INFO: [SERVER] 2026-04-27 16:58:53.558 [32m[INFO][39m Game ended
Apr 27, 2026 4:58:53 PM dev.robocode.tankroyale.runner.BattleRunner startBattleAsync$lambda$7
INFO: Battle finished, cleaning up...
Apr 27, 2026 4:58:53 PM dev.robocode.tankroyale.runner.internal.ServerManager startStdoutReader$lambda$0$0$0
INFO: [SERVER] 2026-04-27 16:58:53.576 [32m[INFO][39m Bot left: Jacob3_0 1.0.0
Apr 27, 2026 4:58:53 PM dev.robocode.tankroyale.runner.internal.ServerManager startStdoutReader$lambda$0$0$0
INFO: [SERVER] 2026-04-27 16:58:53.581 [32m[INFO][39m Bot left: PPOBot 1.0
Apr 27, 2026 4:58:53 PM dev.robocode.tankroyale.runner.internal.ServerManager startStdoutReader$lambda$0$0$0
INFO: [SERVER] 2026-04-27 16:58:53.585 [32m[INFO][39m Observer left: Robocode Tank Royale Battle Runner 0.38.2
Apr 27, 2026 4:58:53 PM dev.robocode.tankroyale.runner.internal.ServerManager startStdoutReader$lambda$0$0$0
INFO: [SERVER] 2026-04-27 16:58:53.585 [32m[INFO][39m Controller left: Robocode Tank Royale Battle Runner 0.38.2
Apr 27, 2026 4:58:53 PM dev.robocode.tankroyale.runner.internal.ServerManager startStdoutReader$lambda$0$0$0
INFO: [SERVER] 2026-04-27 16:58:53.585 [32m[INFO][39m Aborting game
Apr 27, 2026 4:58:53 PM dev.robocode.tankroyale.runner.internal.ServerManager startStdoutReader$lambda$0$0$0
INFO: [SERVER] 2026-04-27 16:58:53.586 [32m[INFO][39m Stopping server
[royale_harness] scenario=jacob3_0_vs_ppobot config=/Users/jacobbecker/CPS485_RoboCode/configs/robocode/jacob3_0_vs_ppobot.json
{"rounds":100,"arenaWidth":800,"arenaHeight":600,"results":[{"name":"Jacob3_0","version":"1.0.0","rank":1,"totalScore":14304,"survivalScore":3700,"lastSurvivorBonus":740,"bulletDamageScore":8324,"bulletKillBonus":1431,"ramDamageScore":77,"ramKillBonus":32,"firstPlaces":74,"secondPlaces":25,"thirdPlaces":0},{"name":"PPOBot","version":"1.0","rank":2,"totalScore":7993,"survivalScore":1250,"lastSurvivorBonus":250,"bulletDamageScore":5700,"bulletKillBonus":505,"ramDamageScore":257,"ramKillBonus":30,"firstPlaces":25,"secondPlaces":74,"thirdPlaces":0}]}
Apr 27, 2026 4:58:55 PM dev.robocode.tankroyale.runner.BattleRunner startBattleAsync
INFO: Starting battle: rounds=100, bots=2
Apr 27, 2026 4:58:55 PM dev.robocode.tankroyale.runner.internal.ServerManager startStdoutReader$lambda$0$0$0
INFO: [SERVER] [1m[38;5;21m              ___________[0m
Apr 27, 2026 4:58:55 PM dev.robocode.tankroyale.runner.internal.ServerManager startStdoutReader$lambda$0$0$0
INFO: [SERVER] [1m[38;5;21m             /           |[0m[1m[38;5;102m[[[]========((()[0m
Apr 27, 2026 4:58:55 PM dev.robocode.tankroyale.runner.internal.ServerManager startStdoutReader$lambda$0$0$0
INFO: [SERVER] [1m[38;5;21m   _________|____________|___________[0m
Apr 27, 2026 4:58:55 PM dev.robocode.tankroyale.runner.internal.ServerManager startStdoutReader$lambda$0$0$0
INFO: [SERVER] [1m[38;5;102m _[0m[1m[38;5;21m/[0m[1m[38;5;102m_[0m[1m[38;5;21m________________________________[0m[1m[38;5;102m_[0m[1m[38;5;21m\[0m[1m[38;5;102m_[0m
Apr 27, 2026 4:58:55 PM dev.robocode.tankroyale.runner.internal.ServerManager startStdoutReader$lambda$0$0$0
INFO: [SERVER] [1m[38;5;102m/ _ ) ___  ___  ___  ___  ___  ___ / ,_|[0m
Apr 27, 2026 4:58:55 PM dev.robocode.tankroyale.runner.internal.ServerManager startStdoutReader$lambda$0$0$0
INFO: [SERVER] [1m[38;5;102m\_\_\/ _ \| __)/ _ \/ __// _ \| _ \\__|[0m
Apr 27, 2026 4:58:55 PM dev.robocode.tankroyale.runner.internal.ServerManager startStdoutReader$lambda$0$0$0
INFO: [SERVER] [1m[38;5;102m     \___/|___)\___/\___|\___/|___/[0m
Apr 27, 2026 4:58:55 PM dev.robocode.tankroyale.runner.internal.ServerManager startStdoutReader$lambda$0$0$0
INFO: [SERVER] 
Apr 27, 2026 4:58:55 PM dev.robocode.tankroyale.runner.internal.ServerManager startStdoutReader$lambda$0$0$0
INFO: [SERVER] [1m[32m          Robocode Tank Royale[0m
Apr 27, 2026 4:58:55 PM dev.robocode.tankroyale.runner.internal.ServerManager startStdoutReader$lambda$0$0$0
INFO: [SERVER] 
Apr 27, 2026 4:58:55 PM dev.robocode.tankroyale.runner.internal.ServerManager startStdoutReader$lambda$0$0$0
INFO: [SERVER] Robocode Tank Royale Server 0.38.2
Apr 27, 2026 4:58:55 PM dev.robocode.tankroyale.runner.internal.ServerManager startStdoutReader$lambda$0$0$0
INFO: [SERVER] 2026-04-27 16:58:55.813 [32m[INFO][39m Server secrets: [32mENABLED[39m (controllers=1, bots=1)
Apr 27, 2026 4:58:55 PM dev.robocode.tankroyale.runner.internal.ServerManager startStdoutReader$lambda$0$0$0
INFO: [SERVER] 2026-04-27 16:58:55.853 [32m[INFO][39m Starting server on port 60274 with supporting game type(s): classic
Apr 27, 2026 4:58:56 PM dev.robocode.tankroyale.runner.internal.ServerManager startStdoutReader$lambda$0$0$0
INFO: [SERVER] 2026-04-27 16:58:56.449 [32m[INFO][39m Observer joined: Robocode Tank Royale Battle Runner 0.38.2
Apr 27, 2026 4:58:56 PM dev.robocode.tankroyale.runner.BattleRunner startBattleAsync
INFO: Booting bots...
Apr 27, 2026 4:58:56 PM dev.robocode.tankroyale.runner.internal.ServerManager startStdoutReader$lambda$0$0$0
INFO: [SERVER] 2026-04-27 16:58:56.452 [32m[INFO][39m Controller joined: Robocode Tank Royale Battle Runner 0.38.2
Apr 27, 2026 4:58:56 PM dev.robocode.tankroyale.runner.internal.BooterManager startStdoutReader$lambda$0$0$0
INFO: [BOOTER] 7439;/Users/jacobbecker/CPS485_RoboCode/logs/_runtime_bots/20260427_164525/train_jacob3_0_1v1/jacob3_0_vs_sarsabot/Jacob3_0
Apr 27, 2026 4:58:56 PM dev.robocode.tankroyale.runner.internal.BooterManager startStdoutReader$lambda$0$0$0
INFO: [BOOTER] 7440;/Users/jacobbecker/CPS485_RoboCode/logs/_runtime_bots/20260427_164525/train_jacob3_0_1v1/jacob3_0_vs_sarsabot/SarsaBot
Apr 27, 2026 4:58:57 PM dev.robocode.tankroyale.runner.internal.ServerManager startStdoutReader$lambda$0$0$0
INFO: [SERVER] 2026-04-27 16:58:57.318 [32m[INFO][39m Bot joined: SarsaBot 1.0
Apr 27, 2026 4:58:58 PM dev.robocode.tankroyale.runner.internal.ServerManager startStdoutReader$lambda$0$0$0
INFO: [SERVER] 2026-04-27 16:58:58.832 [32m[INFO][39m Bot joined: Jacob3_0 1.0.0
Apr 27, 2026 4:58:58 PM dev.robocode.tankroyale.runner.BattleRunner startBattleAsync
INFO: Starting game...
Apr 27, 2026 4:58:58 PM dev.robocode.tankroyale.runner.internal.ServerManager startStdoutReader$lambda$0$0$0
INFO: [SERVER] 2026-04-27 16:58:58.849 [32m[INFO][39m Bot ready: Jacob3_0 1.0.0
Apr 27, 2026 4:58:58 PM dev.robocode.tankroyale.runner.internal.ServerManager startStdoutReader$lambda$0$0$0
INFO: [SERVER] 2026-04-27 16:58:58.850 [32m[INFO][39m Bot ready: SarsaBot 1.0
Apr 27, 2026 4:58:58 PM dev.robocode.tankroyale.runner.internal.ServerManager startStdoutReader$lambda$0$0$0
INFO: [SERVER] 2026-04-27 16:58:58.851 [32m[INFO][39m Starting game
Apr 27, 2026 4:58:58 PM dev.robocode.tankroyale.runner.BattleRunner startBattleAsync
INFO: Battle started successfully
Apr 27, 2026 5:01:48 PM dev.robocode.tankroyale.runner.internal.ServerManager startStdoutReader$lambda$0$0$0
INFO: [SERVER] 2026-04-27 17:01:48.864 [32m[INFO][39m Game ended
Apr 27, 2026 5:01:48 PM dev.robocode.tankroyale.runner.BattleRunner startBattleAsync$lambda$7
INFO: Battle finished, cleaning up...
Apr 27, 2026 5:01:48 PM dev.robocode.tankroyale.runner.internal.ServerManager startStdoutReader$lambda$0$0$0
INFO: [SERVER] 2026-04-27 17:01:48.875 [32m[INFO][39m Bot left: SarsaBot 1.0
Apr 27, 2026 5:01:48 PM dev.robocode.tankroyale.runner.internal.BooterManager startStdoutReader$lambda$0$0$0
INFO: [BOOTER] stopped 7440
Apr 27, 2026 5:01:48 PM dev.robocode.tankroyale.runner.internal.BooterManager startStdoutReader$lambda$0$0$0
INFO: [BOOTER] stopped 7440
Apr 27, 2026 5:01:48 PM dev.robocode.tankroyale.runner.internal.ServerManager startStdoutReader$lambda$0$0$0
INFO: [SERVER] 2026-04-27 17:01:48.879 [32m[INFO][39m Bot left: Jacob3_0 1.0.0
Apr 27, 2026 5:01:48 PM dev.robocode.tankroyale.runner.internal.ServerManager startStdoutReader$lambda$0$0$0
INFO: [SERVER] 2026-04-27 17:01:48.881 [32m[INFO][39m Observer left: Robocode Tank Royale Battle Runner 0.38.2
Apr 27, 2026 5:01:48 PM dev.robocode.tankroyale.runner.internal.ServerManager startStdoutReader$lambda$0$0$0
INFO: [SERVER] 2026-04-27 17:01:48.882 [32m[INFO][39m Controller left: Robocode Tank Royale Battle Runner 0.38.2
Apr 27, 2026 5:01:48 PM dev.robocode.tankroyale.runner.internal.ServerManager startStdoutReader$lambda$0$0$0
INFO: [SERVER] 2026-04-27 17:01:48.882 [32m[INFO][39m Stopping server
Apr 27, 2026 5:01:48 PM dev.robocode.tankroyale.runner.internal.ServerManager startStdoutReader$lambda$0$0$0
INFO: [SERVER] 2026-04-27 17:01:48.882 [32m[INFO][39m Aborting game
[royale_harness] scenario=jacob3_0_vs_sarsabot config=/Users/jacobbecker/CPS485_RoboCode/configs/robocode/jacob3_0_vs_sarsabot.json
{"rounds":100,"arenaWidth":800,"arenaHeight":600,"results":[{"name":"Jacob3_0","version":"1.0.0","rank":1,"totalScore":15751,"survivalScore":3850,"lastSurvivorBonus":770,"bulletDamageScore":9094,"bulletKillBonus":1632,"ramDamageScore":404,"ramKillBonus":0,"firstPlaces":78,"secondPlaces":22,"thirdPlaces":0},{"name":"SarsaBot","version":"1.0","rank":2,"totalScore":8286,"survivalScore":1150,"lastSurvivorBonus":230,"bulletDamageScore":6458,"bulletKillBonus":435,"ramDamageScore":12,"ramKillBonus":0,"firstPlaces":22,"secondPlaces":78,"thirdPlaces":0}]}
Apr 27, 2026 5:01:50 PM dev.robocode.tankroyale.runner.BattleRunner startBattleAsync
INFO: Starting battle: rounds=100, bots=2
Apr 27, 2026 5:01:51 PM dev.robocode.tankroyale.runner.internal.ServerManager startStdoutReader$lambda$0$0$0
INFO: [SERVER] [1m[38;5;21m              ___________[0m
Apr 27, 2026 5:01:51 PM dev.robocode.tankroyale.runner.internal.ServerManager startStdoutReader$lambda$0$0$0
INFO: [SERVER] [1m[38;5;21m             /           |[0m[1m[38;5;102m[[[]========((()[0m
Apr 27, 2026 5:01:51 PM dev.robocode.tankroyale.runner.internal.ServerManager startStdoutReader$lambda$0$0$0
INFO: [SERVER] [1m[38;5;21m   _________|____________|___________[0m
Apr 27, 2026 5:01:51 PM dev.robocode.tankroyale.runner.internal.ServerManager startStdoutReader$lambda$0$0$0
INFO: [SERVER] [1m[38;5;102m _[0m[1m[38;5;21m/[0m[1m[38;5;102m_[0m[1m[38;5;21m________________________________[0m[1m[38;5;102m_[0m[1m[38;5;21m\[0m[1m[38;5;102m_[0m
Apr 27, 2026 5:01:51 PM dev.robocode.tankroyale.runner.internal.ServerManager startStdoutReader$lambda$0$0$0
INFO: [SERVER] [1m[38;5;102m/ _ ) ___  ___  ___  ___  ___  ___ / ,_|[0m
Apr 27, 2026 5:01:51 PM dev.robocode.tankroyale.runner.internal.ServerManager startStdoutReader$lambda$0$0$0
INFO: [SERVER] [1m[38;5;102m\_\_\/ _ \| __)/ _ \/ __// _ \| _ \\__|[0m
Apr 27, 2026 5:01:51 PM dev.robocode.tankroyale.runner.internal.ServerManager startStdoutReader$lambda$0$0$0
INFO: [SERVER] [1m[38;5;102m     \___/|___)\___/\___|\___/|___/[0m
Apr 27, 2026 5:01:51 PM dev.robocode.tankroyale.runner.internal.ServerManager startStdoutReader$lambda$0$0$0
INFO: [SERVER] 
Apr 27, 2026 5:01:51 PM dev.robocode.tankroyale.runner.internal.ServerManager startStdoutReader$lambda$0$0$0
INFO: [SERVER] [1m[32m          Robocode Tank Royale[0m
Apr 27, 2026 5:01:51 PM dev.robocode.tankroyale.runner.internal.ServerManager startStdoutReader$lambda$0$0$0
INFO: [SERVER] 
Apr 27, 2026 5:01:51 PM dev.robocode.tankroyale.runner.internal.ServerManager startStdoutReader$lambda$0$0$0
INFO: [SERVER] Robocode Tank Royale Server 0.38.2
Apr 27, 2026 5:01:51 PM dev.robocode.tankroyale.runner.internal.ServerManager startStdoutReader$lambda$0$0$0
INFO: [SERVER] 2026-04-27 17:01:51.103 [32m[INFO][39m Server secrets: [32mENABLED[39m (controllers=1, bots=1)
Apr 27, 2026 5:01:51 PM dev.robocode.tankroyale.runner.internal.ServerManager startStdoutReader$lambda$0$0$0
INFO: [SERVER] 2026-04-27 17:01:51.141 [32m[INFO][39m Starting server on port 60284 with supporting game type(s): classic
Apr 27, 2026 5:01:51 PM dev.robocode.tankroyale.runner.internal.ServerManager startStdoutReader$lambda$0$0$0
INFO: [SERVER] 2026-04-27 17:01:51.734 [32m[INFO][39m Observer joined: Robocode Tank Royale Battle Runner 0.38.2
Apr 27, 2026 5:01:51 PM dev.robocode.tankroyale.runner.BattleRunner startBattleAsync
INFO: Booting bots...
Apr 27, 2026 5:01:51 PM dev.robocode.tankroyale.runner.internal.ServerManager startStdoutReader$lambda$0$0$0
INFO: [SERVER] 2026-04-27 17:01:51.735 [32m[INFO][39m Controller joined: Robocode Tank Royale Battle Runner 0.38.2
Apr 27, 2026 5:01:51 PM dev.robocode.tankroyale.runner.internal.BooterManager startStdoutReader$lambda$0$0$0
INFO: [BOOTER] 7445;/Users/jacobbecker/CPS485_RoboCode/logs/_runtime_bots/20260427_164525/train_jacob3_0_1v1/jacob3_0_vs_neuroevomelee/Jacob3_0
Apr 27, 2026 5:01:51 PM dev.robocode.tankroyale.runner.internal.BooterManager startStdoutReader$lambda$0$0$0
INFO: [BOOTER] 7446;/Users/jacobbecker/CPS485_RoboCode/logs/_runtime_bots/20260427_164525/train_jacob3_0_1v1/jacob3_0_vs_neuroevomelee/NeuroEvoMelee
Apr 27, 2026 5:01:52 PM dev.robocode.tankroyale.runner.internal.BooterManager startStdoutReader$lambda$0$0$0
INFO: [BOOTER] ERROR: Bot directory: /Users/jacobbecker/CPS485_RoboCode/logs/_runtime_bots/20260427_164525/train_jacob3_0_1v1/jacob3_0_vs_neuroevomelee/NeuroEvoMelee
Apr 27, 2026 5:01:52 PM dev.robocode.tankroyale.runner.internal.BooterManager startStdoutReader$lambda$0$0$0
INFO: [BOOTER] <frozen runpy>:128: RuntimeWarning: 'NeuroEvoMelee.runtime.neuroevo_melee_bot' found in sys.modules after import of package 'NeuroEvoMelee.runtime', but prior to execution of 'NeuroEvoMelee.runtime.neuroevo_melee_bot'; this may result in unpredictable behaviour
Apr 27, 2026 5:01:52 PM dev.robocode.tankroyale.runner.internal.ServerManager startStdoutReader$lambda$0$0$0
INFO: [SERVER] 2026-04-27 17:01:52.584 [32m[INFO][39m Bot joined: NeuroEvoMelee 0.1.0
Apr 27, 2026 5:01:54 PM dev.robocode.tankroyale.runner.internal.ServerManager startStdoutReader$lambda$0$0$0
INFO: [SERVER] 2026-04-27 17:01:54.150 [32m[INFO][39m Bot joined: Jacob3_0 1.0.0
Apr 27, 2026 5:01:54 PM dev.robocode.tankroyale.runner.BattleRunner startBattleAsync
INFO: Starting game...
Apr 27, 2026 5:01:54 PM dev.robocode.tankroyale.runner.internal.ServerManager startStdoutReader$lambda$0$0$0
INFO: [SERVER] 2026-04-27 17:01:54.167 [32m[INFO][39m Bot ready: NeuroEvoMelee 0.1.0
Apr 27, 2026 5:01:54 PM dev.robocode.tankroyale.runner.internal.ServerManager startStdoutReader$lambda$0$0$0
INFO: [SERVER] 2026-04-27 17:01:54.167 [32m[INFO][39m Bot ready: Jacob3_0 1.0.0
Apr 27, 2026 5:01:54 PM dev.robocode.tankroyale.runner.internal.ServerManager startStdoutReader$lambda$0$0$0
INFO: [SERVER] 2026-04-27 17:01:54.169 [32m[INFO][39m Starting game
Apr 27, 2026 5:01:54 PM dev.robocode.tankroyale.runner.BattleRunner startBattleAsync
INFO: Battle started successfully
Apr 27, 2026 5:01:54 PM dev.robocode.tankroyale.runner.internal.BooterManager startStdoutReader$lambda$0$0$0
INFO: [BOOTER] ERROR: Bot directory: /Users/jacobbecker/CPS485_RoboCode/logs/_runtime_bots/20260427_164525/train_jacob3_0_1v1/jacob3_0_vs_neuroevomelee/NeuroEvoMelee
Apr 27, 2026 5:01:54 PM dev.robocode.tankroyale.runner.internal.BooterManager startStdoutReader$lambda$0$0$0
INFO: [BOOTER] Traceback (most recent call last):
Apr 27, 2026 5:01:54 PM dev.robocode.tankroyale.runner.internal.BooterManager startStdoutReader$lambda$0$0$0
INFO: [BOOTER] ERROR: Bot directory: /Users/jacobbecker/CPS485_RoboCode/logs/_runtime_bots/20260427_164525/train_jacob3_0_1v1/jacob3_0_vs_neuroevomelee/NeuroEvoMelee
Apr 27, 2026 5:01:54 PM dev.robocode.tankroyale.runner.internal.BooterManager startStdoutReader$lambda$0$0$0
INFO: [BOOTER]   File "/Library/Frameworks/Python.framework/Versions/3.12/lib/python3.12/site-packages/robocode_tank_royale/bot_api/internal/websocket_handler.py", line 118, in receive_messages
Apr 27, 2026 5:01:54 PM dev.robocode.tankroyale.runner.internal.BooterManager startStdoutReader$lambda$0$0$0
INFO: [BOOTER] ERROR: Bot directory: /Users/jacobbecker/CPS485_RoboCode/logs/_runtime_bots/20260427_164525/train_jacob3_0_1v1/jacob3_0_vs_neuroevomelee/NeuroEvoMelee
Apr 27, 2026 5:01:54 PM dev.robocode.tankroyale.runner.internal.BooterManager startStdoutReader$lambda$0$0$0
INFO: [BOOTER]     await self.process_message(message)
Apr 27, 2026 5:01:54 PM dev.robocode.tankroyale.runner.internal.BooterManager startStdoutReader$lambda$0$0$0
INFO: [BOOTER] ERROR: Bot directory: /Users/jacobbecker/CPS485_RoboCode/logs/_runtime_bots/20260427_164525/train_jacob3_0_1v1/jacob3_0_vs_neuroevomelee/NeuroEvoMelee
Apr 27, 2026 5:01:54 PM dev.robocode.tankroyale.runner.internal.BooterManager startStdoutReader$lambda$0$0$0
INFO: [BOOTER]   File "/Library/Frameworks/Python.framework/Versions/3.12/lib/python3.12/site-packages/robocode_tank_royale/bot_api/internal/websocket_handler.py", line 136, in process_message
Apr 27, 2026 5:01:54 PM dev.robocode.tankroyale.runner.internal.BooterManager startStdoutReader$lambda$0$0$0
INFO: [BOOTER] ERROR: Bot directory: /Users/jacobbecker/CPS485_RoboCode/logs/_runtime_bots/20260427_164525/train_jacob3_0_1v1/jacob3_0_vs_neuroevomelee/NeuroEvoMelee
Apr 27, 2026 5:01:54 PM dev.robocode.tankroyale.runner.internal.BooterManager startStdoutReader$lambda$0$0$0
INFO: [BOOTER]     await self.handle_round_started(json_msg)
Apr 27, 2026 5:01:54 PM dev.robocode.tankroyale.runner.internal.BooterManager startStdoutReader$lambda$0$0$0
INFO: [BOOTER] ERROR: Bot directory: /Users/jacobbecker/CPS485_RoboCode/logs/_runtime_bots/20260427_164525/train_jacob3_0_1v1/jacob3_0_vs_neuroevomelee/NeuroEvoMelee
Apr 27, 2026 5:01:54 PM dev.robocode.tankroyale.runner.internal.BooterManager startStdoutReader$lambda$0$0$0
INFO: [BOOTER]   File "/Library/Frameworks/Python.framework/Versions/3.12/lib/python3.12/site-packages/robocode_tank_royale/bot_api/internal/websocket_handler.py", line 193, in handle_round_started
Apr 27, 2026 5:01:54 PM dev.robocode.tankroyale.runner.internal.BooterManager startStdoutReader$lambda$0$0$0
INFO: [BOOTER] ERROR: Bot directory: /Users/jacobbecker/CPS485_RoboCode/logs/_runtime_bots/20260427_164525/train_jacob3_0_1v1/jacob3_0_vs_neuroevomelee/NeuroEvoMelee
Apr 27, 2026 5:01:54 PM dev.robocode.tankroyale.runner.internal.BooterManager startStdoutReader$lambda$0$0$0
INFO: [BOOTER]     self.bot_event_handlers.on_round_started.publish(round_started_event)
Apr 27, 2026 5:01:54 PM dev.robocode.tankroyale.runner.internal.BooterManager startStdoutReader$lambda$0$0$0
INFO: [BOOTER] ERROR: Bot directory: /Users/jacobbecker/CPS485_RoboCode/logs/_runtime_bots/20260427_164525/train_jacob3_0_1v1/jacob3_0_vs_neuroevomelee/NeuroEvoMelee
Apr 27, 2026 5:01:54 PM dev.robocode.tankroyale.runner.internal.BooterManager startStdoutReader$lambda$0$0$0
INFO: [BOOTER]   File "/Library/Frameworks/Python.framework/Versions/3.12/lib/python3.12/site-packages/robocode_tank_royale/bot_api/internal/event_handler.py", line 110, in publish
Apr 27, 2026 5:01:54 PM dev.robocode.tankroyale.runner.internal.BooterManager startStdoutReader$lambda$0$0$0
INFO: [BOOTER] ERROR: Bot directory: /Users/jacobbecker/CPS485_RoboCode/logs/_runtime_bots/20260427_164525/train_jacob3_0_1v1/jacob3_0_vs_neuroevomelee/NeuroEvoMelee
Apr 27, 2026 5:01:54 PM dev.robocode.tankroyale.runner.internal.BooterManager startStdoutReader$lambda$0$0$0
INFO: [BOOTER]     entry.subscriber(event_data)
Apr 27, 2026 5:01:54 PM dev.robocode.tankroyale.runner.internal.BooterManager startStdoutReader$lambda$0$0$0
INFO: [BOOTER] ERROR: Bot directory: /Users/jacobbecker/CPS485_RoboCode/logs/_runtime_bots/20260427_164525/train_jacob3_0_1v1/jacob3_0_vs_neuroevomelee/NeuroEvoMelee
Apr 27, 2026 5:01:54 PM dev.robocode.tankroyale.runner.internal.BooterManager startStdoutReader$lambda$0$0$0
INFO: [BOOTER]   File "/Users/jacobbecker/CPS485_RoboCode/NeuroEvoMelee/runtime/neuroevo_melee_bot.py", line 69, in on_round_started
Apr 27, 2026 5:01:54 PM dev.robocode.tankroyale.runner.internal.BooterManager startStdoutReader$lambda$0$0$0
INFO: [BOOTER] ERROR: Bot directory: /Users/jacobbecker/CPS485_RoboCode/logs/_runtime_bots/20260427_164525/train_jacob3_0_1v1/jacob3_0_vs_neuroevomelee/NeuroEvoMelee
Apr 27, 2026 5:01:54 PM dev.robocode.tankroyale.runner.internal.BooterManager startStdoutReader$lambda$0$0$0
INFO: [BOOTER]     self.last_energy = float(self.energy)
Apr 27, 2026 5:01:54 PM dev.robocode.tankroyale.runner.internal.BooterManager startStdoutReader$lambda$0$0$0
INFO: [BOOTER] ERROR: Bot directory: /Users/jacobbecker/CPS485_RoboCode/logs/_runtime_bots/20260427_164525/train_jacob3_0_1v1/jacob3_0_vs_neuroevomelee/NeuroEvoMelee
Apr 27, 2026 5:01:54 PM dev.robocode.tankroyale.runner.internal.BooterManager startStdoutReader$lambda$0$0$0
INFO: [BOOTER]                              ^^^^^^^^^^^
Apr 27, 2026 5:01:54 PM dev.robocode.tankroyale.runner.internal.BooterManager startStdoutReader$lambda$0$0$0
INFO: [BOOTER] ERROR: Bot directory: /Users/jacobbecker/CPS485_RoboCode/logs/_runtime_bots/20260427_164525/train_jacob3_0_1v1/jacob3_0_vs_neuroevomelee/NeuroEvoMelee
Apr 27, 2026 5:01:54 PM dev.robocode.tankroyale.runner.internal.BooterManager startStdoutReader$lambda$0$0$0
INFO: [BOOTER]   File "/Library/Frameworks/Python.framework/Versions/3.12/lib/python3.12/site-packages/robocode_tank_royale/bot_api/base_bot.py", line 252, in energy
Apr 27, 2026 5:01:54 PM dev.robocode.tankroyale.runner.internal.BooterManager startStdoutReader$lambda$0$0$0
INFO: [BOOTER] ERROR: Bot directory: /Users/jacobbecker/CPS485_RoboCode/logs/_runtime_bots/20260427_164525/train_jacob3_0_1v1/jacob3_0_vs_neuroevomelee/NeuroEvoMelee
Apr 27, 2026 5:01:54 PM dev.robocode.tankroyale.runner.internal.BooterManager startStdoutReader$lambda$0$0$0
INFO: [BOOTER]     bot_state = self._internals.get_current_tick_or_throw().bot_state
Apr 27, 2026 5:01:54 PM dev.robocode.tankroyale.runner.internal.BooterManager startStdoutReader$lambda$0$0$0
INFO: [BOOTER] ERROR: Bot directory: /Users/jacobbecker/CPS485_RoboCode/logs/_runtime_bots/20260427_164525/train_jacob3_0_1v1/jacob3_0_vs_neuroevomelee/NeuroEvoMelee
Apr 27, 2026 5:01:54 PM dev.robocode.tankroyale.runner.internal.BooterManager startStdoutReader$lambda$0$0$0
INFO: [BOOTER]                 ^^^^^^^^^^^^^^^^^^^^^^^^^^^^^^^^^^^^^^^^^^^
Apr 27, 2026 5:01:54 PM dev.robocode.tankroyale.runner.internal.BooterManager startStdoutReader$lambda$0$0$0
INFO: [BOOTER] ERROR: Bot directory: /Users/jacobbecker/CPS485_RoboCode/logs/_runtime_bots/20260427_164525/train_jacob3_0_1v1/jacob3_0_vs_neuroevomelee/NeuroEvoMelee
Apr 27, 2026 5:01:54 PM dev.robocode.tankroyale.runner.internal.BooterManager startStdoutReader$lambda$0$0$0
INFO: [BOOTER]   File "/Library/Frameworks/Python.framework/Versions/3.12/lib/python3.12/site-packages/robocode_tank_royale/bot_api/internal/base_bot_internals.py", line 209, in get_current_tick_or_throw
Apr 27, 2026 5:01:54 PM dev.robocode.tankroyale.runner.internal.BooterManager startStdoutReader$lambda$0$0$0
INFO: [BOOTER] ERROR: Bot directory: /Users/jacobbecker/CPS485_RoboCode/logs/_runtime_bots/20260427_164525/train_jacob3_0_1v1/jacob3_0_vs_neuroevomelee/NeuroEvoMelee
Apr 27, 2026 5:01:54 PM dev.robocode.tankroyale.runner.internal.BooterManager startStdoutReader$lambda$0$0$0
INFO: [BOOTER]     return self.data.current_tick_or_throw
Apr 27, 2026 5:01:54 PM dev.robocode.tankroyale.runner.internal.BooterManager startStdoutReader$lambda$0$0$0
INFO: [BOOTER] ERROR: Bot directory: /Users/jacobbecker/CPS485_RoboCode/logs/_runtime_bots/20260427_164525/train_jacob3_0_1v1/jacob3_0_vs_neuroevomelee/NeuroEvoMelee
Apr 27, 2026 5:01:54 PM dev.robocode.tankroyale.runner.internal.BooterManager startStdoutReader$lambda$0$0$0
INFO: [BOOTER]            ^^^^^^^^^^^^^^^^^^^^^^^^^^^^^^^
Apr 27, 2026 5:01:54 PM dev.robocode.tankroyale.runner.internal.BooterManager startStdoutReader$lambda$0$0$0
INFO: [BOOTER] ERROR: Bot directory: /Users/jacobbecker/CPS485_RoboCode/logs/_runtime_bots/20260427_164525/train_jacob3_0_1v1/jacob3_0_vs_neuroevomelee/NeuroEvoMelee
Apr 27, 2026 5:01:54 PM dev.robocode.tankroyale.runner.internal.BooterManager startStdoutReader$lambda$0$0$0
INFO: [BOOTER]   File "/Library/Frameworks/Python.framework/Versions/3.12/lib/python3.12/site-packages/robocode_tank_royale/bot_api/internal/base_bot_internal_data.py", line 95, in current_tick_or_throw
Apr 27, 2026 5:01:54 PM dev.robocode.tankroyale.runner.internal.BooterManager startStdoutReader$lambda$0$0$0
INFO: [BOOTER] ERROR: Bot directory: /Users/jacobbecker/CPS485_RoboCode/logs/_runtime_bots/20260427_164525/train_jacob3_0_1v1/jacob3_0_vs_neuroevomelee/NeuroEvoMelee
Apr 27, 2026 5:01:54 PM dev.robocode.tankroyale.runner.internal.BooterManager startStdoutReader$lambda$0$0$0
INFO: [BOOTER]     raise BotException(TICK_NOT_AVAILABLE_MSG)
Apr 27, 2026 5:01:54 PM dev.robocode.tankroyale.runner.internal.BooterManager startStdoutReader$lambda$0$0$0
INFO: [BOOTER] ERROR: Bot directory: /Users/jacobbecker/CPS485_RoboCode/logs/_runtime_bots/20260427_164525/train_jacob3_0_1v1/jacob3_0_vs_neuroevomelee/NeuroEvoMelee
Apr 27, 2026 5:01:54 PM dev.robocode.tankroyale.runner.internal.BooterManager startStdoutReader$lambda$0$0$0
INFO: [BOOTER] robocode_tank_royale.bot_api.bot_exception.BotException: Tick event is not available
Apr 27, 2026 5:01:54 PM dev.robocode.tankroyale.runner.internal.ServerManager startStdoutReader$lambda$0$0$0
INFO: [SERVER] 2026-04-27 17:01:54.241 [32m[INFO][39m Bot left: NeuroEvoMelee 0.1.0
Apr 27, 2026 5:02:47 PM dev.robocode.tankroyale.runner.internal.ServerManager startStdoutReader$lambda$0$0$0
INFO: [SERVER] 2026-04-27 17:02:47.918 [32m[INFO][39m Game ended
Apr 27, 2026 5:02:47 PM dev.robocode.tankroyale.runner.BattleRunner startBattleAsync$lambda$7
INFO: Battle finished, cleaning up...
Apr 27, 2026 5:02:47 PM dev.robocode.tankroyale.runner.internal.BooterManager startStdoutReader$lambda$0$0$0
INFO: [BOOTER] stopped 7446
Apr 27, 2026 5:02:47 PM dev.robocode.tankroyale.runner.internal.ServerManager startStdoutReader$lambda$0$0$0
INFO: [SERVER] 2026-04-27 17:02:47.932 [32m[INFO][39m Bot left: Jacob3_0 1.0.0
Apr 27, 2026 5:02:47 PM dev.robocode.tankroyale.runner.internal.ServerManager startStdoutReader$lambda$0$0$0
INFO: [SERVER] 2026-04-27 17:02:47.936 [32m[INFO][39m Observer left: Robocode Tank Royale Battle Runner 0.38.2
Apr 27, 2026 5:02:47 PM dev.robocode.tankroyale.runner.internal.ServerManager startStdoutReader$lambda$0$0$0
INFO: [SERVER] 2026-04-27 17:02:47.937 [32m[INFO][39m Controller left: Robocode Tank Royale Battle Runner 0.38.2
Apr 27, 2026 5:02:47 PM dev.robocode.tankroyale.runner.internal.ServerManager startStdoutReader$lambda$0$0$0
INFO: [SERVER] 2026-04-27 17:02:47.937 [32m[INFO][39m Aborting game
Apr 27, 2026 5:02:47 PM dev.robocode.tankroyale.runner.internal.ServerManager startStdoutReader$lambda$0$0$0
INFO: [SERVER] 2026-04-27 17:02:47.938 [32m[INFO][39m Stopping server
[royale_harness] scenario=jacob3_0_vs_neuroevomelee config=/Users/jacobbecker/CPS485_RoboCode/configs/robocode/jacob3_0_vs_neuroevomelee.json
{"rounds":100,"arenaWidth":800,"arenaHeight":600,"results":[{"name":"Jacob3_0","version":"1.0.0","rank":1,"totalScore":18174,"survivalScore":5000,"lastSurvivorBonus":1000,"bulletDamageScore":10172,"bulletKillBonus":1914,"ramDamageScore":88,"ramKillBonus":0,"firstPlaces":100,"secondPlaces":0,"thirdPlaces":0},{"name":"NeuroEvoMelee","version":"0.1.0","rank":2,"totalScore":0,"survivalScore":0,"lastSurvivorBonus":0,"bulletDamageScore":0,"bulletKillBonus":0,"ramDamageScore":0,"ramKillBonus":0,"firstPlaces":0,"secondPlaces":100,"thirdPlaces":0}]}
JSONL_PATH=/Users/jacobbecker/CPS485_RoboCode/logs/train_jacob3_0_1v1_20260427_164525.jsonl
