=== Stage 1: ppo_vs_target (300 rounds, 1x parallel) ===
Apr 28, 2026 2:18:21 AM dev.robocode.tankroyale.runner.BattleRunner startBattleAsync
INFO: Starting battle: rounds=300, bots=2
Apr 28, 2026 2:18:22 AM dev.robocode.tankroyale.runner.internal.ServerManager startStdoutReader$lambda$0$0$0
INFO: [SERVER] [1m[38;5;21m              ___________[0m
Apr 28, 2026 2:18:22 AM dev.robocode.tankroyale.runner.internal.ServerManager startStdoutReader$lambda$0$0$0
INFO: [SERVER] [1m[38;5;21m             /           |[0m[1m[38;5;102m[[[]========((()[0m
Apr 28, 2026 2:18:22 AM dev.robocode.tankroyale.runner.internal.ServerManager startStdoutReader$lambda$0$0$0
INFO: [SERVER] [1m[38;5;21m   _________|____________|___________[0m
Apr 28, 2026 2:18:22 AM dev.robocode.tankroyale.runner.internal.ServerManager startStdoutReader$lambda$0$0$0
INFO: [SERVER] [1m[38;5;102m _[0m[1m[38;5;21m/[0m[1m[38;5;102m_[0m[1m[38;5;21m________________________________[0m[1m[38;5;102m_[0m[1m[38;5;21m\[0m[1m[38;5;102m_[0m
Apr 28, 2026 2:18:22 AM dev.robocode.tankroyale.runner.internal.ServerManager startStdoutReader$lambda$0$0$0
INFO: [SERVER] [1m[38;5;102m/ _ ) ___  ___  ___  ___  ___  ___ / ,_|[0m
Apr 28, 2026 2:18:22 AM dev.robocode.tankroyale.runner.internal.ServerManager startStdoutReader$lambda$0$0$0
INFO: [SERVER] [1m[38;5;102m\_\_\/ _ \| __)/ _ \/ __// _ \| _ \\__|[0m
Apr 28, 2026 2:18:22 AM dev.robocode.tankroyale.runner.internal.ServerManager startStdoutReader$lambda$0$0$0
INFO: [SERVER] [1m[38;5;102m     \___/|___)\___/\___|\___/|___/[0m
Apr 28, 2026 2:18:22 AM dev.robocode.tankroyale.runner.internal.ServerManager startStdoutReader$lambda$0$0$0
INFO: [SERVER] 
Apr 28, 2026 2:18:22 AM dev.robocode.tankroyale.runner.internal.ServerManager startStdoutReader$lambda$0$0$0
INFO: [SERVER] [1m[32m          Robocode Tank Royale[0m
Apr 28, 2026 2:18:22 AM dev.robocode.tankroyale.runner.internal.ServerManager startStdoutReader$lambda$0$0$0
INFO: [SERVER] 
Apr 28, 2026 2:18:22 AM dev.robocode.tankroyale.runner.internal.ServerManager startStdoutReader$lambda$0$0$0
INFO: [SERVER] Robocode Tank Royale Server 0.38.2
Apr 28, 2026 2:18:22 AM dev.robocode.tankroyale.runner.internal.ServerManager startStdoutReader$lambda$0$0$0
INFO: [SERVER] 2026-04-28 02:18:22.007 [32m[INFO][39m Server secrets: [32mENABLED[39m (controllers=1, bots=1)
Apr 28, 2026 2:18:22 AM dev.robocode.tankroyale.runner.internal.ServerManager startStdoutReader$lambda$0$0$0
INFO: [SERVER] 2026-04-28 02:18:22.022 [32m[INFO][39m Starting server on port 7651 with supporting game type(s): classic
Apr 28, 2026 2:18:22 AM dev.robocode.tankroyale.runner.internal.ServerManager startStdoutReader$lambda$0$0$0
INFO: [SERVER] 2026-04-28 02:18:22.560 [32m[INFO][39m Observer joined: Robocode Tank Royale Battle Runner 0.38.2
Apr 28, 2026 2:18:22 AM dev.robocode.tankroyale.runner.BattleRunner startBattleAsync
INFO: Booting bots...
Apr 28, 2026 2:18:22 AM dev.robocode.tankroyale.runner.internal.ServerManager startStdoutReader$lambda$0$0$0
INFO: [SERVER] 2026-04-28 02:18:22.561 [32m[INFO][39m Controller joined: Robocode Tank Royale Battle Runner 0.38.2
Apr 28, 2026 2:18:22 AM dev.robocode.tankroyale.runner.internal.BooterManager startStdoutReader$lambda$0$0$0
INFO: [BOOTER] 41436;/Users/adithya/CSProjects/CPS485_RoboCode/logs/_runtime_bots/20260428_021821/train_ppo_curriculum/ppo_vs_target_w1/PPOBot
Apr 28, 2026 2:18:22 AM dev.robocode.tankroyale.runner.internal.BooterManager startStdoutReader$lambda$0$0$0
INFO: [BOOTER] 41438;/Users/adithya/CSProjects/CPS485_RoboCode/SampleBots/Target
Apr 28, 2026 2:18:22 AM dev.robocode.tankroyale.runner.internal.ServerManager startStdoutReader$lambda$0$0$0
INFO: [SERVER] 2026-04-28 02:18:22.774 [32m[INFO][39m Bot joined: Target 1.0
Apr 28, 2026 2:18:23 AM dev.robocode.tankroyale.runner.internal.ServerManager startStdoutReader$lambda$0$0$0
INFO: [SERVER] 2026-04-28 02:18:23.820 [32m[INFO][39m Bot joined: PPOBot 1.0
Apr 28, 2026 2:18:23 AM dev.robocode.tankroyale.runner.BattleRunner startBattleAsync
INFO: Starting game...
Apr 28, 2026 2:18:23 AM dev.robocode.tankroyale.runner.internal.ServerManager startStdoutReader$lambda$0$0$0
INFO: [SERVER] 2026-04-28 02:18:23.828 [32m[INFO][39m Bot ready: PPOBot 1.0
Apr 28, 2026 2:18:23 AM dev.robocode.tankroyale.runner.internal.ServerManager startStdoutReader$lambda$0$0$0
INFO: [SERVER] 2026-04-28 02:18:23.828 [32m[INFO][39m Bot ready: Target 1.0
Apr 28, 2026 2:18:23 AM dev.robocode.tankroyale.runner.internal.ServerManager startStdoutReader$lambda$0$0$0
INFO: [SERVER] 2026-04-28 02:18:23.829 [32m[INFO][39m Starting game
Apr 28, 2026 2:18:23 AM dev.robocode.tankroyale.runner.BattleRunner startBattleAsync
INFO: Battle started successfully
Apr 28, 2026 2:22:37 AM dev.robocode.tankroyale.runner.internal.BooterManager startStdoutReader$lambda$0$0$0
INFO: [BOOTER] ERROR: Bot directory: /Users/adithya/CSProjects/CPS485_RoboCode/logs/_runtime_bots/20260428_021821/train_ppo_curriculum/ppo_vs_target_w1/PPOBot
Apr 28, 2026 2:22:37 AM dev.robocode.tankroyale.runner.internal.BooterManager startStdoutReader$lambda$0$0$0
INFO: [BOOTER] Traceback (most recent call last):
Apr 28, 2026 2:22:37 AM dev.robocode.tankroyale.runner.internal.BooterManager startStdoutReader$lambda$0$0$0
INFO: [BOOTER] ERROR: Bot directory: /Users/adithya/CSProjects/CPS485_RoboCode/logs/_runtime_bots/20260428_021821/train_ppo_curriculum/ppo_vs_target_w1/PPOBot
Apr 28, 2026 2:22:37 AM dev.robocode.tankroyale.runner.internal.BooterManager startStdoutReader$lambda$0$0$0
INFO: [BOOTER]   File "/Users/adithya/CSProjects/CPS485_RoboCode/.venv/lib/python3.14/site-packages/robocode_tank_royale/bot_api/internal/base_bot_internals.py", line 352, in dispatch_events
Apr 28, 2026 2:22:37 AM dev.robocode.tankroyale.runner.internal.BooterManager startStdoutReader$lambda$0$0$0
INFO: [BOOTER] ERROR: Bot directory: /Users/adithya/CSProjects/CPS485_RoboCode/logs/_runtime_bots/20260428_021821/train_ppo_curriculum/ppo_vs_target_w1/PPOBot
Apr 28, 2026 2:22:37 AM dev.robocode.tankroyale.runner.internal.BooterManager startStdoutReader$lambda$0$0$0
INFO: [BOOTER]     self.event_queue.dispatch_events(turn_number)
Apr 28, 2026 2:22:37 AM dev.robocode.tankroyale.runner.internal.BooterManager startStdoutReader$lambda$0$0$0
INFO: [BOOTER] ERROR: Bot directory: /Users/adithya/CSProjects/CPS485_RoboCode/logs/_runtime_bots/20260428_021821/train_ppo_curriculum/ppo_vs_target_w1/PPOBot
Apr 28, 2026 2:22:37 AM dev.robocode.tankroyale.runner.internal.BooterManager startStdoutReader$lambda$0$0$0
INFO: [BOOTER]     ~~~~~~~~~~~~~~~~~~~~~~~~~~~~~~~~^^^^^^^^^^^^^
Apr 28, 2026 2:22:37 AM dev.robocode.tankroyale.runner.internal.BooterManager startStdoutReader$lambda$0$0$0
INFO: [BOOTER] ERROR: Bot directory: /Users/adithya/CSProjects/CPS485_RoboCode/logs/_runtime_bots/20260428_021821/train_ppo_curriculum/ppo_vs_target_w1/PPOBot
Apr 28, 2026 2:22:37 AM dev.robocode.tankroyale.runner.internal.BooterManager startStdoutReader$lambda$0$0$0
INFO: [BOOTER]   File "/Users/adithya/CSProjects/CPS485_RoboCode/.venv/lib/python3.14/site-packages/robocode_tank_royale/bot_api/internal/event_queue.py", line 125, in dispatch_events
Apr 28, 2026 2:22:37 AM dev.robocode.tankroyale.runner.internal.BooterManager startStdoutReader$lambda$0$0$0
INFO: [BOOTER] ERROR: Bot directory: /Users/adithya/CSProjects/CPS485_RoboCode/logs/_runtime_bots/20260428_021821/train_ppo_curriculum/ppo_vs_target_w1/PPOBot
Apr 28, 2026 2:22:37 AM dev.robocode.tankroyale.runner.internal.BooterManager startStdoutReader$lambda$0$0$0
INFO: [BOOTER]     self.dispatch(current_event, turn_number)
Apr 28, 2026 2:22:37 AM dev.robocode.tankroyale.runner.internal.BooterManager startStdoutReader$lambda$0$0$0
INFO: [BOOTER] ERROR: Bot directory: /Users/adithya/CSProjects/CPS485_RoboCode/logs/_runtime_bots/20260428_021821/train_ppo_curriculum/ppo_vs_target_w1/PPOBot
Apr 28, 2026 2:22:37 AM dev.robocode.tankroyale.runner.internal.BooterManager startStdoutReader$lambda$0$0$0
INFO: [BOOTER]     ~~~~~~~~~~~~~^^^^^^^^^^^^^^^^^^^^^^^^^^^^
Apr 28, 2026 2:22:37 AM dev.robocode.tankroyale.runner.internal.BooterManager startStdoutReader$lambda$0$0$0
INFO: [BOOTER] ERROR: Bot directory: /Users/adithya/CSProjects/CPS485_RoboCode/logs/_runtime_bots/20260428_021821/train_ppo_curriculum/ppo_vs_target_w1/PPOBot
Apr 28, 2026 2:22:37 AM dev.robocode.tankroyale.runner.internal.BooterManager startStdoutReader$lambda$0$0$0
INFO: [BOOTER]   File "/Users/adithya/CSProjects/CPS485_RoboCode/.venv/lib/python3.14/site-packages/robocode_tank_royale/bot_api/internal/event_queue.py", line 163, in dispatch
Apr 28, 2026 2:22:37 AM dev.robocode.tankroyale.runner.internal.BooterManager startStdoutReader$lambda$0$0$0
INFO: [BOOTER] ERROR: Bot directory: /Users/adithya/CSProjects/CPS485_RoboCode/logs/_runtime_bots/20260428_021821/train_ppo_curriculum/ppo_vs_target_w1/PPOBot
Apr 28, 2026 2:22:37 AM dev.robocode.tankroyale.runner.internal.BooterManager startStdoutReader$lambda$0$0$0
INFO: [BOOTER]     self.bot_event_handlers.fire_event(bot_event)
Apr 28, 2026 2:22:37 AM dev.robocode.tankroyale.runner.internal.BooterManager startStdoutReader$lambda$0$0$0
INFO: [BOOTER] ERROR: Bot directory: /Users/adithya/CSProjects/CPS485_RoboCode/logs/_runtime_bots/20260428_021821/train_ppo_curriculum/ppo_vs_target_w1/PPOBot
Apr 28, 2026 2:22:37 AM dev.robocode.tankroyale.runner.internal.BooterManager startStdoutReader$lambda$0$0$0
INFO: [BOOTER]     ~~~~~~~~~~~~~~~~~~~~~~~~~~~~~~~~~~^^^^^^^^^^^
Apr 28, 2026 2:22:37 AM dev.robocode.tankroyale.runner.internal.BooterManager startStdoutReader$lambda$0$0$0
INFO: [BOOTER] ERROR: Bot directory: /Users/adithya/CSProjects/CPS485_RoboCode/logs/_runtime_bots/20260428_021821/train_ppo_curriculum/ppo_vs_target_w1/PPOBot
Apr 28, 2026 2:22:37 AM dev.robocode.tankroyale.runner.internal.BooterManager startStdoutReader$lambda$0$0$0
INFO: [BOOTER]   File "/Users/adithya/CSProjects/CPS485_RoboCode/robocode_compat.py", line 217, in fire_event
Apr 28, 2026 2:22:37 AM dev.robocode.tankroyale.runner.internal.BooterManager startStdoutReader$lambda$0$0$0
INFO: [BOOTER] ERROR: Bot directory: /Users/adithya/CSProjects/CPS485_RoboCode/logs/_runtime_bots/20260428_021821/train_ppo_curriculum/ppo_vs_target_w1/PPOBot
Apr 28, 2026 2:22:37 AM dev.robocode.tankroyale.runner.internal.BooterManager startStdoutReader$lambda$0$0$0
INFO: [BOOTER]     original_fire_event(self, event)
Apr 28, 2026 2:22:37 AM dev.robocode.tankroyale.runner.internal.BooterManager startStdoutReader$lambda$0$0$0
INFO: [BOOTER] ERROR: Bot directory: /Users/adithya/CSProjects/CPS485_RoboCode/logs/_runtime_bots/20260428_021821/train_ppo_curriculum/ppo_vs_target_w1/PPOBot
Apr 28, 2026 2:22:37 AM dev.robocode.tankroyale.runner.internal.BooterManager startStdoutReader$lambda$0$0$0
INFO: [BOOTER]     ~~~~~~~~~~~~~~~~~~~^^^^^^^^^^^^^
Apr 28, 2026 2:22:37 AM dev.robocode.tankroyale.runner.internal.BooterManager startStdoutReader$lambda$0$0$0
INFO: [BOOTER] ERROR: Bot directory: /Users/adithya/CSProjects/CPS485_RoboCode/logs/_runtime_bots/20260428_021821/train_ppo_curriculum/ppo_vs_target_w1/PPOBot
Apr 28, 2026 2:22:37 AM dev.robocode.tankroyale.runner.internal.BooterManager startStdoutReader$lambda$0$0$0
INFO: [BOOTER]   File "/Users/adithya/CSProjects/CPS485_RoboCode/.venv/lib/python3.14/site-packages/robocode_tank_royale/bot_api/internal/bot_event_handlers.py", line 145, in fire_event
Apr 28, 2026 2:22:37 AM dev.robocode.tankroyale.runner.internal.BooterManager startStdoutReader$lambda$0$0$0
INFO: [BOOTER] ERROR: Bot directory: /Users/adithya/CSProjects/CPS485_RoboCode/logs/_runtime_bots/20260428_021821/train_ppo_curriculum/ppo_vs_target_w1/PPOBot
Apr 28, 2026 2:22:37 AM dev.robocode.tankroyale.runner.internal.BooterManager startStdoutReader$lambda$0$0$0
INFO: [BOOTER]     handler.publish(event)
Apr 28, 2026 2:22:37 AM dev.robocode.tankroyale.runner.internal.BooterManager startStdoutReader$lambda$0$0$0
INFO: [BOOTER] ERROR: Bot directory: /Users/adithya/CSProjects/CPS485_RoboCode/logs/_runtime_bots/20260428_021821/train_ppo_curriculum/ppo_vs_target_w1/PPOBot
Apr 28, 2026 2:22:37 AM dev.robocode.tankroyale.runner.internal.BooterManager startStdoutReader$lambda$0$0$0
INFO: [BOOTER]     ~~~~~~~~~~~~~~~^^^^^^^
Apr 28, 2026 2:22:37 AM dev.robocode.tankroyale.runner.internal.BooterManager startStdoutReader$lambda$0$0$0
INFO: [BOOTER] ERROR: Bot directory: /Users/adithya/CSProjects/CPS485_RoboCode/logs/_runtime_bots/20260428_021821/train_ppo_curriculum/ppo_vs_target_w1/PPOBot
Apr 28, 2026 2:22:37 AM dev.robocode.tankroyale.runner.internal.BooterManager startStdoutReader$lambda$0$0$0
INFO: [BOOTER]   File "/Users/adithya/CSProjects/CPS485_RoboCode/.venv/lib/python3.14/site-packages/robocode_tank_royale/bot_api/internal/event_handler.py", line 110, in publish
Apr 28, 2026 2:22:37 AM dev.robocode.tankroyale.runner.internal.BooterManager startStdoutReader$lambda$0$0$0
INFO: [BOOTER] ERROR: Bot directory: /Users/adithya/CSProjects/CPS485_RoboCode/logs/_runtime_bots/20260428_021821/train_ppo_curriculum/ppo_vs_target_w1/PPOBot
Apr 28, 2026 2:22:37 AM dev.robocode.tankroyale.runner.internal.BooterManager startStdoutReader$lambda$0$0$0
INFO: [BOOTER]     entry.subscriber(event_data)
Apr 28, 2026 2:22:37 AM dev.robocode.tankroyale.runner.internal.BooterManager startStdoutReader$lambda$0$0$0
INFO: [BOOTER] ERROR: Bot directory: /Users/adithya/CSProjects/CPS485_RoboCode/logs/_runtime_bots/20260428_021821/train_ppo_curriculum/ppo_vs_target_w1/PPOBot
Apr 28, 2026 2:22:37 AM dev.robocode.tankroyale.runner.internal.BooterManager startStdoutReader$lambda$0$0$0
INFO: [BOOTER]     ~~~~~~~~~~~~~~~~^^^^^^^^^^^^
Apr 28, 2026 2:22:37 AM dev.robocode.tankroyale.runner.internal.BooterManager startStdoutReader$lambda$0$0$0
INFO: [BOOTER] ERROR: Bot directory: /Users/adithya/CSProjects/CPS485_RoboCode/logs/_runtime_bots/20260428_021821/train_ppo_curriculum/ppo_vs_target_w1/PPOBot
Apr 28, 2026 2:22:37 AM dev.robocode.tankroyale.runner.internal.BooterManager startStdoutReader$lambda$0$0$0
INFO: [BOOTER]   File "/Users/adithya/CSProjects/CPS485_RoboCode/PPOBot/runtime/PPO_Bot.py", line 313, in on_death
Apr 28, 2026 2:22:37 AM dev.robocode.tankroyale.runner.internal.BooterManager startStdoutReader$lambda$0$0$0
INFO: [BOOTER] ERROR: Bot directory: /Users/adithya/CSProjects/CPS485_RoboCode/logs/_runtime_bots/20260428_021821/train_ppo_curriculum/ppo_vs_target_w1/PPOBot
Apr 28, 2026 2:22:37 AM dev.robocode.tankroyale.runner.internal.BooterManager startStdoutReader$lambda$0$0$0
INFO: [BOOTER]     self._end_episode(won=False)
Apr 28, 2026 2:22:37 AM dev.robocode.tankroyale.runner.internal.BooterManager startStdoutReader$lambda$0$0$0
INFO: [BOOTER] ERROR: Bot directory: /Users/adithya/CSProjects/CPS485_RoboCode/logs/_runtime_bots/20260428_021821/train_ppo_curriculum/ppo_vs_target_w1/PPOBot
Apr 28, 2026 2:22:37 AM dev.robocode.tankroyale.runner.internal.BooterManager startStdoutReader$lambda$0$0$0
INFO: [BOOTER]     ~~~~~~~~~~~~~~~~~^^^^^^^^^^^
Apr 28, 2026 2:22:37 AM dev.robocode.tankroyale.runner.internal.BooterManager startStdoutReader$lambda$0$0$0
INFO: [BOOTER] ERROR: Bot directory: /Users/adithya/CSProjects/CPS485_RoboCode/logs/_runtime_bots/20260428_021821/train_ppo_curriculum/ppo_vs_target_w1/PPOBot
Apr 28, 2026 2:22:37 AM dev.robocode.tankroyale.runner.internal.BooterManager startStdoutReader$lambda$0$0$0
INFO: [BOOTER]   File "/Users/adithya/CSProjects/CPS485_RoboCode/PPOBot/runtime/PPO_Bot.py", line 335, in _end_episode
Apr 28, 2026 2:22:37 AM dev.robocode.tankroyale.runner.internal.BooterManager startStdoutReader$lambda$0$0$0
INFO: [BOOTER] ERROR: Bot directory: /Users/adithya/CSProjects/CPS485_RoboCode/logs/_runtime_bots/20260428_021821/train_ppo_curriculum/ppo_vs_target_w1/PPOBot
Apr 28, 2026 2:22:37 AM dev.robocode.tankroyale.runner.internal.BooterManager startStdoutReader$lambda$0$0$0
INFO: [BOOTER]     returns_arr, advantages_arr = PPOTrainer.finish_rollout(
Apr 28, 2026 2:22:37 AM dev.robocode.tankroyale.runner.internal.BooterManager startStdoutReader$lambda$0$0$0
INFO: [BOOTER] ERROR: Bot directory: /Users/adithya/CSProjects/CPS485_RoboCode/logs/_runtime_bots/20260428_021821/train_ppo_curriculum/ppo_vs_target_w1/PPOBot
Apr 28, 2026 2:22:37 AM dev.robocode.tankroyale.runner.internal.BooterManager startStdoutReader$lambda$0$0$0
INFO: [BOOTER]                                   ~~~~~~~~~~~~~~~~~~~~~~~~~^
Apr 28, 2026 2:22:37 AM dev.robocode.tankroyale.runner.internal.BooterManager startStdoutReader$lambda$0$0$0
INFO: [BOOTER] ERROR: Bot directory: /Users/adithya/CSProjects/CPS485_RoboCode/logs/_runtime_bots/20260428_021821/train_ppo_curriculum/ppo_vs_target_w1/PPOBot
Apr 28, 2026 2:22:37 AM dev.robocode.tankroyale.runner.internal.BooterManager startStdoutReader$lambda$0$0$0
INFO: [BOOTER]         rewards=rewards_arr,
Apr 28, 2026 2:22:37 AM dev.robocode.tankroyale.runner.internal.BooterManager startStdoutReader$lambda$0$0$0
INFO: [BOOTER] ERROR: Bot directory: /Users/adithya/CSProjects/CPS485_RoboCode/logs/_runtime_bots/20260428_021821/train_ppo_curriculum/ppo_vs_target_w1/PPOBot
Apr 28, 2026 2:22:37 AM dev.robocode.tankroyale.runner.internal.BooterManager startStdoutReader$lambda$0$0$0
INFO: [BOOTER]         ^^^^^^^^^^^^^^^^^^^^
Apr 28, 2026 2:22:37 AM dev.robocode.tankroyale.runner.internal.BooterManager startStdoutReader$lambda$0$0$0
INFO: [BOOTER] ERROR: Bot directory: /Users/adithya/CSProjects/CPS485_RoboCode/logs/_runtime_bots/20260428_021821/train_ppo_curriculum/ppo_vs_target_w1/PPOBot
Apr 28, 2026 2:22:37 AM dev.robocode.tankroyale.runner.internal.BooterManager startStdoutReader$lambda$0$0$0
INFO: [BOOTER]     ...<4 lines>...
Apr 28, 2026 2:22:37 AM dev.robocode.tankroyale.runner.internal.BooterManager startStdoutReader$lambda$0$0$0
INFO: [BOOTER] ERROR: Bot directory: /Users/adithya/CSProjects/CPS485_RoboCode/logs/_runtime_bots/20260428_021821/train_ppo_curriculum/ppo_vs_target_w1/PPOBot
Apr 28, 2026 2:22:37 AM dev.robocode.tankroyale.runner.internal.BooterManager startStdoutReader$lambda$0$0$0
INFO: [BOOTER]         gae_lambda=self.trainer.gae_lambda,
Apr 28, 2026 2:22:37 AM dev.robocode.tankroyale.runner.internal.BooterManager startStdoutReader$lambda$0$0$0
INFO: [BOOTER] ERROR: Bot directory: /Users/adithya/CSProjects/CPS485_RoboCode/logs/_runtime_bots/20260428_021821/train_ppo_curriculum/ppo_vs_target_w1/PPOBot
Apr 28, 2026 2:22:37 AM dev.robocode.tankroyale.runner.internal.BooterManager startStdoutReader$lambda$0$0$0
INFO: [BOOTER]         ^^^^^^^^^^^^^^^^^^^^^^^^^^^^^^^^^^^
Apr 28, 2026 2:22:37 AM dev.robocode.tankroyale.runner.internal.BooterManager startStdoutReader$lambda$0$0$0
INFO: [BOOTER] ERROR: Bot directory: /Users/adithya/CSProjects/CPS485_RoboCode/logs/_runtime_bots/20260428_021821/train_ppo_curriculum/ppo_vs_target_w1/PPOBot
Apr 28, 2026 2:22:37 AM dev.robocode.tankroyale.runner.internal.BooterManager startStdoutReader$lambda$0$0$0
INFO: [BOOTER]     )
Apr 28, 2026 2:22:37 AM dev.robocode.tankroyale.runner.internal.BooterManager startStdoutReader$lambda$0$0$0
INFO: [BOOTER] ERROR: Bot directory: /Users/adithya/CSProjects/CPS485_RoboCode/logs/_runtime_bots/20260428_021821/train_ppo_curriculum/ppo_vs_target_w1/PPOBot
Apr 28, 2026 2:22:37 AM dev.robocode.tankroyale.runner.internal.BooterManager startStdoutReader$lambda$0$0$0
INFO: [BOOTER]     ^
Apr 28, 2026 2:22:37 AM dev.robocode.tankroyale.runner.internal.BooterManager startStdoutReader$lambda$0$0$0
INFO: [BOOTER] ERROR: Bot directory: /Users/adithya/CSProjects/CPS485_RoboCode/logs/_runtime_bots/20260428_021821/train_ppo_curriculum/ppo_vs_target_w1/PPOBot
Apr 28, 2026 2:22:37 AM dev.robocode.tankroyale.runner.internal.BooterManager startStdoutReader$lambda$0$0$0
INFO: [BOOTER]   File "/Users/adithya/CSProjects/CPS485_RoboCode/PPOBot/agent/melee_ppo_agent.py", line 176, in finish_rollout
Apr 28, 2026 2:22:37 AM dev.robocode.tankroyale.runner.internal.BooterManager startStdoutReader$lambda$0$0$0
INFO: [BOOTER] ERROR: Bot directory: /Users/adithya/CSProjects/CPS485_RoboCode/logs/_runtime_bots/20260428_021821/train_ppo_curriculum/ppo_vs_target_w1/PPOBot
Apr 28, 2026 2:22:37 AM dev.robocode.tankroyale.runner.internal.BooterManager startStdoutReader$lambda$0$0$0
INFO: [BOOTER]     delta = rewards[t] + gamma * next_val * non_terminal - values[t]
Apr 28, 2026 2:22:37 AM dev.robocode.tankroyale.runner.internal.BooterManager startStdoutReader$lambda$0$0$0
INFO: [BOOTER] ERROR: Bot directory: /Users/adithya/CSProjects/CPS485_RoboCode/logs/_runtime_bots/20260428_021821/train_ppo_curriculum/ppo_vs_target_w1/PPOBot
Apr 28, 2026 2:22:37 AM dev.robocode.tankroyale.runner.internal.BooterManager startStdoutReader$lambda$0$0$0
INFO: [BOOTER]                                                            ~~~~~~^^^
Apr 28, 2026 2:22:37 AM dev.robocode.tankroyale.runner.internal.BooterManager startStdoutReader$lambda$0$0$0
INFO: [BOOTER] ERROR: Bot directory: /Users/adithya/CSProjects/CPS485_RoboCode/logs/_runtime_bots/20260428_021821/train_ppo_curriculum/ppo_vs_target_w1/PPOBot
Apr 28, 2026 2:22:37 AM dev.robocode.tankroyale.runner.internal.BooterManager startStdoutReader$lambda$0$0$0
INFO: [BOOTER] IndexError: index 89 is out of bounds for axis 0 with size 89
Apr 28, 2026 2:23:24 AM dev.robocode.tankroyale.runner.internal.BooterManager startStdoutReader$lambda$0$0$0
INFO: [BOOTER] ERROR: Bot directory: /Users/adithya/CSProjects/CPS485_RoboCode/logs/_runtime_bots/20260428_021821/train_ppo_curriculum/ppo_vs_target_w1/PPOBot
Apr 28, 2026 2:23:24 AM dev.robocode.tankroyale.runner.internal.BooterManager startStdoutReader$lambda$0$0$0
INFO: [BOOTER] Traceback (most recent call last):
Apr 28, 2026 2:23:24 AM dev.robocode.tankroyale.runner.internal.BooterManager startStdoutReader$lambda$0$0$0
INFO: [BOOTER] ERROR: Bot directory: /Users/adithya/CSProjects/CPS485_RoboCode/logs/_runtime_bots/20260428_021821/train_ppo_curriculum/ppo_vs_target_w1/PPOBot
Apr 28, 2026 2:23:24 AM dev.robocode.tankroyale.runner.internal.BooterManager startStdoutReader$lambda$0$0$0
INFO: [BOOTER]   File "/Users/adithya/CSProjects/CPS485_RoboCode/.venv/lib/python3.14/site-packages/robocode_tank_royale/bot_api/internal/websocket_handler.py", line 120, in receive_messages
Apr 28, 2026 2:23:24 AM dev.robocode.tankroyale.runner.internal.BooterManager startStdoutReader$lambda$0$0$0
INFO: [BOOTER] ERROR: Bot directory: /Users/adithya/CSProjects/CPS485_RoboCode/logs/_runtime_bots/20260428_021821/train_ppo_curriculum/ppo_vs_target_w1/PPOBot
Apr 28, 2026 2:23:24 AM dev.robocode.tankroyale.runner.internal.BooterManager startStdoutReader$lambda$0$0$0
INFO: [BOOTER]     await self.process_message(message)
Apr 28, 2026 2:23:24 AM dev.robocode.tankroyale.runner.internal.BooterManager startStdoutReader$lambda$0$0$0
INFO: [BOOTER] ERROR: Bot directory: /Users/adithya/CSProjects/CPS485_RoboCode/logs/_runtime_bots/20260428_021821/train_ppo_curriculum/ppo_vs_target_w1/PPOBot
Apr 28, 2026 2:23:24 AM dev.robocode.tankroyale.runner.internal.BooterManager startStdoutReader$lambda$0$0$0
INFO: [BOOTER]   File "/Users/adithya/CSProjects/CPS485_RoboCode/.venv/lib/python3.14/site-packages/robocode_tank_royale/bot_api/internal/websocket_handler.py", line 140, in process_message
Apr 28, 2026 2:23:24 AM dev.robocode.tankroyale.runner.internal.BooterManager startStdoutReader$lambda$0$0$0
INFO: [BOOTER] ERROR: Bot directory: /Users/adithya/CSProjects/CPS485_RoboCode/logs/_runtime_bots/20260428_021821/train_ppo_curriculum/ppo_vs_target_w1/PPOBot
Apr 28, 2026 2:23:24 AM dev.robocode.tankroyale.runner.internal.BooterManager startStdoutReader$lambda$0$0$0
INFO: [BOOTER]     await self.handle_round_ended(json_msg)
Apr 28, 2026 2:23:24 AM dev.robocode.tankroyale.runner.internal.BooterManager startStdoutReader$lambda$0$0$0
INFO: [BOOTER] ERROR: Bot directory: /Users/adithya/CSProjects/CPS485_RoboCode/logs/_runtime_bots/20260428_021821/train_ppo_curriculum/ppo_vs_target_w1/PPOBot
Apr 28, 2026 2:23:24 AM dev.robocode.tankroyale.runner.internal.BooterManager startStdoutReader$lambda$0$0$0
INFO: [BOOTER]   File "/Users/adithya/CSProjects/CPS485_RoboCode/.venv/lib/python3.14/site-packages/robocode_tank_royale/bot_api/internal/websocket_handler.py", line 205, in handle_round_ended
Apr 28, 2026 2:23:24 AM dev.robocode.tankroyale.runner.internal.BooterManager startStdoutReader$lambda$0$0$0
INFO: [BOOTER] ERROR: Bot directory: /Users/adithya/CSProjects/CPS485_RoboCode/logs/_runtime_bots/20260428_021821/train_ppo_curriculum/ppo_vs_target_w1/PPOBot
Apr 28, 2026 2:23:24 AM dev.robocode.tankroyale.runner.internal.BooterManager startStdoutReader$lambda$0$0$0
INFO: [BOOTER]     self.event_queue.dispatch_events(schema_evt.turn_number)
Apr 28, 2026 2:23:24 AM dev.robocode.tankroyale.runner.internal.BooterManager startStdoutReader$lambda$0$0$0
INFO: [BOOTER] ERROR: Bot directory: /Users/adithya/CSProjects/CPS485_RoboCode/logs/_runtime_bots/20260428_021821/train_ppo_curriculum/ppo_vs_target_w1/PPOBot
Apr 28, 2026 2:23:24 AM dev.robocode.tankroyale.runner.internal.BooterManager startStdoutReader$lambda$0$0$0
INFO: [BOOTER]     ~~~~~~~~~~~~~~~~~~~~~~~~~~~~~~~~^^^^^^^^^^^^^^^^^^^^^^^^
Apr 28, 2026 2:23:24 AM dev.robocode.tankroyale.runner.internal.BooterManager startStdoutReader$lambda$0$0$0
INFO: [BOOTER] ERROR: Bot directory: /Users/adithya/CSProjects/CPS485_RoboCode/logs/_runtime_bots/20260428_021821/train_ppo_curriculum/ppo_vs_target_w1/PPOBot
Apr 28, 2026 2:23:24 AM dev.robocode.tankroyale.runner.internal.BooterManager startStdoutReader$lambda$0$0$0
INFO: [BOOTER]   File "/Users/adithya/CSProjects/CPS485_RoboCode/.venv/lib/python3.14/site-packages/robocode_tank_royale/bot_api/internal/event_queue.py", line 125, in dispatch_events
Apr 28, 2026 2:23:24 AM dev.robocode.tankroyale.runner.internal.BooterManager startStdoutReader$lambda$0$0$0
INFO: [BOOTER] ERROR: Bot directory: /Users/adithya/CSProjects/CPS485_RoboCode/logs/_runtime_bots/20260428_021821/train_ppo_curriculum/ppo_vs_target_w1/PPOBot
Apr 28, 2026 2:23:24 AM dev.robocode.tankroyale.runner.internal.BooterManager startStdoutReader$lambda$0$0$0
INFO: [BOOTER]     self.dispatch(current_event, turn_number)
Apr 28, 2026 2:23:24 AM dev.robocode.tankroyale.runner.internal.BooterManager startStdoutReader$lambda$0$0$0
INFO: [BOOTER] ERROR: Bot directory: /Users/adithya/CSProjects/CPS485_RoboCode/logs/_runtime_bots/20260428_021821/train_ppo_curriculum/ppo_vs_target_w1/PPOBot
Apr 28, 2026 2:23:24 AM dev.robocode.tankroyale.runner.internal.BooterManager startStdoutReader$lambda$0$0$0
INFO: [BOOTER]     ~~~~~~~~~~~~~^^^^^^^^^^^^^^^^^^^^^^^^^^^^
Apr 28, 2026 2:23:24 AM dev.robocode.tankroyale.runner.internal.BooterManager startStdoutReader$lambda$0$0$0
INFO: [BOOTER] ERROR: Bot directory: /Users/adithya/CSProjects/CPS485_RoboCode/logs/_runtime_bots/20260428_021821/train_ppo_curriculum/ppo_vs_target_w1/PPOBot
Apr 28, 2026 2:23:24 AM dev.robocode.tankroyale.runner.internal.BooterManager startStdoutReader$lambda$0$0$0
INFO: [BOOTER]   File "/Users/adithya/CSProjects/CPS485_RoboCode/.venv/lib/python3.14/site-packages/robocode_tank_royale/bot_api/internal/event_queue.py", line 163, in dispatch
Apr 28, 2026 2:23:24 AM dev.robocode.tankroyale.runner.internal.BooterManager startStdoutReader$lambda$0$0$0
INFO: [BOOTER] ERROR: Bot directory: /Users/adithya/CSProjects/CPS485_RoboCode/logs/_runtime_bots/20260428_021821/train_ppo_curriculum/ppo_vs_target_w1/PPOBot
Apr 28, 2026 2:23:24 AM dev.robocode.tankroyale.runner.internal.BooterManager startStdoutReader$lambda$0$0$0
INFO: [BOOTER]     self.bot_event_handlers.fire_event(bot_event)
Apr 28, 2026 2:23:24 AM dev.robocode.tankroyale.runner.internal.BooterManager startStdoutReader$lambda$0$0$0
INFO: [BOOTER] ERROR: Bot directory: /Users/adithya/CSProjects/CPS485_RoboCode/logs/_runtime_bots/20260428_021821/train_ppo_curriculum/ppo_vs_target_w1/PPOBot
Apr 28, 2026 2:23:24 AM dev.robocode.tankroyale.runner.internal.BooterManager startStdoutReader$lambda$0$0$0
INFO: [BOOTER]     ~~~~~~~~~~~~~~~~~~~~~~~~~~~~~~~~~~^^^^^^^^^^^
Apr 28, 2026 2:23:24 AM dev.robocode.tankroyale.runner.internal.BooterManager startStdoutReader$lambda$0$0$0
INFO: [BOOTER] ERROR: Bot directory: /Users/adithya/CSProjects/CPS485_RoboCode/logs/_runtime_bots/20260428_021821/train_ppo_curriculum/ppo_vs_target_w1/PPOBot
Apr 28, 2026 2:23:24 AM dev.robocode.tankroyale.runner.internal.BooterManager startStdoutReader$lambda$0$0$0
INFO: [BOOTER]   File "/Users/adithya/CSProjects/CPS485_RoboCode/robocode_compat.py", line 217, in fire_event
Apr 28, 2026 2:23:24 AM dev.robocode.tankroyale.runner.internal.BooterManager startStdoutReader$lambda$0$0$0
INFO: [BOOTER] ERROR: Bot directory: /Users/adithya/CSProjects/CPS485_RoboCode/logs/_runtime_bots/20260428_021821/train_ppo_curriculum/ppo_vs_target_w1/PPOBot
Apr 28, 2026 2:23:24 AM dev.robocode.tankroyale.runner.internal.BooterManager startStdoutReader$lambda$0$0$0
INFO: [BOOTER]     original_fire_event(self, event)
Apr 28, 2026 2:23:24 AM dev.robocode.tankroyale.runner.internal.BooterManager startStdoutReader$lambda$0$0$0
INFO: [BOOTER] ERROR: Bot directory: /Users/adithya/CSProjects/CPS485_RoboCode/logs/_runtime_bots/20260428_021821/train_ppo_curriculum/ppo_vs_target_w1/PPOBot
Apr 28, 2026 2:23:24 AM dev.robocode.tankroyale.runner.internal.BooterManager startStdoutReader$lambda$0$0$0
INFO: [BOOTER]     ~~~~~~~~~~~~~~~~~~~^^^^^^^^^^^^^
Apr 28, 2026 2:23:24 AM dev.robocode.tankroyale.runner.internal.BooterManager startStdoutReader$lambda$0$0$0
INFO: [BOOTER] ERROR: Bot directory: /Users/adithya/CSProjects/CPS485_RoboCode/logs/_runtime_bots/20260428_021821/train_ppo_curriculum/ppo_vs_target_w1/PPOBot
Apr 28, 2026 2:23:24 AM dev.robocode.tankroyale.runner.internal.BooterManager startStdoutReader$lambda$0$0$0
INFO: [BOOTER]   File "/Users/adithya/CSProjects/CPS485_RoboCode/.venv/lib/python3.14/site-packages/robocode_tank_royale/bot_api/internal/bot_event_handlers.py", line 145, in fire_event
Apr 28, 2026 2:23:24 AM dev.robocode.tankroyale.runner.internal.BooterManager startStdoutReader$lambda$0$0$0
INFO: [BOOTER] ERROR: Bot directory: /Users/adithya/CSProjects/CPS485_RoboCode/logs/_runtime_bots/20260428_021821/train_ppo_curriculum/ppo_vs_target_w1/PPOBot
Apr 28, 2026 2:23:24 AM dev.robocode.tankroyale.runner.internal.BooterManager startStdoutReader$lambda$0$0$0
INFO: [BOOTER]     handler.publish(event)
Apr 28, 2026 2:23:24 AM dev.robocode.tankroyale.runner.internal.BooterManager startStdoutReader$lambda$0$0$0
INFO: [BOOTER] ERROR: Bot directory: /Users/adithya/CSProjects/CPS485_RoboCode/logs/_runtime_bots/20260428_021821/train_ppo_curriculum/ppo_vs_target_w1/PPOBot
Apr 28, 2026 2:23:24 AM dev.robocode.tankroyale.runner.internal.BooterManager startStdoutReader$lambda$0$0$0
INFO: [BOOTER]     ~~~~~~~~~~~~~~~^^^^^^^
Apr 28, 2026 2:23:24 AM dev.robocode.tankroyale.runner.internal.BooterManager startStdoutReader$lambda$0$0$0
INFO: [BOOTER] ERROR: Bot directory: /Users/adithya/CSProjects/CPS485_RoboCode/logs/_runtime_bots/20260428_021821/train_ppo_curriculum/ppo_vs_target_w1/PPOBot
Apr 28, 2026 2:23:24 AM dev.robocode.tankroyale.runner.internal.BooterManager startStdoutReader$lambda$0$0$0
INFO: [BOOTER]   File "/Users/adithya/CSProjects/CPS485_RoboCode/.venv/lib/python3.14/site-packages/robocode_tank_royale/bot_api/internal/event_handler.py", line 110, in publish
Apr 28, 2026 2:23:24 AM dev.robocode.tankroyale.runner.internal.BooterManager startStdoutReader$lambda$0$0$0
INFO: [BOOTER] ERROR: Bot directory: /Users/adithya/CSProjects/CPS485_RoboCode/logs/_runtime_bots/20260428_021821/train_ppo_curriculum/ppo_vs_target_w1/PPOBot
Apr 28, 2026 2:23:24 AM dev.robocode.tankroyale.runner.internal.BooterManager startStdoutReader$lambda$0$0$0
INFO: [BOOTER]     entry.subscriber(event_data)
Apr 28, 2026 2:23:24 AM dev.robocode.tankroyale.runner.internal.BooterManager startStdoutReader$lambda$0$0$0
INFO: [BOOTER] ERROR: Bot directory: /Users/adithya/CSProjects/CPS485_RoboCode/logs/_runtime_bots/20260428_021821/train_ppo_curriculum/ppo_vs_target_w1/PPOBot
Apr 28, 2026 2:23:24 AM dev.robocode.tankroyale.runner.internal.BooterManager startStdoutReader$lambda$0$0$0
INFO: [BOOTER]     ~~~~~~~~~~~~~~~~^^^^^^^^^^^^
Apr 28, 2026 2:23:24 AM dev.robocode.tankroyale.runner.internal.BooterManager startStdoutReader$lambda$0$0$0
INFO: [BOOTER] ERROR: Bot directory: /Users/adithya/CSProjects/CPS485_RoboCode/logs/_runtime_bots/20260428_021821/train_ppo_curriculum/ppo_vs_target_w1/PPOBot
Apr 28, 2026 2:23:24 AM dev.robocode.tankroyale.runner.internal.BooterManager startStdoutReader$lambda$0$0$0
INFO: [BOOTER]   File "/Users/adithya/CSProjects/CPS485_RoboCode/PPOBot/runtime/PPO_Bot.py", line 313, in on_death
Apr 28, 2026 2:23:24 AM dev.robocode.tankroyale.runner.internal.BooterManager startStdoutReader$lambda$0$0$0
INFO: [BOOTER] ERROR: Bot directory: /Users/adithya/CSProjects/CPS485_RoboCode/logs/_runtime_bots/20260428_021821/train_ppo_curriculum/ppo_vs_target_w1/PPOBot
Apr 28, 2026 2:23:24 AM dev.robocode.tankroyale.runner.internal.BooterManager startStdoutReader$lambda$0$0$0
INFO: [BOOTER]     self._end_episode(won=False)
Apr 28, 2026 2:23:24 AM dev.robocode.tankroyale.runner.internal.BooterManager startStdoutReader$lambda$0$0$0
INFO: [BOOTER] ERROR: Bot directory: /Users/adithya/CSProjects/CPS485_RoboCode/logs/_runtime_bots/20260428_021821/train_ppo_curriculum/ppo_vs_target_w1/PPOBot
Apr 28, 2026 2:23:24 AM dev.robocode.tankroyale.runner.internal.BooterManager startStdoutReader$lambda$0$0$0
INFO: [BOOTER]     ~~~~~~~~~~~~~~~~~^^^^^^^^^^^
Apr 28, 2026 2:23:24 AM dev.robocode.tankroyale.runner.internal.BooterManager startStdoutReader$lambda$0$0$0
INFO: [BOOTER] ERROR: Bot directory: /Users/adithya/CSProjects/CPS485_RoboCode/logs/_runtime_bots/20260428_021821/train_ppo_curriculum/ppo_vs_target_w1/PPOBot
Apr 28, 2026 2:23:24 AM dev.robocode.tankroyale.runner.internal.BooterManager startStdoutReader$lambda$0$0$0
INFO: [BOOTER]   File "/Users/adithya/CSProjects/CPS485_RoboCode/PPOBot/runtime/PPO_Bot.py", line 335, in _end_episode
Apr 28, 2026 2:23:24 AM dev.robocode.tankroyale.runner.internal.BooterManager startStdoutReader$lambda$0$0$0
INFO: [BOOTER] ERROR: Bot directory: /Users/adithya/CSProjects/CPS485_RoboCode/logs/_runtime_bots/20260428_021821/train_ppo_curriculum/ppo_vs_target_w1/PPOBot
Apr 28, 2026 2:23:24 AM dev.robocode.tankroyale.runner.internal.BooterManager startStdoutReader$lambda$0$0$0
INFO: [BOOTER]     returns_arr, advantages_arr = PPOTrainer.finish_rollout(
Apr 28, 2026 2:23:24 AM dev.robocode.tankroyale.runner.internal.BooterManager startStdoutReader$lambda$0$0$0
INFO: [BOOTER] ERROR: Bot directory: /Users/adithya/CSProjects/CPS485_RoboCode/logs/_runtime_bots/20260428_021821/train_ppo_curriculum/ppo_vs_target_w1/PPOBot
Apr 28, 2026 2:23:24 AM dev.robocode.tankroyale.runner.internal.BooterManager startStdoutReader$lambda$0$0$0
INFO: [BOOTER]                                   ~~~~~~~~~~~~~~~~~~~~~~~~~^
Apr 28, 2026 2:23:24 AM dev.robocode.tankroyale.runner.internal.BooterManager startStdoutReader$lambda$0$0$0
INFO: [BOOTER] ERROR: Bot directory: /Users/adithya/CSProjects/CPS485_RoboCode/logs/_runtime_bots/20260428_021821/train_ppo_curriculum/ppo_vs_target_w1/PPOBot
Apr 28, 2026 2:23:24 AM dev.robocode.tankroyale.runner.internal.BooterManager startStdoutReader$lambda$0$0$0
INFO: [BOOTER]         rewards=rewards_arr,
Apr 28, 2026 2:23:24 AM dev.robocode.tankroyale.runner.internal.BooterManager startStdoutReader$lambda$0$0$0
INFO: [BOOTER] ERROR: Bot directory: /Users/adithya/CSProjects/CPS485_RoboCode/logs/_runtime_bots/20260428_021821/train_ppo_curriculum/ppo_vs_target_w1/PPOBot
Apr 28, 2026 2:23:24 AM dev.robocode.tankroyale.runner.internal.BooterManager startStdoutReader$lambda$0$0$0
INFO: [BOOTER]         ^^^^^^^^^^^^^^^^^^^^
Apr 28, 2026 2:23:24 AM dev.robocode.tankroyale.runner.internal.BooterManager startStdoutReader$lambda$0$0$0
INFO: [BOOTER] ERROR: Bot directory: /Users/adithya/CSProjects/CPS485_RoboCode/logs/_runtime_bots/20260428_021821/train_ppo_curriculum/ppo_vs_target_w1/PPOBot
Apr 28, 2026 2:23:24 AM dev.robocode.tankroyale.runner.internal.BooterManager startStdoutReader$lambda$0$0$0
INFO: [BOOTER]     ...<4 lines>...
Apr 28, 2026 2:23:24 AM dev.robocode.tankroyale.runner.internal.BooterManager startStdoutReader$lambda$0$0$0
INFO: [BOOTER] ERROR: Bot directory: /Users/adithya/CSProjects/CPS485_RoboCode/logs/_runtime_bots/20260428_021821/train_ppo_curriculum/ppo_vs_target_w1/PPOBot
Apr 28, 2026 2:23:24 AM dev.robocode.tankroyale.runner.internal.BooterManager startStdoutReader$lambda$0$0$0
INFO: [BOOTER]         gae_lambda=self.trainer.gae_lambda,
Apr 28, 2026 2:23:24 AM dev.robocode.tankroyale.runner.internal.BooterManager startStdoutReader$lambda$0$0$0
INFO: [BOOTER] ERROR: Bot directory: /Users/adithya/CSProjects/CPS485_RoboCode/logs/_runtime_bots/20260428_021821/train_ppo_curriculum/ppo_vs_target_w1/PPOBot
Apr 28, 2026 2:23:24 AM dev.robocode.tankroyale.runner.internal.BooterManager startStdoutReader$lambda$0$0$0
INFO: [BOOTER]         ^^^^^^^^^^^^^^^^^^^^^^^^^^^^^^^^^^^
Apr 28, 2026 2:23:24 AM dev.robocode.tankroyale.runner.internal.BooterManager startStdoutReader$lambda$0$0$0
INFO: [BOOTER] ERROR: Bot directory: /Users/adithya/CSProjects/CPS485_RoboCode/logs/_runtime_bots/20260428_021821/train_ppo_curriculum/ppo_vs_target_w1/PPOBot
Apr 28, 2026 2:23:24 AM dev.robocode.tankroyale.runner.internal.BooterManager startStdoutReader$lambda$0$0$0
INFO: [BOOTER]     )
Apr 28, 2026 2:23:24 AM dev.robocode.tankroyale.runner.internal.BooterManager startStdoutReader$lambda$0$0$0
INFO: [BOOTER] ERROR: Bot directory: /Users/adithya/CSProjects/CPS485_RoboCode/logs/_runtime_bots/20260428_021821/train_ppo_curriculum/ppo_vs_target_w1/PPOBot
Apr 28, 2026 2:23:24 AM dev.robocode.tankroyale.runner.internal.BooterManager startStdoutReader$lambda$0$0$0
INFO: [BOOTER]     ^
Apr 28, 2026 2:23:24 AM dev.robocode.tankroyale.runner.internal.BooterManager startStdoutReader$lambda$0$0$0
INFO: [BOOTER] ERROR: Bot directory: /Users/adithya/CSProjects/CPS485_RoboCode/logs/_runtime_bots/20260428_021821/train_ppo_curriculum/ppo_vs_target_w1/PPOBot
Apr 28, 2026 2:23:24 AM dev.robocode.tankroyale.runner.internal.BooterManager startStdoutReader$lambda$0$0$0
INFO: [BOOTER]   File "/Users/adithya/CSProjects/CPS485_RoboCode/PPOBot/agent/melee_ppo_agent.py", line 176, in finish_rollout
Apr 28, 2026 2:23:24 AM dev.robocode.tankroyale.runner.internal.BooterManager startStdoutReader$lambda$0$0$0
INFO: [BOOTER] ERROR: Bot directory: /Users/adithya/CSProjects/CPS485_RoboCode/logs/_runtime_bots/20260428_021821/train_ppo_curriculum/ppo_vs_target_w1/PPOBot
Apr 28, 2026 2:23:24 AM dev.robocode.tankroyale.runner.internal.BooterManager startStdoutReader$lambda$0$0$0
INFO: [BOOTER]     delta = rewards[t] + gamma * next_val * non_terminal - values[t]
Apr 28, 2026 2:23:24 AM dev.robocode.tankroyale.runner.internal.BooterManager startStdoutReader$lambda$0$0$0
INFO: [BOOTER] ERROR: Bot directory: /Users/adithya/CSProjects/CPS485_RoboCode/logs/_runtime_bots/20260428_021821/train_ppo_curriculum/ppo_vs_target_w1/PPOBot
Apr 28, 2026 2:23:24 AM dev.robocode.tankroyale.runner.internal.BooterManager startStdoutReader$lambda$0$0$0
INFO: [BOOTER]                                                            ~~~~~~^^^
Apr 28, 2026 2:23:24 AM dev.robocode.tankroyale.runner.internal.BooterManager startStdoutReader$lambda$0$0$0
INFO: [BOOTER] ERROR: Bot directory: /Users/adithya/CSProjects/CPS485_RoboCode/logs/_runtime_bots/20260428_021821/train_ppo_curriculum/ppo_vs_target_w1/PPOBot
Apr 28, 2026 2:23:24 AM dev.robocode.tankroyale.runner.internal.BooterManager startStdoutReader$lambda$0$0$0
INFO: [BOOTER] IndexError: index 44 is out of bounds for axis 0 with size 44
Apr 28, 2026 2:23:24 AM dev.robocode.tankroyale.runner.internal.ServerManager startStdoutReader$lambda$0$0$0
INFO: [SERVER] 2026-04-28 02:23:24.598 [32m[INFO][39m Bot left: PPOBot 1.0
Apr 28, 2026 2:25:09 AM dev.robocode.tankroyale.runner.internal.ServerManager startStdoutReader$lambda$0$0$0
INFO: [SERVER] 2026-04-28 02:25:09.345 [32m[INFO][39m Game ended
Apr 28, 2026 2:25:09 AM dev.robocode.tankroyale.runner.BattleRunner startBattleAsync$lambda$7
INFO: Battle finished, cleaning up...
Apr 28, 2026 2:25:09 AM dev.robocode.tankroyale.runner.internal.BooterManager startStdoutReader$lambda$0$0$0
INFO: [BOOTER] stopped 41436
Apr 28, 2026 2:25:09 AM dev.robocode.tankroyale.runner.internal.BooterManager startStdoutReader$lambda$0$0$0
INFO: [BOOTER] stopped 41438
Apr 28, 2026 2:25:09 AM dev.robocode.tankroyale.runner.internal.BooterManager startStdoutReader$lambda$0$0$0
INFO: [BOOTER] stopped 41438
Apr 28, 2026 2:25:09 AM dev.robocode.tankroyale.runner.internal.ServerManager startStdoutReader$lambda$0$0$0
INFO: [SERVER] 2026-04-28 02:25:09.354 [32m[INFO][39m Bot left: Target 1.0
Apr 28, 2026 2:25:09 AM dev.robocode.tankroyale.runner.internal.ServerManager startStdoutReader$lambda$0$0$0
INFO: [SERVER] 2026-04-28 02:25:09.358 [32m[INFO][39m Observer left: Robocode Tank Royale Battle Runner 0.38.2
Apr 28, 2026 2:25:09 AM dev.robocode.tankroyale.runner.internal.ServerManager startStdoutReader$lambda$0$0$0
INFO: [SERVER] 2026-04-28 02:25:09.358 [32m[INFO][39m Controller left: Robocode Tank Royale Battle Runner 0.38.2
Apr 28, 2026 2:25:09 AM dev.robocode.tankroyale.runner.internal.ServerManager startStdoutReader$lambda$0$0$0
INFO: [SERVER] 2026-04-28 02:25:09.359 [32m[INFO][39m Stopping server
Apr 28, 2026 2:25:09 AM dev.robocode.tankroyale.runner.internal.ServerManager startStdoutReader$lambda$0$0$0
INFO: [SERVER] 2026-04-28 02:25:09.359 [32m[INFO][39m Aborting game
[royale_harness] scenario=ppo_vs_target_w1 config=/Users/adithya/CSProjects/CPS485_RoboCode/configs/robocode/ppo_vs_target_w1.json
{"rounds":300,"arenaWidth":800,"arenaHeight":600,"results":[{"name":"PPOBot","version":"1.0","rank":1,"totalScore":7963,"survivalScore":6550,"lastSurvivorBonus":1310,"bulletDamageScore":82,"bulletKillBonus":0,"ramDamageScore":20,"ramKillBonus":0,"firstPlaces":131,"secondPlaces":34,"thirdPlaces":0},{"name":"Target","version":"1.0","rank":2,"totalScore":1703,"survivalScore":1400,"lastSurvivorBonus":280,"bulletDamageScore":0,"bulletKillBonus":0,"ramDamageScore":23,"ramKillBonus":0,"firstPlaces":34,"secondPlaces":131,"thirdPlaces":0}]}
[checkpoint] Saved /Users/adithya/CSProjects/CPS485_RoboCode/PPOBot/checkpoints/ppo_weights_stage1_ppo_vs_target.pt
[failsafe disabled] ppo_vs_target — no checks performed
Traceback (most recent call last):
  File "<stdin>", line 6, in <module>
NameError: name 'last50' is not defined
