Apr 27, 2026 7:44:24 PM dev.robocode.tankroyale.runner.BattleRunner startBattleAsync
INFO: Starting battle: rounds=100, bots=2
Apr 27, 2026 7:44:25 PM dev.robocode.tankroyale.runner.internal.ServerManager startStdoutReader$lambda$0$0$0
INFO: [SERVER] [1m[38;5;21m              ___________[0m
Apr 27, 2026 7:44:25 PM dev.robocode.tankroyale.runner.internal.ServerManager startStdoutReader$lambda$0$0$0
INFO: [SERVER] [1m[38;5;21m             /           |[0m[1m[38;5;102m[[[]========((()[0m
Apr 27, 2026 7:44:25 PM dev.robocode.tankroyale.runner.internal.ServerManager startStdoutReader$lambda$0$0$0
INFO: [SERVER] [1m[38;5;21m   _________|____________|___________[0m
Apr 27, 2026 7:44:25 PM dev.robocode.tankroyale.runner.internal.ServerManager startStdoutReader$lambda$0$0$0
INFO: [SERVER] [1m[38;5;102m _[0m[1m[38;5;21m/[0m[1m[38;5;102m_[0m[1m[38;5;21m________________________________[0m[1m[38;5;102m_[0m[1m[38;5;21m\[0m[1m[38;5;102m_[0m
Apr 27, 2026 7:44:25 PM dev.robocode.tankroyale.runner.internal.ServerManager startStdoutReader$lambda$0$0$0
INFO: [SERVER] [1m[38;5;102m/ _ ) ___  ___  ___  ___  ___  ___ / ,_|[0m
Apr 27, 2026 7:44:25 PM dev.robocode.tankroyale.runner.internal.ServerManager startStdoutReader$lambda$0$0$0
INFO: [SERVER] [1m[38;5;102m\_\_\/ _ \| __)/ _ \/ __// _ \| _ \\__|[0m
Apr 27, 2026 7:44:25 PM dev.robocode.tankroyale.runner.internal.ServerManager startStdoutReader$lambda$0$0$0
INFO: [SERVER] [1m[38;5;102m     \___/|___)\___/\___|\___/|___/[0m
Apr 27, 2026 7:44:25 PM dev.robocode.tankroyale.runner.internal.ServerManager startStdoutReader$lambda$0$0$0
INFO: [SERVER] 
Apr 27, 2026 7:44:25 PM dev.robocode.tankroyale.runner.internal.ServerManager startStdoutReader$lambda$0$0$0
INFO: [SERVER] [1m[32m          Robocode Tank Royale[0m
Apr 27, 2026 7:44:25 PM dev.robocode.tankroyale.runner.internal.ServerManager startStdoutReader$lambda$0$0$0
INFO: [SERVER] 
Apr 27, 2026 7:44:25 PM dev.robocode.tankroyale.runner.internal.ServerManager startStdoutReader$lambda$0$0$0
INFO: [SERVER] Robocode Tank Royale Server 0.38.2
Apr 27, 2026 7:44:25 PM dev.robocode.tankroyale.runner.internal.ServerManager startStdoutReader$lambda$0$0$0
INFO: [SERVER] 2026-04-27 19:44:25.286 [32m[INFO][39m Server secrets: [32mENABLED[39m (controllers=1, bots=1)
Apr 27, 2026 7:44:25 PM dev.robocode.tankroyale.runner.internal.ServerManager startStdoutReader$lambda$0$0$0
INFO: [SERVER] 2026-04-27 19:44:25.321 [32m[INFO][39m Starting server on port 61473 with supporting game type(s): classic
Apr 27, 2026 7:44:25 PM dev.robocode.tankroyale.runner.internal.ServerManager startStdoutReader$lambda$0$0$0
INFO: [SERVER] 2026-04-27 19:44:25.926 [32m[INFO][39m Observer joined: Robocode Tank Royale Battle Runner 0.38.2
Apr 27, 2026 7:44:25 PM dev.robocode.tankroyale.runner.BattleRunner startBattleAsync
INFO: Booting bots...
Apr 27, 2026 7:44:25 PM dev.robocode.tankroyale.runner.internal.ServerManager startStdoutReader$lambda$0$0$0
INFO: [SERVER] 2026-04-27 19:44:25.928 [32m[INFO][39m Controller joined: Robocode Tank Royale Battle Runner 0.38.2
Apr 27, 2026 7:44:26 PM dev.robocode.tankroyale.runner.internal.BooterManager startStdoutReader$lambda$0$0$0
INFO: [BOOTER] 7746;/Users/jacobbecker/CPS485_RoboCode/logs/_runtime_bots/20260427_164525/train_sarsa_suite/sarsa_vs_jacob3_0/SarsaBot
Apr 27, 2026 7:44:26 PM dev.robocode.tankroyale.runner.internal.BooterManager startStdoutReader$lambda$0$0$0
INFO: [BOOTER] 7747;/Users/jacobbecker/CPS485_RoboCode/logs/_runtime_bots/20260427_164525/train_sarsa_suite/sarsa_vs_jacob3_0/Jacob3_0
Apr 27, 2026 7:44:29 PM dev.robocode.tankroyale.runner.internal.ServerManager startStdoutReader$lambda$0$0$0
INFO: [SERVER] 2026-04-27 19:44:29.421 [32m[INFO][39m Bot joined: SarsaBot 1.0
Apr 27, 2026 7:44:31 PM dev.robocode.tankroyale.runner.internal.ServerManager startStdoutReader$lambda$0$0$0
INFO: [SERVER] 2026-04-27 19:44:31.334 [32m[INFO][39m Bot joined: Jacob3_0 1.0.0
Apr 27, 2026 7:44:31 PM dev.robocode.tankroyale.runner.BattleRunner startBattleAsync
INFO: Starting game...
Apr 27, 2026 7:44:31 PM dev.robocode.tankroyale.runner.internal.ServerManager startStdoutReader$lambda$0$0$0
INFO: [SERVER] 2026-04-27 19:44:31.351 [32m[INFO][39m Bot ready: Jacob3_0 1.0.0
Apr 27, 2026 7:44:31 PM dev.robocode.tankroyale.runner.internal.ServerManager startStdoutReader$lambda$0$0$0
INFO: [SERVER] 2026-04-27 19:44:31.351 [32m[INFO][39m Bot ready: SarsaBot 1.0
Apr 27, 2026 7:44:31 PM dev.robocode.tankroyale.runner.internal.ServerManager startStdoutReader$lambda$0$0$0
INFO: [SERVER] 2026-04-27 19:44:31.352 [32m[INFO][39m Starting game
Apr 27, 2026 7:44:31 PM dev.robocode.tankroyale.runner.BattleRunner startBattleAsync
INFO: Battle started successfully
Apr 27, 2026 7:59:28 PM dev.robocode.tankroyale.runner.internal.ServerManager startStdoutReader$lambda$0$0$0
INFO: [SERVER] 2026-04-27 19:59:28.805 [32m[INFO][39m Game ended
Apr 27, 2026 7:59:28 PM dev.robocode.tankroyale.runner.BattleRunner startBattleAsync$lambda$7
INFO: Battle finished, cleaning up...
Apr 27, 2026 7:59:28 PM dev.robocode.tankroyale.runner.internal.ServerManager startStdoutReader$lambda$0$0$0
INFO: [SERVER] 2026-04-27 19:59:28.817 [32m[INFO][39m Bot left: SarsaBot 1.0
Apr 27, 2026 7:59:28 PM dev.robocode.tankroyale.runner.internal.BooterManager startStdoutReader$lambda$0$0$0
INFO: [BOOTER] stopped 7746
Apr 27, 2026 7:59:28 PM dev.robocode.tankroyale.runner.internal.ServerManager startStdoutReader$lambda$0$0$0
INFO: [SERVER] 2026-04-27 19:59:28.821 [32m[INFO][39m Bot left: Jacob3_0 1.0.0
Apr 27, 2026 7:59:28 PM dev.robocode.tankroyale.runner.internal.ServerManager startStdoutReader$lambda$0$0$0
INFO: [SERVER] 2026-04-27 19:59:28.830 [32m[INFO][39m Observer left: Robocode Tank Royale Battle Runner 0.38.2
Apr 27, 2026 7:59:28 PM dev.robocode.tankroyale.runner.internal.ServerManager startStdoutReader$lambda$0$0$0
INFO: [SERVER] 2026-04-27 19:59:28.830 [32m[INFO][39m Controller left: Robocode Tank Royale Battle Runner 0.38.2
Apr 27, 2026 7:59:28 PM dev.robocode.tankroyale.runner.internal.ServerManager startStdoutReader$lambda$0$0$0
INFO: [SERVER] 2026-04-27 19:59:28.831 [32m[INFO][39m Aborting game
Apr 27, 2026 7:59:28 PM dev.robocode.tankroyale.runner.internal.ServerManager startStdoutReader$lambda$0$0$0
INFO: [SERVER] 2026-04-27 19:59:28.831 [32m[INFO][39m Stopping server
[royale_harness] scenario=sarsa_vs_jacob3_0 config=/Users/jacobbecker/CPS485_RoboCode/configs/robocode/sarsa_vs_jacob3_0.json
{"rounds":100,"arenaWidth":800,"arenaHeight":600,"results":[{"name":"Jacob3_0","version":"1.0.0","rank":1,"totalScore":12766,"survivalScore":3500,"lastSurvivorBonus":700,"bulletDamageScore":7466,"bulletKillBonus":1012,"ramDamageScore":88,"ramKillBonus":0,"firstPlaces":70,"secondPlaces":30,"thirdPlaces":0},{"name":"SarsaBot","version":"1.0","rank":2,"totalScore":5571,"survivalScore":1500,"lastSurvivorBonus":300,"bulletDamageScore":3138,"bulletKillBonus":409,"ramDamageScore":223,"ramKillBonus":0,"firstPlaces":30,"secondPlaces":70,"thirdPlaces":0}]}
Apr 27, 2026 7:59:30 PM dev.robocode.tankroyale.runner.BattleRunner startBattleAsync
INFO: Starting battle: rounds=100, bots=2
Apr 27, 2026 7:59:31 PM dev.robocode.tankroyale.runner.internal.ServerManager startStdoutReader$lambda$0$0$0
INFO: [SERVER] [1m[38;5;21m              ___________[0m
Apr 27, 2026 7:59:31 PM dev.robocode.tankroyale.runner.internal.ServerManager startStdoutReader$lambda$0$0$0
INFO: [SERVER] [1m[38;5;21m             /           |[0m[1m[38;5;102m[[[]========((()[0m
Apr 27, 2026 7:59:31 PM dev.robocode.tankroyale.runner.internal.ServerManager startStdoutReader$lambda$0$0$0
INFO: [SERVER] [1m[38;5;21m   _________|____________|___________[0m
Apr 27, 2026 7:59:31 PM dev.robocode.tankroyale.runner.internal.ServerManager startStdoutReader$lambda$0$0$0
INFO: [SERVER] [1m[38;5;102m _[0m[1m[38;5;21m/[0m[1m[38;5;102m_[0m[1m[38;5;21m________________________________[0m[1m[38;5;102m_[0m[1m[38;5;21m\[0m[1m[38;5;102m_[0m
Apr 27, 2026 7:59:31 PM dev.robocode.tankroyale.runner.internal.ServerManager startStdoutReader$lambda$0$0$0
INFO: [SERVER] [1m[38;5;102m/ _ ) ___  ___  ___  ___  ___  ___ / ,_|[0m
Apr 27, 2026 7:59:31 PM dev.robocode.tankroyale.runner.internal.ServerManager startStdoutReader$lambda$0$0$0
INFO: [SERVER] [1m[38;5;102m\_\_\/ _ \| __)/ _ \/ __// _ \| _ \\__|[0m
Apr 27, 2026 7:59:31 PM dev.robocode.tankroyale.runner.internal.ServerManager startStdoutReader$lambda$0$0$0
INFO: [SERVER] [1m[38;5;102m     \___/|___)\___/\___|\___/|___/[0m
Apr 27, 2026 7:59:31 PM dev.robocode.tankroyale.runner.internal.ServerManager startStdoutReader$lambda$0$0$0
INFO: [SERVER] 
Apr 27, 2026 7:59:31 PM dev.robocode.tankroyale.runner.internal.ServerManager startStdoutReader$lambda$0$0$0
INFO: [SERVER] [1m[32m          Robocode Tank Royale[0m
Apr 27, 2026 7:59:31 PM dev.robocode.tankroyale.runner.internal.ServerManager startStdoutReader$lambda$0$0$0
INFO: [SERVER] 
Apr 27, 2026 7:59:31 PM dev.robocode.tankroyale.runner.internal.ServerManager startStdoutReader$lambda$0$0$0
INFO: [SERVER] Robocode Tank Royale Server 0.38.2
Apr 27, 2026 7:59:31 PM dev.robocode.tankroyale.runner.internal.ServerManager startStdoutReader$lambda$0$0$0
INFO: [SERVER] 2026-04-27 19:59:31.130 [32m[INFO][39m Server secrets: [32mENABLED[39m (controllers=1, bots=1)
Apr 27, 2026 7:59:31 PM dev.robocode.tankroyale.runner.internal.ServerManager startStdoutReader$lambda$0$0$0
INFO: [SERVER] 2026-04-27 19:59:31.169 [32m[INFO][39m Starting server on port 61487 with supporting game type(s): classic
Apr 27, 2026 7:59:31 PM dev.robocode.tankroyale.runner.internal.ServerManager startStdoutReader$lambda$0$0$0
INFO: [SERVER] 2026-04-27 19:59:31.769 [32m[INFO][39m Observer joined: Robocode Tank Royale Battle Runner 0.38.2
Apr 27, 2026 7:59:31 PM dev.robocode.tankroyale.runner.BattleRunner startBattleAsync
INFO: Booting bots...
Apr 27, 2026 7:59:31 PM dev.robocode.tankroyale.runner.internal.ServerManager startStdoutReader$lambda$0$0$0
INFO: [SERVER] 2026-04-27 19:59:31.771 [32m[INFO][39m Controller joined: Robocode Tank Royale Battle Runner 0.38.2
Apr 27, 2026 7:59:32 PM dev.robocode.tankroyale.runner.internal.BooterManager startStdoutReader$lambda$0$0$0
INFO: [BOOTER] 7754;/Users/jacobbecker/CPS485_RoboCode/logs/_runtime_bots/20260427_164525/train_sarsa_suite/sarsa_vs_meleedqn/SarsaBot
Apr 27, 2026 7:59:32 PM dev.robocode.tankroyale.runner.internal.BooterManager startStdoutReader$lambda$0$0$0
INFO: [BOOTER] 7755;/Users/jacobbecker/CPS485_RoboCode/logs/_runtime_bots/20260427_164525/train_sarsa_suite/sarsa_vs_meleedqn/MeleeDQN
Apr 27, 2026 7:59:32 PM dev.robocode.tankroyale.runner.internal.ServerManager startStdoutReader$lambda$0$0$0
INFO: [SERVER] 2026-04-27 19:59:32.426 [32m[INFO][39m Bot joined: SarsaBot 1.0
Apr 27, 2026 7:59:34 PM dev.robocode.tankroyale.runner.internal.ServerManager startStdoutReader$lambda$0$0$0
INFO: [SERVER] 2026-04-27 19:59:34.363 [32m[INFO][39m Bot joined: MeleeDQN 1.0.0
Apr 27, 2026 7:59:34 PM dev.robocode.tankroyale.runner.BattleRunner startBattleAsync
INFO: Starting game...
Apr 27, 2026 7:59:34 PM dev.robocode.tankroyale.runner.internal.ServerManager startStdoutReader$lambda$0$0$0
INFO: [SERVER] 2026-04-27 19:59:34.380 [32m[INFO][39m Bot ready: SarsaBot 1.0
Apr 27, 2026 7:59:34 PM dev.robocode.tankroyale.runner.internal.ServerManager startStdoutReader$lambda$0$0$0
INFO: [SERVER] 2026-04-27 19:59:34.380 [32m[INFO][39m Bot ready: MeleeDQN 1.0.0
Apr 27, 2026 7:59:34 PM dev.robocode.tankroyale.runner.internal.ServerManager startStdoutReader$lambda$0$0$0
INFO: [SERVER] 2026-04-27 19:59:34.381 [32m[INFO][39m Starting game
Apr 27, 2026 7:59:34 PM dev.robocode.tankroyale.runner.BattleRunner startBattleAsync
INFO: Battle started successfully
Apr 27, 2026 8:06:57 PM dev.robocode.tankroyale.runner.internal.ServerManager startStdoutReader$lambda$0$0$0
INFO: [SERVER] 2026-04-27 20:06:57.385 [32m[INFO][39m Game ended
Apr 27, 2026 8:06:57 PM dev.robocode.tankroyale.runner.BattleRunner startBattleAsync$lambda$7
INFO: Battle finished, cleaning up...
Apr 27, 2026 8:06:57 PM dev.robocode.tankroyale.runner.internal.ServerManager startStdoutReader$lambda$0$0$0
INFO: [SERVER] 2026-04-27 20:06:57.396 [32m[INFO][39m Bot left: SarsaBot 1.0
Apr 27, 2026 8:06:57 PM dev.robocode.tankroyale.runner.internal.BooterManager startStdoutReader$lambda$0$0$0
INFO: [BOOTER] stopped 7754
Apr 27, 2026 8:06:57 PM dev.robocode.tankroyale.runner.internal.ServerManager startStdoutReader$lambda$0$0$0
INFO: [SERVER] 2026-04-27 20:06:57.401 [32m[INFO][39m Bot left: MeleeDQN 1.0.0
Apr 27, 2026 8:06:57 PM dev.robocode.tankroyale.runner.internal.ServerManager startStdoutReader$lambda$0$0$0
INFO: [SERVER] 2026-04-27 20:06:57.408 [32m[INFO][39m Observer left: Robocode Tank Royale Battle Runner 0.38.2
Apr 27, 2026 8:06:57 PM dev.robocode.tankroyale.runner.internal.ServerManager startStdoutReader$lambda$0$0$0
INFO: [SERVER] 2026-04-27 20:06:57.408 [32m[INFO][39m Controller left: Robocode Tank Royale Battle Runner 0.38.2
Apr 27, 2026 8:06:57 PM dev.robocode.tankroyale.runner.internal.ServerManager startStdoutReader$lambda$0$0$0
INFO: [SERVER] 2026-04-27 20:06:57.410 [32m[INFO][39m Aborting game
Apr 27, 2026 8:06:57 PM dev.robocode.tankroyale.runner.internal.ServerManager startStdoutReader$lambda$0$0$0
INFO: [SERVER] 2026-04-27 20:06:57.410 [32m[INFO][39m Stopping server
[royale_harness] scenario=sarsa_vs_meleedqn config=/Users/jacobbecker/CPS485_RoboCode/configs/robocode/sarsa_vs_meleedqn.json
{"rounds":100,"arenaWidth":800,"arenaHeight":600,"results":[{"name":"SarsaBot","version":"1.0","rank":1,"totalScore":9673,"survivalScore":4450,"lastSurvivorBonus":890,"bulletDamageScore":3706,"bulletKillBonus":413,"ramDamageScore":199,"ramKillBonus":14,"firstPlaces":89,"secondPlaces":11,"thirdPlaces":0},{"name":"MeleeDQN","version":"1.0.0","rank":2,"totalScore":1048,"survivalScore":550,"lastSurvivorBonus":110,"bulletDamageScore":212,"bulletKillBonus":0,"ramDamageScore":176,"ramKillBonus":0,"firstPlaces":11,"secondPlaces":89,"thirdPlaces":0}]}
Apr 27, 2026 8:06:59 PM dev.robocode.tankroyale.runner.BattleRunner startBattleAsync
INFO: Starting battle: rounds=100, bots=2
Apr 27, 2026 8:06:59 PM dev.robocode.tankroyale.runner.internal.ServerManager startStdoutReader$lambda$0$0$0
INFO: [SERVER] [1m[38;5;21m              ___________[0m
Apr 27, 2026 8:06:59 PM dev.robocode.tankroyale.runner.internal.ServerManager startStdoutReader$lambda$0$0$0
INFO: [SERVER] [1m[38;5;21m             /           |[0m[1m[38;5;102m[[[]========((()[0m
Apr 27, 2026 8:06:59 PM dev.robocode.tankroyale.runner.internal.ServerManager startStdoutReader$lambda$0$0$0
INFO: [SERVER] [1m[38;5;21m   _________|____________|___________[0m
Apr 27, 2026 8:06:59 PM dev.robocode.tankroyale.runner.internal.ServerManager startStdoutReader$lambda$0$0$0
INFO: [SERVER] [1m[38;5;102m _[0m[1m[38;5;21m/[0m[1m[38;5;102m_[0m[1m[38;5;21m________________________________[0m[1m[38;5;102m_[0m[1m[38;5;21m\[0m[1m[38;5;102m_[0m
Apr 27, 2026 8:06:59 PM dev.robocode.tankroyale.runner.internal.ServerManager startStdoutReader$lambda$0$0$0
INFO: [SERVER] [1m[38;5;102m/ _ ) ___  ___  ___  ___  ___  ___ / ,_|[0m
Apr 27, 2026 8:06:59 PM dev.robocode.tankroyale.runner.internal.ServerManager startStdoutReader$lambda$0$0$0
INFO: [SERVER] [1m[38;5;102m\_\_\/ _ \| __)/ _ \/ __// _ \| _ \\__|[0m
Apr 27, 2026 8:06:59 PM dev.robocode.tankroyale.runner.internal.ServerManager startStdoutReader$lambda$0$0$0
INFO: [SERVER] [1m[38;5;102m     \___/|___)\___/\___|\___/|___/[0m
Apr 27, 2026 8:06:59 PM dev.robocode.tankroyale.runner.internal.ServerManager startStdoutReader$lambda$0$0$0
INFO: [SERVER] 
Apr 27, 2026 8:06:59 PM dev.robocode.tankroyale.runner.internal.ServerManager startStdoutReader$lambda$0$0$0
INFO: [SERVER] [1m[32m          Robocode Tank Royale[0m
Apr 27, 2026 8:06:59 PM dev.robocode.tankroyale.runner.internal.ServerManager startStdoutReader$lambda$0$0$0
INFO: [SERVER] 
Apr 27, 2026 8:06:59 PM dev.robocode.tankroyale.runner.internal.ServerManager startStdoutReader$lambda$0$0$0
INFO: [SERVER] Robocode Tank Royale Server 0.38.2
Apr 27, 2026 8:06:59 PM dev.robocode.tankroyale.runner.internal.ServerManager startStdoutReader$lambda$0$0$0
INFO: [SERVER] 2026-04-27 20:06:59.662 [32m[INFO][39m Server secrets: [32mENABLED[39m (controllers=1, bots=1)
Apr 27, 2026 8:06:59 PM dev.robocode.tankroyale.runner.internal.ServerManager startStdoutReader$lambda$0$0$0
INFO: [SERVER] 2026-04-27 20:06:59.701 [32m[INFO][39m Starting server on port 61599 with supporting game type(s): classic
Apr 27, 2026 8:07:00 PM dev.robocode.tankroyale.runner.internal.ServerManager startStdoutReader$lambda$0$0$0
INFO: [SERVER] 2026-04-27 20:07:00.294 [32m[INFO][39m Observer joined: Robocode Tank Royale Battle Runner 0.38.2
Apr 27, 2026 8:07:00 PM dev.robocode.tankroyale.runner.BattleRunner startBattleAsync
INFO: Booting bots...
Apr 27, 2026 8:07:00 PM dev.robocode.tankroyale.runner.internal.ServerManager startStdoutReader$lambda$0$0$0
INFO: [SERVER] 2026-04-27 20:07:00.296 [32m[INFO][39m Controller joined: Robocode Tank Royale Battle Runner 0.38.2
Apr 27, 2026 8:07:00 PM dev.robocode.tankroyale.runner.internal.BooterManager startStdoutReader$lambda$0$0$0
INFO: [BOOTER] 7762;/Users/jacobbecker/CPS485_RoboCode/logs/_runtime_bots/20260427_164525/train_sarsa_suite/sarsa_vs_ppobot/SarsaBot
Apr 27, 2026 8:07:00 PM dev.robocode.tankroyale.runner.internal.BooterManager startStdoutReader$lambda$0$0$0
INFO: [BOOTER] 7763;/Users/jacobbecker/CPS485_RoboCode/logs/_runtime_bots/20260427_164525/train_sarsa_suite/sarsa_vs_ppobot/PPOBot
Apr 27, 2026 8:07:00 PM dev.robocode.tankroyale.runner.internal.ServerManager startStdoutReader$lambda$0$0$0
INFO: [SERVER] 2026-04-27 20:07:00.945 [32m[INFO][39m Bot joined: SarsaBot 1.0
Apr 27, 2026 8:07:02 PM dev.robocode.tankroyale.runner.internal.ServerManager startStdoutReader$lambda$0$0$0
INFO: [SERVER] 2026-04-27 20:07:02.866 [32m[INFO][39m Bot joined: PPOBot 1.0
Apr 27, 2026 8:07:02 PM dev.robocode.tankroyale.runner.BattleRunner startBattleAsync
INFO: Starting game...
Apr 27, 2026 8:07:02 PM dev.robocode.tankroyale.runner.internal.ServerManager startStdoutReader$lambda$0$0$0
INFO: [SERVER] 2026-04-27 20:07:02.883 [32m[INFO][39m Bot ready: PPOBot 1.0
Apr 27, 2026 8:07:02 PM dev.robocode.tankroyale.runner.internal.ServerManager startStdoutReader$lambda$0$0$0
INFO: [SERVER] 2026-04-27 20:07:02.883 [32m[INFO][39m Bot ready: SarsaBot 1.0
Apr 27, 2026 8:07:02 PM dev.robocode.tankroyale.runner.internal.ServerManager startStdoutReader$lambda$0$0$0
INFO: [SERVER] 2026-04-27 20:07:02.884 [32m[INFO][39m Starting game
Apr 27, 2026 8:07:02 PM dev.robocode.tankroyale.runner.BattleRunner startBattleAsync
INFO: Battle started successfully
Apr 27, 2026 8:13:36 PM dev.robocode.tankroyale.runner.internal.ServerManager startStdoutReader$lambda$0$0$0
INFO: [SERVER] 2026-04-27 20:13:36.303 [32m[INFO][39m Game ended
Apr 27, 2026 8:13:36 PM dev.robocode.tankroyale.runner.BattleRunner startBattleAsync$lambda$7
INFO: Battle finished, cleaning up...
Apr 27, 2026 8:13:36 PM dev.robocode.tankroyale.runner.internal.ServerManager startStdoutReader$lambda$0$0$0
INFO: [SERVER] 2026-04-27 20:13:36.314 [32m[INFO][39m Bot left: SarsaBot 1.0
Apr 27, 2026 8:13:36 PM dev.robocode.tankroyale.runner.internal.BooterManager startStdoutReader$lambda$0$0$0
INFO: [BOOTER] stopped 7762
Apr 27, 2026 8:13:36 PM dev.robocode.tankroyale.runner.internal.BooterManager startStdoutReader$lambda$0$0$0
INFO: [BOOTER] stopped 7762
Apr 27, 2026 8:13:36 PM dev.robocode.tankroyale.runner.internal.ServerManager startStdoutReader$lambda$0$0$0
INFO: [SERVER] 2026-04-27 20:13:36.318 [32m[INFO][39m Bot left: PPOBot 1.0
Apr 27, 2026 8:13:36 PM dev.robocode.tankroyale.runner.internal.ServerManager startStdoutReader$lambda$0$0$0
INFO: [SERVER] 2026-04-27 20:13:36.323 [32m[INFO][39m Observer left: Robocode Tank Royale Battle Runner 0.38.2
Apr 27, 2026 8:13:36 PM dev.robocode.tankroyale.runner.internal.ServerManager startStdoutReader$lambda$0$0$0
INFO: [SERVER] 2026-04-27 20:13:36.324 [32m[INFO][39m Controller left: Robocode Tank Royale Battle Runner 0.38.2
Apr 27, 2026 8:13:36 PM dev.robocode.tankroyale.runner.internal.ServerManager startStdoutReader$lambda$0$0$0
INFO: [SERVER] 2026-04-27 20:13:36.324 [32m[INFO][39m Aborting game
Apr 27, 2026 8:13:36 PM dev.robocode.tankroyale.runner.internal.ServerManager startStdoutReader$lambda$0$0$0
INFO: [SERVER] 2026-04-27 20:13:36.325 [32m[INFO][39m Stopping server
[royale_harness] scenario=sarsa_vs_ppobot config=/Users/jacobbecker/CPS485_RoboCode/configs/robocode/sarsa_vs_ppobot.json
{"rounds":100,"arenaWidth":800,"arenaHeight":600,"results":[{"name":"SarsaBot","version":"1.0","rank":1,"totalScore":15139,"survivalScore":4400,"lastSurvivorBonus":880,"bulletDamageScore":8128,"bulletKillBonus":1542,"ramDamageScore":188,"ramKillBonus":0,"firstPlaces":88,"secondPlaces":12,"thirdPlaces":0},{"name":"PPOBot","version":"1.0","rank":2,"totalScore":3766,"survivalScore":600,"lastSurvivorBonus":120,"bulletDamageScore":2690,"bulletKillBonus":228,"ramDamageScore":128,"ramKillBonus":0,"firstPlaces":12,"secondPlaces":88,"thirdPlaces":0}]}
JSONL_PATH=/Users/jacobbecker/CPS485_RoboCode/logs/train_sarsa_suite_20260427_164525.jsonl
